[2023-10-11T19:27:11.678+0000] {taskinstance.py:1157} INFO - Dependencies all met for dep_context=non-requeueable deps ti=<TaskInstance: wikipedia_etl.raw scheduled__2023-10-06T00:00:00+00:00 [queued]>
[2023-10-11T19:27:11.694+0000] {taskinstance.py:1157} INFO - Dependencies all met for dep_context=requeueable deps ti=<TaskInstance: wikipedia_etl.raw scheduled__2023-10-06T00:00:00+00:00 [queued]>
[2023-10-11T19:27:11.698+0000] {taskinstance.py:1359} INFO - Starting attempt 1 of 3
[2023-10-11T19:27:11.818+0000] {taskinstance.py:1380} INFO - Executing <Task(PythonOperator): raw> on 2023-10-06 00:00:00+00:00
[2023-10-11T19:27:11.823+0000] {standard_task_runner.py:57} INFO - Started process 91 to run task
[2023-10-11T19:27:11.860+0000] {standard_task_runner.py:84} INFO - Running: ['***', 'tasks', 'run', 'wikipedia_etl', 'raw', 'scheduled__2023-10-06T00:00:00+00:00', '--job-id', '8', '--raw', '--subdir', 'DAGS_FOLDER/wikipedia_etl.py', '--cfg-path', '/tmp/tmpn9cqlywv']
[2023-10-11T19:27:11.863+0000] {standard_task_runner.py:85} INFO - Job 8: Subtask raw
[2023-10-11T19:27:12.072+0000] {task_command.py:415} INFO - Running <TaskInstance: wikipedia_etl.raw scheduled__2023-10-06T00:00:00+00:00 [running]> on host f711e14c143e
[2023-10-11T19:27:12.329+0000] {taskinstance.py:1660} INFO - Exporting env vars: AIRFLOW_CTX_DAG_OWNER='***' AIRFLOW_CTX_DAG_ID='wikipedia_etl' AIRFLOW_CTX_TASK_ID='raw' AIRFLOW_CTX_EXECUTION_DATE='2023-10-06T00:00:00+00:00' AIRFLOW_CTX_TRY_NUMBER='1' AIRFLOW_CTX_DAG_RUN_ID='scheduled__2023-10-06T00:00:00+00:00'
[2023-10-11T19:27:38.814+0000] {python.py:194} INFO - Done. Returned value was: None
[2023-10-11T19:27:38.837+0000] {taskinstance.py:1398} INFO - Marking task as SUCCESS. dag_id=wikipedia_etl, task_id=raw, execution_date=20231006T000000, start_date=20231011T192711, end_date=20231011T192738
[2023-10-11T19:27:38.892+0000] {local_task_job_runner.py:228} INFO - Task exited with return code 0
[2023-10-11T19:27:38.929+0000] {taskinstance.py:2776} INFO - 1 downstream tasks scheduled from follow-on schedule check
[2023-10-11T19:33:40.084+0000] {taskinstance.py:1157} INFO - Dependencies all met for dep_context=non-requeueable deps ti=<TaskInstance: wikipedia_etl.raw scheduled__2023-10-06T00:00:00+00:00 [queued]>
[2023-10-11T19:33:40.090+0000] {taskinstance.py:1157} INFO - Dependencies all met for dep_context=requeueable deps ti=<TaskInstance: wikipedia_etl.raw scheduled__2023-10-06T00:00:00+00:00 [queued]>
[2023-10-11T19:33:40.090+0000] {taskinstance.py:1359} INFO - Starting attempt 1 of 3
[2023-10-11T19:33:40.100+0000] {taskinstance.py:1380} INFO - Executing <Task(PythonOperator): raw> on 2023-10-06 00:00:00+00:00
[2023-10-11T19:33:40.105+0000] {standard_task_runner.py:57} INFO - Started process 2162 to run task
[2023-10-11T19:33:40.107+0000] {standard_task_runner.py:84} INFO - Running: ['***', 'tasks', 'run', 'wikipedia_etl', 'raw', 'scheduled__2023-10-06T00:00:00+00:00', '--job-id', '33', '--raw', '--subdir', 'DAGS_FOLDER/wikipedia_etl.py', '--cfg-path', '/tmp/tmpyb610rqi']
[2023-10-11T19:33:40.109+0000] {standard_task_runner.py:85} INFO - Job 33: Subtask raw
[2023-10-11T19:33:40.146+0000] {task_command.py:415} INFO - Running <TaskInstance: wikipedia_etl.raw scheduled__2023-10-06T00:00:00+00:00 [running]> on host f711e14c143e
[2023-10-11T19:33:40.206+0000] {taskinstance.py:1660} INFO - Exporting env vars: AIRFLOW_CTX_DAG_OWNER='***' AIRFLOW_CTX_DAG_ID='wikipedia_etl' AIRFLOW_CTX_TASK_ID='raw' AIRFLOW_CTX_EXECUTION_DATE='2023-10-06T00:00:00+00:00' AIRFLOW_CTX_TRY_NUMBER='1' AIRFLOW_CTX_DAG_RUN_ID='scheduled__2023-10-06T00:00:00+00:00'
[2023-10-11T19:33:44.031+0000] {python.py:194} INFO - Done. Returned value was: None
[2023-10-11T19:33:44.042+0000] {taskinstance.py:1398} INFO - Marking task as SUCCESS. dag_id=wikipedia_etl, task_id=raw, execution_date=20231006T000000, start_date=20231011T193340, end_date=20231011T193344
[2023-10-11T19:33:44.065+0000] {local_task_job_runner.py:228} INFO - Task exited with return code 0
[2023-10-11T19:33:44.080+0000] {taskinstance.py:2776} INFO - 1 downstream tasks scheduled from follow-on schedule check
[2023-10-11T19:49:14.386+0000] {taskinstance.py:1157} INFO - Dependencies all met for dep_context=non-requeueable deps ti=<TaskInstance: wikipedia_etl.raw scheduled__2023-10-06T00:00:00+00:00 [queued]>
[2023-10-11T19:49:14.394+0000] {taskinstance.py:1157} INFO - Dependencies all met for dep_context=requeueable deps ti=<TaskInstance: wikipedia_etl.raw scheduled__2023-10-06T00:00:00+00:00 [queued]>
[2023-10-11T19:49:14.394+0000] {taskinstance.py:1359} INFO - Starting attempt 1 of 3
[2023-10-11T19:49:14.408+0000] {taskinstance.py:1380} INFO - Executing <Task(PythonOperator): raw> on 2023-10-06 00:00:00+00:00
[2023-10-11T19:49:14.413+0000] {standard_task_runner.py:57} INFO - Started process 4870 to run task
[2023-10-11T19:49:14.417+0000] {standard_task_runner.py:84} INFO - Running: ['***', 'tasks', 'run', 'wikipedia_etl', 'raw', 'scheduled__2023-10-06T00:00:00+00:00', '--job-id', '53', '--raw', '--subdir', 'DAGS_FOLDER/wikipedia_etl.py', '--cfg-path', '/tmp/tmpx4y2anv6']
[2023-10-11T19:49:14.419+0000] {standard_task_runner.py:85} INFO - Job 53: Subtask raw
[2023-10-11T19:49:14.458+0000] {task_command.py:415} INFO - Running <TaskInstance: wikipedia_etl.raw scheduled__2023-10-06T00:00:00+00:00 [running]> on host f711e14c143e
[2023-10-11T19:49:14.521+0000] {taskinstance.py:1660} INFO - Exporting env vars: AIRFLOW_CTX_DAG_OWNER='***' AIRFLOW_CTX_DAG_ID='wikipedia_etl' AIRFLOW_CTX_TASK_ID='raw' AIRFLOW_CTX_EXECUTION_DATE='2023-10-06T00:00:00+00:00' AIRFLOW_CTX_TRY_NUMBER='1' AIRFLOW_CTX_DAG_RUN_ID='scheduled__2023-10-06T00:00:00+00:00'
[2023-10-11T19:49:18.289+0000] {python.py:194} INFO - Done. Returned value was: None
[2023-10-11T19:49:18.297+0000] {taskinstance.py:1398} INFO - Marking task as SUCCESS. dag_id=wikipedia_etl, task_id=raw, execution_date=20231006T000000, start_date=20231011T194914, end_date=20231011T194918
[2023-10-11T19:49:18.331+0000] {local_task_job_runner.py:228} INFO - Task exited with return code 0
[2023-10-11T19:49:18.349+0000] {taskinstance.py:2776} INFO - 1 downstream tasks scheduled from follow-on schedule check
[2023-10-13T17:20:37.293+0000] {taskinstance.py:1157} INFO - Dependencies all met for dep_context=non-requeueable deps ti=<TaskInstance: wikipedia_etl.raw scheduled__2023-10-06T00:00:00+00:00 [queued]>
[2023-10-13T17:20:37.299+0000] {taskinstance.py:1157} INFO - Dependencies all met for dep_context=requeueable deps ti=<TaskInstance: wikipedia_etl.raw scheduled__2023-10-06T00:00:00+00:00 [queued]>
[2023-10-13T17:20:37.299+0000] {taskinstance.py:1359} INFO - Starting attempt 1 of 3
[2023-10-13T17:20:37.311+0000] {taskinstance.py:1380} INFO - Executing <Task(PythonOperator): raw> on 2023-10-06 00:00:00+00:00
[2023-10-13T17:20:37.318+0000] {standard_task_runner.py:57} INFO - Started process 1326 to run task
[2023-10-13T17:20:37.320+0000] {standard_task_runner.py:84} INFO - Running: ['***', 'tasks', 'run', 'wikipedia_etl', 'raw', 'scheduled__2023-10-06T00:00:00+00:00', '--job-id', '13', '--raw', '--subdir', 'DAGS_FOLDER/wikipedia_etl.py', '--cfg-path', '/tmp/tmpmnx6x_2p']
[2023-10-13T17:20:37.323+0000] {standard_task_runner.py:85} INFO - Job 13: Subtask raw
[2023-10-13T17:20:37.359+0000] {task_command.py:415} INFO - Running <TaskInstance: wikipedia_etl.raw scheduled__2023-10-06T00:00:00+00:00 [running]> on host feba906f3341
[2023-10-13T17:20:37.416+0000] {taskinstance.py:1660} INFO - Exporting env vars: AIRFLOW_CTX_DAG_OWNER='***' AIRFLOW_CTX_DAG_ID='wikipedia_etl' AIRFLOW_CTX_TASK_ID='raw' AIRFLOW_CTX_EXECUTION_DATE='2023-10-06T00:00:00+00:00' AIRFLOW_CTX_TRY_NUMBER='1' AIRFLOW_CTX_DAG_RUN_ID='scheduled__2023-10-06T00:00:00+00:00'
[2023-10-13T17:20:41.864+0000] {python.py:194} INFO - Done. Returned value was: None
[2023-10-13T17:20:41.871+0000] {taskinstance.py:1398} INFO - Marking task as SUCCESS. dag_id=wikipedia_etl, task_id=raw, execution_date=20231006T000000, start_date=20231013T172037, end_date=20231013T172041
[2023-10-13T17:20:41.916+0000] {local_task_job_runner.py:228} INFO - Task exited with return code 0
[2023-10-13T17:20:41.935+0000] {taskinstance.py:2776} INFO - 1 downstream tasks scheduled from follow-on schedule check
[2023-10-16T11:28:02.768+0000] {taskinstance.py:1157} INFO - Dependencies all met for dep_context=non-requeueable deps ti=<TaskInstance: wikipedia_etl.raw scheduled__2023-10-06T00:00:00+00:00 [queued]>
[2023-10-16T11:28:02.782+0000] {taskinstance.py:1157} INFO - Dependencies all met for dep_context=requeueable deps ti=<TaskInstance: wikipedia_etl.raw scheduled__2023-10-06T00:00:00+00:00 [queued]>
[2023-10-16T11:28:02.782+0000] {taskinstance.py:1359} INFO - Starting attempt 1 of 3
[2023-10-16T11:28:02.806+0000] {taskinstance.py:1380} INFO - Executing <Task(PythonOperator): raw> on 2023-10-06 00:00:00+00:00
[2023-10-16T11:28:02.815+0000] {standard_task_runner.py:57} INFO - Started process 1307 to run task
[2023-10-16T11:28:02.820+0000] {standard_task_runner.py:84} INFO - Running: ['***', 'tasks', 'run', 'wikipedia_etl', 'raw', 'scheduled__2023-10-06T00:00:00+00:00', '--job-id', '13', '--raw', '--subdir', 'DAGS_FOLDER/wikipedia_etl.py', '--cfg-path', '/tmp/tmpa7bdyr7t']
[2023-10-16T11:28:02.823+0000] {standard_task_runner.py:85} INFO - Job 13: Subtask raw
[2023-10-16T11:28:02.880+0000] {task_command.py:415} INFO - Running <TaskInstance: wikipedia_etl.raw scheduled__2023-10-06T00:00:00+00:00 [running]> on host ab44499fca46
[2023-10-16T11:28:02.994+0000] {taskinstance.py:1660} INFO - Exporting env vars: AIRFLOW_CTX_DAG_OWNER='***' AIRFLOW_CTX_DAG_ID='wikipedia_etl' AIRFLOW_CTX_TASK_ID='raw' AIRFLOW_CTX_EXECUTION_DATE='2023-10-06T00:00:00+00:00' AIRFLOW_CTX_TRY_NUMBER='1' AIRFLOW_CTX_DAG_RUN_ID='scheduled__2023-10-06T00:00:00+00:00'
[2023-10-16T11:28:07.440+0000] {python.py:194} INFO - Done. Returned value was: None
[2023-10-16T11:28:07.449+0000] {taskinstance.py:1398} INFO - Marking task as SUCCESS. dag_id=wikipedia_etl, task_id=raw, execution_date=20231006T000000, start_date=20231016T112802, end_date=20231016T112807
[2023-10-16T11:28:07.486+0000] {local_task_job_runner.py:228} INFO - Task exited with return code 0
[2023-10-16T11:28:07.508+0000] {taskinstance.py:2776} INFO - 1 downstream tasks scheduled from follow-on schedule check
[2023-10-16T19:11:13.653+0000] {taskinstance.py:1157} INFO - Dependencies all met for dep_context=non-requeueable deps ti=<TaskInstance: wikipedia_etl.raw scheduled__2023-10-06T00:00:00+00:00 [queued]>
[2023-10-16T19:11:13.660+0000] {taskinstance.py:1157} INFO - Dependencies all met for dep_context=requeueable deps ti=<TaskInstance: wikipedia_etl.raw scheduled__2023-10-06T00:00:00+00:00 [queued]>
[2023-10-16T19:11:13.661+0000] {taskinstance.py:1359} INFO - Starting attempt 1 of 3
[2023-10-16T19:11:13.674+0000] {taskinstance.py:1380} INFO - Executing <Task(PythonOperator): raw> on 2023-10-06 00:00:00+00:00
[2023-10-16T19:11:13.681+0000] {standard_task_runner.py:57} INFO - Started process 1276 to run task
[2023-10-16T19:11:13.684+0000] {standard_task_runner.py:84} INFO - Running: ['***', 'tasks', 'run', 'wikipedia_etl', 'raw', 'scheduled__2023-10-06T00:00:00+00:00', '--job-id', '13', '--raw', '--subdir', 'DAGS_FOLDER/wikipedia_etl.py', '--cfg-path', '/tmp/tmp_wibgz3y']
[2023-10-16T19:11:13.687+0000] {standard_task_runner.py:85} INFO - Job 13: Subtask raw
[2023-10-16T19:11:13.726+0000] {task_command.py:415} INFO - Running <TaskInstance: wikipedia_etl.raw scheduled__2023-10-06T00:00:00+00:00 [running]> on host 3522330161cc
[2023-10-16T19:11:13.791+0000] {taskinstance.py:1660} INFO - Exporting env vars: AIRFLOW_CTX_DAG_OWNER='***' AIRFLOW_CTX_DAG_ID='wikipedia_etl' AIRFLOW_CTX_TASK_ID='raw' AIRFLOW_CTX_EXECUTION_DATE='2023-10-06T00:00:00+00:00' AIRFLOW_CTX_TRY_NUMBER='1' AIRFLOW_CTX_DAG_RUN_ID='scheduled__2023-10-06T00:00:00+00:00'
[2023-10-16T19:11:17.791+0000] {python.py:194} INFO - Done. Returned value was: None
[2023-10-16T19:11:17.802+0000] {taskinstance.py:1398} INFO - Marking task as SUCCESS. dag_id=wikipedia_etl, task_id=raw, execution_date=20231006T000000, start_date=20231016T191113, end_date=20231016T191117
[2023-10-16T19:11:17.834+0000] {local_task_job_runner.py:228} INFO - Task exited with return code 0
[2023-10-16T19:11:17.849+0000] {taskinstance.py:2776} INFO - 1 downstream tasks scheduled from follow-on schedule check
