[2023-10-13T17:25:16.813+0000] {taskinstance.py:1157} INFO - Dependencies all met for dep_context=non-requeueable deps ti=<TaskInstance: wikipedia_etl.trusted scheduled__2023-10-12T00:00:00+00:00 [queued]>
[2023-10-13T17:25:16.820+0000] {taskinstance.py:1157} INFO - Dependencies all met for dep_context=requeueable deps ti=<TaskInstance: wikipedia_etl.trusted scheduled__2023-10-12T00:00:00+00:00 [queued]>
[2023-10-13T17:25:16.821+0000] {taskinstance.py:1359} INFO - Starting attempt 1 of 3
[2023-10-13T17:25:16.832+0000] {taskinstance.py:1380} INFO - Executing <Task(PythonOperator): trusted> on 2023-10-12 00:00:00+00:00
[2023-10-13T17:25:16.840+0000] {standard_task_runner.py:57} INFO - Started process 2809 to run task
[2023-10-13T17:25:16.843+0000] {standard_task_runner.py:84} INFO - Running: ['***', 'tasks', 'run', 'wikipedia_etl', 'trusted', 'scheduled__2023-10-12T00:00:00+00:00', '--job-id', '26', '--raw', '--subdir', 'DAGS_FOLDER/wikipedia_etl.py', '--cfg-path', '/tmp/tmp0_3x_tah']
[2023-10-13T17:25:16.845+0000] {standard_task_runner.py:85} INFO - Job 26: Subtask trusted
[2023-10-13T17:25:16.886+0000] {task_command.py:415} INFO - Running <TaskInstance: wikipedia_etl.trusted scheduled__2023-10-12T00:00:00+00:00 [running]> on host feba906f3341
[2023-10-13T17:25:16.955+0000] {taskinstance.py:1660} INFO - Exporting env vars: AIRFLOW_CTX_DAG_OWNER='***' AIRFLOW_CTX_DAG_ID='wikipedia_etl' AIRFLOW_CTX_TASK_ID='trusted' AIRFLOW_CTX_EXECUTION_DATE='2023-10-12T00:00:00+00:00' AIRFLOW_CTX_TRY_NUMBER='1' AIRFLOW_CTX_DAG_RUN_ID='scheduled__2023-10-12T00:00:00+00:00'
[2023-10-13T17:25:57.171+0000] {python.py:194} INFO - Done. Returned value was: None
[2023-10-13T17:25:57.181+0000] {taskinstance.py:1398} INFO - Marking task as SUCCESS. dag_id=wikipedia_etl, task_id=trusted, execution_date=20231012T000000, start_date=20231013T172516, end_date=20231013T172557
[2023-10-13T17:25:57.210+0000] {local_task_job_runner.py:228} INFO - Task exited with return code 0
[2023-10-13T17:25:57.222+0000] {taskinstance.py:2776} INFO - 0 downstream tasks scheduled from follow-on schedule check
[2023-10-16T11:32:14.791+0000] {taskinstance.py:1157} INFO - Dependencies all met for dep_context=non-requeueable deps ti=<TaskInstance: wikipedia_etl.trusted scheduled__2023-10-12T00:00:00+00:00 [queued]>
[2023-10-16T11:32:14.798+0000] {taskinstance.py:1157} INFO - Dependencies all met for dep_context=requeueable deps ti=<TaskInstance: wikipedia_etl.trusted scheduled__2023-10-12T00:00:00+00:00 [queued]>
[2023-10-16T11:32:14.798+0000] {taskinstance.py:1359} INFO - Starting attempt 1 of 3
[2023-10-16T11:32:14.809+0000] {taskinstance.py:1380} INFO - Executing <Task(PythonOperator): trusted> on 2023-10-12 00:00:00+00:00
[2023-10-16T11:32:14.814+0000] {standard_task_runner.py:57} INFO - Started process 2847 to run task
[2023-10-16T11:32:14.816+0000] {standard_task_runner.py:84} INFO - Running: ['***', 'tasks', 'run', 'wikipedia_etl', 'trusted', 'scheduled__2023-10-12T00:00:00+00:00', '--job-id', '26', '--raw', '--subdir', 'DAGS_FOLDER/wikipedia_etl.py', '--cfg-path', '/tmp/tmp_2e7e8n_']
[2023-10-16T11:32:14.818+0000] {standard_task_runner.py:85} INFO - Job 26: Subtask trusted
[2023-10-16T11:32:14.851+0000] {task_command.py:415} INFO - Running <TaskInstance: wikipedia_etl.trusted scheduled__2023-10-12T00:00:00+00:00 [running]> on host ab44499fca46
[2023-10-16T11:32:14.909+0000] {taskinstance.py:1660} INFO - Exporting env vars: AIRFLOW_CTX_DAG_OWNER='***' AIRFLOW_CTX_DAG_ID='wikipedia_etl' AIRFLOW_CTX_TASK_ID='trusted' AIRFLOW_CTX_EXECUTION_DATE='2023-10-12T00:00:00+00:00' AIRFLOW_CTX_TRY_NUMBER='1' AIRFLOW_CTX_DAG_RUN_ID='scheduled__2023-10-12T00:00:00+00:00'
[2023-10-16T11:32:45.172+0000] {python.py:194} INFO - Done. Returned value was: None
[2023-10-16T11:32:45.183+0000] {taskinstance.py:1398} INFO - Marking task as SUCCESS. dag_id=wikipedia_etl, task_id=trusted, execution_date=20231012T000000, start_date=20231016T113214, end_date=20231016T113245
[2023-10-16T11:32:45.219+0000] {local_task_job_runner.py:228} INFO - Task exited with return code 0
[2023-10-16T11:32:45.231+0000] {taskinstance.py:2776} INFO - 0 downstream tasks scheduled from follow-on schedule check
