[2023-10-11T19:27:21.558+0000] {taskinstance.py:1157} INFO - Dependencies all met for dep_context=non-requeueable deps ti=<TaskInstance: wikipedia_etl.trusted scheduled__2023-10-07T00:00:00+00:00 [queued]>
[2023-10-11T19:27:21.567+0000] {taskinstance.py:1157} INFO - Dependencies all met for dep_context=requeueable deps ti=<TaskInstance: wikipedia_etl.trusted scheduled__2023-10-07T00:00:00+00:00 [queued]>
[2023-10-11T19:27:21.568+0000] {taskinstance.py:1359} INFO - Starting attempt 1 of 3
[2023-10-11T19:27:21.584+0000] {taskinstance.py:1380} INFO - Executing <Task(PythonOperator): trusted> on 2023-10-07 00:00:00+00:00
[2023-10-11T19:27:21.590+0000] {standard_task_runner.py:57} INFO - Started process 229 to run task
[2023-10-11T19:27:21.594+0000] {standard_task_runner.py:84} INFO - Running: ['***', 'tasks', 'run', 'wikipedia_etl', 'trusted', 'scheduled__2023-10-07T00:00:00+00:00', '--job-id', '13', '--raw', '--subdir', 'DAGS_FOLDER/wikipedia_etl.py', '--cfg-path', '/tmp/tmpd2wrbsqx']
[2023-10-11T19:27:21.597+0000] {standard_task_runner.py:85} INFO - Job 13: Subtask trusted
[2023-10-11T19:27:21.663+0000] {task_command.py:415} INFO - Running <TaskInstance: wikipedia_etl.trusted scheduled__2023-10-07T00:00:00+00:00 [running]> on host f711e14c143e
[2023-10-11T19:27:21.849+0000] {taskinstance.py:1660} INFO - Exporting env vars: AIRFLOW_CTX_DAG_OWNER='***' AIRFLOW_CTX_DAG_ID='wikipedia_etl' AIRFLOW_CTX_TASK_ID='trusted' AIRFLOW_CTX_EXECUTION_DATE='2023-10-07T00:00:00+00:00' AIRFLOW_CTX_TRY_NUMBER='1' AIRFLOW_CTX_DAG_RUN_ID='scheduled__2023-10-07T00:00:00+00:00'
[2023-10-11T19:27:42.552+0000] {taskinstance.py:1935} ERROR - Task failed with exception
Traceback (most recent call last):
  File "/home/airflow/.local/lib/python3.8/site-packages/airflow/operators/python.py", line 192, in execute
    return_value = self.execute_callable()
  File "/home/airflow/.local/lib/python3.8/site-packages/airflow/operators/python.py", line 209, in execute_callable
    return self.python_callable(*self.op_args, **self.op_kwargs)
  File "/opt/airflow/dags/wikipedia_etl.py", line 133, in trusted
    sc = SparkContext(conf=conf)
  File "/home/airflow/.local/lib/python3.8/site-packages/pyspark/context.py", line 201, in __init__
    SparkContext._ensure_initialized(self, gateway=gateway, conf=conf)
  File "/home/airflow/.local/lib/python3.8/site-packages/pyspark/context.py", line 436, in _ensure_initialized
    SparkContext._gateway = gateway or launch_gateway(conf)
  File "/home/airflow/.local/lib/python3.8/site-packages/pyspark/java_gateway.py", line 107, in launch_gateway
    raise PySparkRuntimeError(
pyspark.errors.exceptions.base.PySparkRuntimeError: [JAVA_GATEWAY_EXITED] Java gateway process exited before sending its port number.
[2023-10-11T19:27:42.563+0000] {taskinstance.py:1398} INFO - Marking task as UP_FOR_RETRY. dag_id=wikipedia_etl, task_id=trusted, execution_date=20231007T000000, start_date=20231011T192721, end_date=20231011T192742
[2023-10-11T19:27:42.582+0000] {standard_task_runner.py:104} ERROR - Failed to execute job 13 for task trusted ([JAVA_GATEWAY_EXITED] Java gateway process exited before sending its port number.; 229)
[2023-10-11T19:27:42.660+0000] {local_task_job_runner.py:228} INFO - Task exited with return code 1
[2023-10-11T19:27:42.689+0000] {taskinstance.py:2776} INFO - 0 downstream tasks scheduled from follow-on schedule check
[2023-10-11T19:34:20.318+0000] {taskinstance.py:1157} INFO - Dependencies all met for dep_context=non-requeueable deps ti=<TaskInstance: wikipedia_etl.trusted scheduled__2023-10-07T00:00:00+00:00 [queued]>
[2023-10-11T19:34:20.325+0000] {taskinstance.py:1157} INFO - Dependencies all met for dep_context=requeueable deps ti=<TaskInstance: wikipedia_etl.trusted scheduled__2023-10-07T00:00:00+00:00 [queued]>
[2023-10-11T19:34:20.325+0000] {taskinstance.py:1359} INFO - Starting attempt 1 of 3
[2023-10-11T19:34:20.334+0000] {taskinstance.py:1380} INFO - Executing <Task(PythonOperator): trusted> on 2023-10-07 00:00:00+00:00
[2023-10-11T19:34:20.339+0000] {standard_task_runner.py:57} INFO - Started process 2423 to run task
[2023-10-11T19:34:20.342+0000] {standard_task_runner.py:84} INFO - Running: ['***', 'tasks', 'run', 'wikipedia_etl', 'trusted', 'scheduled__2023-10-07T00:00:00+00:00', '--job-id', '36', '--raw', '--subdir', 'DAGS_FOLDER/wikipedia_etl.py', '--cfg-path', '/tmp/tmp2ra4in2w']
[2023-10-11T19:34:20.344+0000] {standard_task_runner.py:85} INFO - Job 36: Subtask trusted
[2023-10-11T19:34:20.382+0000] {task_command.py:415} INFO - Running <TaskInstance: wikipedia_etl.trusted scheduled__2023-10-07T00:00:00+00:00 [running]> on host f711e14c143e
[2023-10-11T19:34:20.441+0000] {taskinstance.py:1660} INFO - Exporting env vars: AIRFLOW_CTX_DAG_OWNER='***' AIRFLOW_CTX_DAG_ID='wikipedia_etl' AIRFLOW_CTX_TASK_ID='trusted' AIRFLOW_CTX_EXECUTION_DATE='2023-10-07T00:00:00+00:00' AIRFLOW_CTX_TRY_NUMBER='1' AIRFLOW_CTX_DAG_RUN_ID='scheduled__2023-10-07T00:00:00+00:00'
[2023-10-11T19:34:46.308+0000] {python.py:194} INFO - Done. Returned value was: None
[2023-10-11T19:34:46.317+0000] {taskinstance.py:1398} INFO - Marking task as SUCCESS. dag_id=wikipedia_etl, task_id=trusted, execution_date=20231007T000000, start_date=20231011T193420, end_date=20231011T193446
[2023-10-11T19:34:46.374+0000] {local_task_job_runner.py:228} INFO - Task exited with return code 0
[2023-10-11T19:34:46.392+0000] {taskinstance.py:2776} INFO - 0 downstream tasks scheduled from follow-on schedule check
[2023-10-11T19:49:56.594+0000] {taskinstance.py:1157} INFO - Dependencies all met for dep_context=non-requeueable deps ti=<TaskInstance: wikipedia_etl.trusted scheduled__2023-10-07T00:00:00+00:00 [queued]>
[2023-10-11T19:49:56.602+0000] {taskinstance.py:1157} INFO - Dependencies all met for dep_context=requeueable deps ti=<TaskInstance: wikipedia_etl.trusted scheduled__2023-10-07T00:00:00+00:00 [queued]>
[2023-10-11T19:49:56.602+0000] {taskinstance.py:1359} INFO - Starting attempt 1 of 3
[2023-10-11T19:49:56.612+0000] {taskinstance.py:1380} INFO - Executing <Task(PythonOperator): trusted> on 2023-10-07 00:00:00+00:00
[2023-10-11T19:49:56.618+0000] {standard_task_runner.py:57} INFO - Started process 5143 to run task
[2023-10-11T19:49:56.621+0000] {standard_task_runner.py:84} INFO - Running: ['***', 'tasks', 'run', 'wikipedia_etl', 'trusted', 'scheduled__2023-10-07T00:00:00+00:00', '--job-id', '56', '--raw', '--subdir', 'DAGS_FOLDER/wikipedia_etl.py', '--cfg-path', '/tmp/tmpxunoup3t']
[2023-10-11T19:49:56.623+0000] {standard_task_runner.py:85} INFO - Job 56: Subtask trusted
[2023-10-11T19:49:56.662+0000] {task_command.py:415} INFO - Running <TaskInstance: wikipedia_etl.trusted scheduled__2023-10-07T00:00:00+00:00 [running]> on host f711e14c143e
[2023-10-11T19:49:56.723+0000] {taskinstance.py:1660} INFO - Exporting env vars: AIRFLOW_CTX_DAG_OWNER='***' AIRFLOW_CTX_DAG_ID='wikipedia_etl' AIRFLOW_CTX_TASK_ID='trusted' AIRFLOW_CTX_EXECUTION_DATE='2023-10-07T00:00:00+00:00' AIRFLOW_CTX_TRY_NUMBER='1' AIRFLOW_CTX_DAG_RUN_ID='scheduled__2023-10-07T00:00:00+00:00'
[2023-10-11T19:50:26.219+0000] {python.py:194} INFO - Done. Returned value was: None
[2023-10-11T19:50:26.229+0000] {taskinstance.py:1398} INFO - Marking task as SUCCESS. dag_id=wikipedia_etl, task_id=trusted, execution_date=20231007T000000, start_date=20231011T194956, end_date=20231011T195026
[2023-10-11T19:50:26.286+0000] {local_task_job_runner.py:228} INFO - Task exited with return code 0
[2023-10-11T19:50:26.297+0000] {taskinstance.py:2776} INFO - 0 downstream tasks scheduled from follow-on schedule check
[2023-10-13T17:21:30.087+0000] {taskinstance.py:1157} INFO - Dependencies all met for dep_context=non-requeueable deps ti=<TaskInstance: wikipedia_etl.trusted scheduled__2023-10-07T00:00:00+00:00 [queued]>
[2023-10-13T17:21:30.097+0000] {taskinstance.py:1157} INFO - Dependencies all met for dep_context=requeueable deps ti=<TaskInstance: wikipedia_etl.trusted scheduled__2023-10-07T00:00:00+00:00 [queued]>
[2023-10-13T17:21:30.098+0000] {taskinstance.py:1359} INFO - Starting attempt 1 of 3
[2023-10-13T17:21:30.118+0000] {taskinstance.py:1380} INFO - Executing <Task(PythonOperator): trusted> on 2023-10-07 00:00:00+00:00
[2023-10-13T17:21:30.126+0000] {standard_task_runner.py:57} INFO - Started process 1589 to run task
[2023-10-13T17:21:30.131+0000] {standard_task_runner.py:84} INFO - Running: ['***', 'tasks', 'run', 'wikipedia_etl', 'trusted', 'scheduled__2023-10-07T00:00:00+00:00', '--job-id', '16', '--raw', '--subdir', 'DAGS_FOLDER/wikipedia_etl.py', '--cfg-path', '/tmp/tmpxzghlq92']
[2023-10-13T17:21:30.135+0000] {standard_task_runner.py:85} INFO - Job 16: Subtask trusted
[2023-10-13T17:21:30.195+0000] {task_command.py:415} INFO - Running <TaskInstance: wikipedia_etl.trusted scheduled__2023-10-07T00:00:00+00:00 [running]> on host feba906f3341
[2023-10-13T17:21:30.289+0000] {taskinstance.py:1660} INFO - Exporting env vars: AIRFLOW_CTX_DAG_OWNER='***' AIRFLOW_CTX_DAG_ID='wikipedia_etl' AIRFLOW_CTX_TASK_ID='trusted' AIRFLOW_CTX_EXECUTION_DATE='2023-10-07T00:00:00+00:00' AIRFLOW_CTX_TRY_NUMBER='1' AIRFLOW_CTX_DAG_RUN_ID='scheduled__2023-10-07T00:00:00+00:00'
[2023-10-13T17:22:05.361+0000] {python.py:194} INFO - Done. Returned value was: None
[2023-10-13T17:22:05.374+0000] {taskinstance.py:1398} INFO - Marking task as SUCCESS. dag_id=wikipedia_etl, task_id=trusted, execution_date=20231007T000000, start_date=20231013T172130, end_date=20231013T172205
[2023-10-13T17:22:05.415+0000] {local_task_job_runner.py:228} INFO - Task exited with return code 0
[2023-10-13T17:22:05.426+0000] {taskinstance.py:2776} INFO - 0 downstream tasks scheduled from follow-on schedule check
[2023-10-16T11:28:50.836+0000] {taskinstance.py:1157} INFO - Dependencies all met for dep_context=non-requeueable deps ti=<TaskInstance: wikipedia_etl.trusted scheduled__2023-10-07T00:00:00+00:00 [queued]>
[2023-10-16T11:28:50.847+0000] {taskinstance.py:1157} INFO - Dependencies all met for dep_context=requeueable deps ti=<TaskInstance: wikipedia_etl.trusted scheduled__2023-10-07T00:00:00+00:00 [queued]>
[2023-10-16T11:28:50.847+0000] {taskinstance.py:1359} INFO - Starting attempt 1 of 3
[2023-10-16T11:28:50.859+0000] {taskinstance.py:1380} INFO - Executing <Task(PythonOperator): trusted> on 2023-10-07 00:00:00+00:00
[2023-10-16T11:28:50.865+0000] {standard_task_runner.py:57} INFO - Started process 1558 to run task
[2023-10-16T11:28:50.867+0000] {standard_task_runner.py:84} INFO - Running: ['***', 'tasks', 'run', 'wikipedia_etl', 'trusted', 'scheduled__2023-10-07T00:00:00+00:00', '--job-id', '16', '--raw', '--subdir', 'DAGS_FOLDER/wikipedia_etl.py', '--cfg-path', '/tmp/tmpepnh7796']
[2023-10-16T11:28:50.870+0000] {standard_task_runner.py:85} INFO - Job 16: Subtask trusted
[2023-10-16T11:28:50.901+0000] {task_command.py:415} INFO - Running <TaskInstance: wikipedia_etl.trusted scheduled__2023-10-07T00:00:00+00:00 [running]> on host ab44499fca46
[2023-10-16T11:28:50.959+0000] {taskinstance.py:1660} INFO - Exporting env vars: AIRFLOW_CTX_DAG_OWNER='***' AIRFLOW_CTX_DAG_ID='wikipedia_etl' AIRFLOW_CTX_TASK_ID='trusted' AIRFLOW_CTX_EXECUTION_DATE='2023-10-07T00:00:00+00:00' AIRFLOW_CTX_TRY_NUMBER='1' AIRFLOW_CTX_DAG_RUN_ID='scheduled__2023-10-07T00:00:00+00:00'
[2023-10-16T11:29:26.310+0000] {python.py:194} INFO - Done. Returned value was: None
[2023-10-16T11:29:26.322+0000] {taskinstance.py:1398} INFO - Marking task as SUCCESS. dag_id=wikipedia_etl, task_id=trusted, execution_date=20231007T000000, start_date=20231016T112850, end_date=20231016T112926
[2023-10-16T11:29:26.357+0000] {local_task_job_runner.py:228} INFO - Task exited with return code 0
[2023-10-16T11:29:26.369+0000] {taskinstance.py:2776} INFO - 0 downstream tasks scheduled from follow-on schedule check
[2023-10-16T19:12:02.854+0000] {taskinstance.py:1157} INFO - Dependencies all met for dep_context=non-requeueable deps ti=<TaskInstance: wikipedia_etl.trusted scheduled__2023-10-07T00:00:00+00:00 [queued]>
[2023-10-16T19:12:02.862+0000] {taskinstance.py:1157} INFO - Dependencies all met for dep_context=requeueable deps ti=<TaskInstance: wikipedia_etl.trusted scheduled__2023-10-07T00:00:00+00:00 [queued]>
[2023-10-16T19:12:02.862+0000] {taskinstance.py:1359} INFO - Starting attempt 1 of 3
[2023-10-16T19:12:02.873+0000] {taskinstance.py:1380} INFO - Executing <Task(PythonOperator): trusted> on 2023-10-07 00:00:00+00:00
[2023-10-16T19:12:02.879+0000] {standard_task_runner.py:57} INFO - Started process 1527 to run task
[2023-10-16T19:12:02.882+0000] {standard_task_runner.py:84} INFO - Running: ['***', 'tasks', 'run', 'wikipedia_etl', 'trusted', 'scheduled__2023-10-07T00:00:00+00:00', '--job-id', '16', '--raw', '--subdir', 'DAGS_FOLDER/wikipedia_etl.py', '--cfg-path', '/tmp/tmpoo1w66jf']
[2023-10-16T19:12:02.884+0000] {standard_task_runner.py:85} INFO - Job 16: Subtask trusted
[2023-10-16T19:12:02.921+0000] {task_command.py:415} INFO - Running <TaskInstance: wikipedia_etl.trusted scheduled__2023-10-07T00:00:00+00:00 [running]> on host 3522330161cc
[2023-10-16T19:12:02.993+0000] {taskinstance.py:1660} INFO - Exporting env vars: AIRFLOW_CTX_DAG_OWNER='***' AIRFLOW_CTX_DAG_ID='wikipedia_etl' AIRFLOW_CTX_TASK_ID='trusted' AIRFLOW_CTX_EXECUTION_DATE='2023-10-07T00:00:00+00:00' AIRFLOW_CTX_TRY_NUMBER='1' AIRFLOW_CTX_DAG_RUN_ID='scheduled__2023-10-07T00:00:00+00:00'
[2023-10-16T19:12:36.953+0000] {python.py:194} INFO - Done. Returned value was: None
[2023-10-16T19:12:36.963+0000] {taskinstance.py:1398} INFO - Marking task as SUCCESS. dag_id=wikipedia_etl, task_id=trusted, execution_date=20231007T000000, start_date=20231016T191202, end_date=20231016T191236
[2023-10-16T19:12:37.006+0000] {local_task_job_runner.py:228} INFO - Task exited with return code 0
[2023-10-16T19:12:37.017+0000] {taskinstance.py:2776} INFO - 0 downstream tasks scheduled from follow-on schedule check
