[2023-10-11T19:27:12.108+0000] {taskinstance.py:1157} INFO - Dependencies all met for dep_context=non-requeueable deps ti=<TaskInstance: wikipedia_etl.raw scheduled__2023-10-09T00:00:00+00:00 [queued]>
[2023-10-11T19:27:12.146+0000] {taskinstance.py:1157} INFO - Dependencies all met for dep_context=requeueable deps ti=<TaskInstance: wikipedia_etl.raw scheduled__2023-10-09T00:00:00+00:00 [queued]>
[2023-10-11T19:27:12.147+0000] {taskinstance.py:1359} INFO - Starting attempt 1 of 3
[2023-10-11T19:27:12.188+0000] {taskinstance.py:1380} INFO - Executing <Task(PythonOperator): raw> on 2023-10-09 00:00:00+00:00
[2023-10-11T19:27:12.210+0000] {standard_task_runner.py:57} INFO - Started process 95 to run task
[2023-10-11T19:27:12.212+0000] {standard_task_runner.py:84} INFO - Running: ['***', 'tasks', 'run', 'wikipedia_etl', 'raw', 'scheduled__2023-10-09T00:00:00+00:00', '--job-id', '10', '--raw', '--subdir', 'DAGS_FOLDER/wikipedia_etl.py', '--cfg-path', '/tmp/tmptwzoyciz']
[2023-10-11T19:27:12.233+0000] {standard_task_runner.py:85} INFO - Job 10: Subtask raw
[2023-10-11T19:27:12.450+0000] {task_command.py:415} INFO - Running <TaskInstance: wikipedia_etl.raw scheduled__2023-10-09T00:00:00+00:00 [running]> on host f711e14c143e
[2023-10-11T19:27:12.624+0000] {taskinstance.py:1660} INFO - Exporting env vars: AIRFLOW_CTX_DAG_OWNER='***' AIRFLOW_CTX_DAG_ID='wikipedia_etl' AIRFLOW_CTX_TASK_ID='raw' AIRFLOW_CTX_EXECUTION_DATE='2023-10-09T00:00:00+00:00' AIRFLOW_CTX_TRY_NUMBER='1' AIRFLOW_CTX_DAG_RUN_ID='scheduled__2023-10-09T00:00:00+00:00'
[2023-10-11T19:27:18.719+0000] {python.py:194} INFO - Done. Returned value was: None
[2023-10-11T19:27:18.730+0000] {taskinstance.py:1398} INFO - Marking task as SUCCESS. dag_id=wikipedia_etl, task_id=raw, execution_date=20231009T000000, start_date=20231011T192712, end_date=20231011T192718
[2023-10-11T19:27:18.807+0000] {local_task_job_runner.py:228} INFO - Task exited with return code 0
[2023-10-11T19:27:18.864+0000] {taskinstance.py:2776} INFO - 1 downstream tasks scheduled from follow-on schedule check
[2023-10-11T19:35:21.622+0000] {taskinstance.py:1157} INFO - Dependencies all met for dep_context=non-requeueable deps ti=<TaskInstance: wikipedia_etl.raw scheduled__2023-10-09T00:00:00+00:00 [queued]>
[2023-10-11T19:35:21.628+0000] {taskinstance.py:1157} INFO - Dependencies all met for dep_context=requeueable deps ti=<TaskInstance: wikipedia_etl.raw scheduled__2023-10-09T00:00:00+00:00 [queued]>
[2023-10-11T19:35:21.628+0000] {taskinstance.py:1359} INFO - Starting attempt 1 of 3
[2023-10-11T19:35:21.639+0000] {taskinstance.py:1380} INFO - Executing <Task(PythonOperator): raw> on 2023-10-09 00:00:00+00:00
[2023-10-11T19:35:21.644+0000] {standard_task_runner.py:57} INFO - Started process 2908 to run task
[2023-10-11T19:35:21.647+0000] {standard_task_runner.py:84} INFO - Running: ['***', 'tasks', 'run', 'wikipedia_etl', 'raw', 'scheduled__2023-10-09T00:00:00+00:00', '--job-id', '39', '--raw', '--subdir', 'DAGS_FOLDER/wikipedia_etl.py', '--cfg-path', '/tmp/tmppgpxcifb']
[2023-10-11T19:35:21.650+0000] {standard_task_runner.py:85} INFO - Job 39: Subtask raw
[2023-10-11T19:35:21.683+0000] {task_command.py:415} INFO - Running <TaskInstance: wikipedia_etl.raw scheduled__2023-10-09T00:00:00+00:00 [running]> on host f711e14c143e
[2023-10-11T19:35:21.740+0000] {taskinstance.py:1660} INFO - Exporting env vars: AIRFLOW_CTX_DAG_OWNER='***' AIRFLOW_CTX_DAG_ID='wikipedia_etl' AIRFLOW_CTX_TASK_ID='raw' AIRFLOW_CTX_EXECUTION_DATE='2023-10-09T00:00:00+00:00' AIRFLOW_CTX_TRY_NUMBER='1' AIRFLOW_CTX_DAG_RUN_ID='scheduled__2023-10-09T00:00:00+00:00'
[2023-10-11T19:35:25.566+0000] {python.py:194} INFO - Done. Returned value was: None
[2023-10-11T19:35:25.578+0000] {taskinstance.py:1398} INFO - Marking task as SUCCESS. dag_id=wikipedia_etl, task_id=raw, execution_date=20231009T000000, start_date=20231011T193521, end_date=20231011T193525
[2023-10-11T19:35:25.603+0000] {local_task_job_runner.py:228} INFO - Task exited with return code 0
[2023-10-11T19:35:25.618+0000] {taskinstance.py:2776} INFO - 1 downstream tasks scheduled from follow-on schedule check
[2023-10-11T19:51:07.431+0000] {taskinstance.py:1157} INFO - Dependencies all met for dep_context=non-requeueable deps ti=<TaskInstance: wikipedia_etl.raw scheduled__2023-10-09T00:00:00+00:00 [queued]>
[2023-10-11T19:51:07.438+0000] {taskinstance.py:1157} INFO - Dependencies all met for dep_context=requeueable deps ti=<TaskInstance: wikipedia_etl.raw scheduled__2023-10-09T00:00:00+00:00 [queued]>
[2023-10-11T19:51:07.438+0000] {taskinstance.py:1359} INFO - Starting attempt 1 of 3
[2023-10-11T19:51:07.448+0000] {taskinstance.py:1380} INFO - Executing <Task(PythonOperator): raw> on 2023-10-09 00:00:00+00:00
[2023-10-11T19:51:07.453+0000] {standard_task_runner.py:57} INFO - Started process 5652 to run task
[2023-10-11T19:51:07.455+0000] {standard_task_runner.py:84} INFO - Running: ['***', 'tasks', 'run', 'wikipedia_etl', 'raw', 'scheduled__2023-10-09T00:00:00+00:00', '--job-id', '59', '--raw', '--subdir', 'DAGS_FOLDER/wikipedia_etl.py', '--cfg-path', '/tmp/tmp45ifiwvr']
[2023-10-11T19:51:07.457+0000] {standard_task_runner.py:85} INFO - Job 59: Subtask raw
[2023-10-11T19:51:07.495+0000] {task_command.py:415} INFO - Running <TaskInstance: wikipedia_etl.raw scheduled__2023-10-09T00:00:00+00:00 [running]> on host f711e14c143e
[2023-10-11T19:51:07.555+0000] {taskinstance.py:1660} INFO - Exporting env vars: AIRFLOW_CTX_DAG_OWNER='***' AIRFLOW_CTX_DAG_ID='wikipedia_etl' AIRFLOW_CTX_TASK_ID='raw' AIRFLOW_CTX_EXECUTION_DATE='2023-10-09T00:00:00+00:00' AIRFLOW_CTX_TRY_NUMBER='1' AIRFLOW_CTX_DAG_RUN_ID='scheduled__2023-10-09T00:00:00+00:00'
[2023-10-11T19:51:11.493+0000] {python.py:194} INFO - Done. Returned value was: None
[2023-10-11T19:51:11.503+0000] {taskinstance.py:1398} INFO - Marking task as SUCCESS. dag_id=wikipedia_etl, task_id=raw, execution_date=20231009T000000, start_date=20231011T195107, end_date=20231011T195111
[2023-10-11T19:51:11.538+0000] {local_task_job_runner.py:228} INFO - Task exited with return code 0
[2023-10-11T19:51:11.553+0000] {taskinstance.py:2776} INFO - 1 downstream tasks scheduled from follow-on schedule check
[2023-10-13T17:22:54.212+0000] {taskinstance.py:1157} INFO - Dependencies all met for dep_context=non-requeueable deps ti=<TaskInstance: wikipedia_etl.raw scheduled__2023-10-09T00:00:00+00:00 [queued]>
[2023-10-13T17:22:54.217+0000] {taskinstance.py:1157} INFO - Dependencies all met for dep_context=requeueable deps ti=<TaskInstance: wikipedia_etl.raw scheduled__2023-10-09T00:00:00+00:00 [queued]>
[2023-10-13T17:22:54.218+0000] {taskinstance.py:1359} INFO - Starting attempt 1 of 3
[2023-10-13T17:22:54.227+0000] {taskinstance.py:1380} INFO - Executing <Task(PythonOperator): raw> on 2023-10-09 00:00:00+00:00
[2023-10-13T17:22:54.233+0000] {standard_task_runner.py:57} INFO - Started process 2057 to run task
[2023-10-13T17:22:54.235+0000] {standard_task_runner.py:84} INFO - Running: ['***', 'tasks', 'run', 'wikipedia_etl', 'raw', 'scheduled__2023-10-09T00:00:00+00:00', '--job-id', '19', '--raw', '--subdir', 'DAGS_FOLDER/wikipedia_etl.py', '--cfg-path', '/tmp/tmpb0yriejg']
[2023-10-13T17:22:54.237+0000] {standard_task_runner.py:85} INFO - Job 19: Subtask raw
[2023-10-13T17:22:54.274+0000] {task_command.py:415} INFO - Running <TaskInstance: wikipedia_etl.raw scheduled__2023-10-09T00:00:00+00:00 [running]> on host feba906f3341
[2023-10-13T17:22:54.335+0000] {taskinstance.py:1660} INFO - Exporting env vars: AIRFLOW_CTX_DAG_OWNER='***' AIRFLOW_CTX_DAG_ID='wikipedia_etl' AIRFLOW_CTX_TASK_ID='raw' AIRFLOW_CTX_EXECUTION_DATE='2023-10-09T00:00:00+00:00' AIRFLOW_CTX_TRY_NUMBER='1' AIRFLOW_CTX_DAG_RUN_ID='scheduled__2023-10-09T00:00:00+00:00'
[2023-10-13T17:22:59.044+0000] {python.py:194} INFO - Done. Returned value was: None
[2023-10-13T17:22:59.054+0000] {taskinstance.py:1398} INFO - Marking task as SUCCESS. dag_id=wikipedia_etl, task_id=raw, execution_date=20231009T000000, start_date=20231013T172254, end_date=20231013T172259
[2023-10-13T17:22:59.114+0000] {local_task_job_runner.py:228} INFO - Task exited with return code 0
[2023-10-13T17:22:59.133+0000] {taskinstance.py:2776} INFO - 1 downstream tasks scheduled from follow-on schedule check
[2023-10-16T11:30:11.972+0000] {taskinstance.py:1157} INFO - Dependencies all met for dep_context=non-requeueable deps ti=<TaskInstance: wikipedia_etl.raw scheduled__2023-10-09T00:00:00+00:00 [queued]>
[2023-10-16T11:30:11.979+0000] {taskinstance.py:1157} INFO - Dependencies all met for dep_context=requeueable deps ti=<TaskInstance: wikipedia_etl.raw scheduled__2023-10-09T00:00:00+00:00 [queued]>
[2023-10-16T11:30:11.979+0000] {taskinstance.py:1359} INFO - Starting attempt 1 of 3
[2023-10-16T11:30:11.993+0000] {taskinstance.py:1380} INFO - Executing <Task(PythonOperator): raw> on 2023-10-09 00:00:00+00:00
[2023-10-16T11:30:12.002+0000] {standard_task_runner.py:57} INFO - Started process 2035 to run task
[2023-10-16T11:30:12.005+0000] {standard_task_runner.py:84} INFO - Running: ['***', 'tasks', 'run', 'wikipedia_etl', 'raw', 'scheduled__2023-10-09T00:00:00+00:00', '--job-id', '19', '--raw', '--subdir', 'DAGS_FOLDER/wikipedia_etl.py', '--cfg-path', '/tmp/tmp2nlu3y9e']
[2023-10-16T11:30:12.007+0000] {standard_task_runner.py:85} INFO - Job 19: Subtask raw
[2023-10-16T11:30:12.057+0000] {task_command.py:415} INFO - Running <TaskInstance: wikipedia_etl.raw scheduled__2023-10-09T00:00:00+00:00 [running]> on host ab44499fca46
[2023-10-16T11:30:12.128+0000] {taskinstance.py:1660} INFO - Exporting env vars: AIRFLOW_CTX_DAG_OWNER='***' AIRFLOW_CTX_DAG_ID='wikipedia_etl' AIRFLOW_CTX_TASK_ID='raw' AIRFLOW_CTX_EXECUTION_DATE='2023-10-09T00:00:00+00:00' AIRFLOW_CTX_TRY_NUMBER='1' AIRFLOW_CTX_DAG_RUN_ID='scheduled__2023-10-09T00:00:00+00:00'
[2023-10-16T11:30:16.329+0000] {python.py:194} INFO - Done. Returned value was: None
[2023-10-16T11:30:16.337+0000] {taskinstance.py:1398} INFO - Marking task as SUCCESS. dag_id=wikipedia_etl, task_id=raw, execution_date=20231009T000000, start_date=20231016T113011, end_date=20231016T113016
[2023-10-16T11:30:16.361+0000] {local_task_job_runner.py:228} INFO - Task exited with return code 0
[2023-10-16T11:30:16.382+0000] {taskinstance.py:2776} INFO - 1 downstream tasks scheduled from follow-on schedule check
[2023-10-16T19:13:23.015+0000] {taskinstance.py:1157} INFO - Dependencies all met for dep_context=non-requeueable deps ti=<TaskInstance: wikipedia_etl.raw scheduled__2023-10-09T00:00:00+00:00 [queued]>
[2023-10-16T19:13:23.022+0000] {taskinstance.py:1157} INFO - Dependencies all met for dep_context=requeueable deps ti=<TaskInstance: wikipedia_etl.raw scheduled__2023-10-09T00:00:00+00:00 [queued]>
[2023-10-16T19:13:23.022+0000] {taskinstance.py:1359} INFO - Starting attempt 1 of 3
[2023-10-16T19:13:23.035+0000] {taskinstance.py:1380} INFO - Executing <Task(PythonOperator): raw> on 2023-10-09 00:00:00+00:00
[2023-10-16T19:13:23.041+0000] {standard_task_runner.py:57} INFO - Started process 1991 to run task
[2023-10-16T19:13:23.044+0000] {standard_task_runner.py:84} INFO - Running: ['***', 'tasks', 'run', 'wikipedia_etl', 'raw', 'scheduled__2023-10-09T00:00:00+00:00', '--job-id', '19', '--raw', '--subdir', 'DAGS_FOLDER/wikipedia_etl.py', '--cfg-path', '/tmp/tmpx8b1pwct']
[2023-10-16T19:13:23.046+0000] {standard_task_runner.py:85} INFO - Job 19: Subtask raw
[2023-10-16T19:13:23.089+0000] {task_command.py:415} INFO - Running <TaskInstance: wikipedia_etl.raw scheduled__2023-10-09T00:00:00+00:00 [running]> on host 3522330161cc
[2023-10-16T19:13:23.155+0000] {taskinstance.py:1660} INFO - Exporting env vars: AIRFLOW_CTX_DAG_OWNER='***' AIRFLOW_CTX_DAG_ID='wikipedia_etl' AIRFLOW_CTX_TASK_ID='raw' AIRFLOW_CTX_EXECUTION_DATE='2023-10-09T00:00:00+00:00' AIRFLOW_CTX_TRY_NUMBER='1' AIRFLOW_CTX_DAG_RUN_ID='scheduled__2023-10-09T00:00:00+00:00'
[2023-10-16T19:13:27.453+0000] {python.py:194} INFO - Done. Returned value was: None
[2023-10-16T19:13:27.460+0000] {taskinstance.py:1398} INFO - Marking task as SUCCESS. dag_id=wikipedia_etl, task_id=raw, execution_date=20231009T000000, start_date=20231016T191323, end_date=20231016T191327
[2023-10-16T19:13:27.513+0000] {local_task_job_runner.py:228} INFO - Task exited with return code 0
[2023-10-16T19:13:27.529+0000] {taskinstance.py:2776} INFO - 1 downstream tasks scheduled from follow-on schedule check
