[2023-10-13T12:27:14.916+0000] {processor.py:157} INFO - Started process (PID=34) to work on /opt/airflow/dags/wikipedia_etl.py
[2023-10-13T12:27:14.918+0000] {processor.py:829} INFO - Processing file /opt/airflow/dags/wikipedia_etl.py for tasks to queue
[2023-10-13T12:27:14.921+0000] {logging_mixin.py:151} INFO - [2023-10-13T12:27:14.920+0000] {dagbag.py:539} INFO - Filling up the DagBag from /opt/airflow/dags/wikipedia_etl.py
[2023-10-13T12:27:15.582+0000] {processor.py:839} INFO - DAG(s) dict_keys(['wikipedia_etl']) retrieved from /opt/airflow/dags/wikipedia_etl.py
[2023-10-13T12:27:15.616+0000] {logging_mixin.py:151} INFO - [2023-10-13T12:27:15.615+0000] {dag.py:2915} INFO - Sync 1 DAGs
[2023-10-13T12:27:15.668+0000] {processor.py:179} INFO - Processing /opt/airflow/dags/wikipedia_etl.py took 0.757 seconds
[2023-10-13T12:27:45.904+0000] {processor.py:157} INFO - Started process (PID=89) to work on /opt/airflow/dags/wikipedia_etl.py
[2023-10-13T12:27:45.905+0000] {processor.py:829} INFO - Processing file /opt/airflow/dags/wikipedia_etl.py for tasks to queue
[2023-10-13T12:27:45.908+0000] {logging_mixin.py:151} INFO - [2023-10-13T12:27:45.907+0000] {dagbag.py:539} INFO - Filling up the DagBag from /opt/airflow/dags/wikipedia_etl.py
[2023-10-13T12:27:46.106+0000] {processor.py:839} INFO - DAG(s) dict_keys(['wikipedia_etl']) retrieved from /opt/airflow/dags/wikipedia_etl.py
[2023-10-13T12:27:46.126+0000] {logging_mixin.py:151} INFO - [2023-10-13T12:27:46.125+0000] {dag.py:2915} INFO - Sync 1 DAGs
[2023-10-13T12:27:46.162+0000] {processor.py:179} INFO - Processing /opt/airflow/dags/wikipedia_etl.py took 0.261 seconds
[2023-10-13T17:13:22.700+0000] {processor.py:157} INFO - Started process (PID=35) to work on /opt/airflow/dags/wikipedia_etl.py
[2023-10-13T17:13:22.717+0000] {processor.py:829} INFO - Processing file /opt/airflow/dags/wikipedia_etl.py for tasks to queue
[2023-10-13T17:13:22.720+0000] {logging_mixin.py:151} INFO - [2023-10-13T17:13:22.720+0000] {dagbag.py:539} INFO - Filling up the DagBag from /opt/airflow/dags/wikipedia_etl.py
[2023-10-13T17:13:23.636+0000] {processor.py:839} INFO - DAG(s) dict_keys(['wikipedia_etl']) retrieved from /opt/airflow/dags/wikipedia_etl.py
[2023-10-13T17:13:24.042+0000] {logging_mixin.py:151} INFO - [2023-10-13T17:13:24.041+0000] {manager.py:499} INFO - Created Permission View: %s
[2023-10-13T17:13:24.068+0000] {logging_mixin.py:151} INFO - [2023-10-13T17:13:24.068+0000] {manager.py:499} INFO - Created Permission View: %s
[2023-10-13T17:13:24.090+0000] {logging_mixin.py:151} INFO - [2023-10-13T17:13:24.089+0000] {manager.py:499} INFO - Created Permission View: %s
[2023-10-13T17:13:24.091+0000] {logging_mixin.py:151} INFO - [2023-10-13T17:13:24.090+0000] {security.py:708} INFO - Not syncing DAG-level permissions for DAG 'DAG:wikipedia_etl' as access control is unset.
[2023-10-13T17:13:24.092+0000] {logging_mixin.py:151} INFO - [2023-10-13T17:13:24.091+0000] {dag.py:2915} INFO - Sync 1 DAGs
[2023-10-13T17:13:24.115+0000] {logging_mixin.py:151} INFO - [2023-10-13T17:13:24.114+0000] {dag.py:2937} INFO - Creating ORM DAG for wikipedia_etl
[2023-10-13T17:13:24.133+0000] {logging_mixin.py:151} INFO - [2023-10-13T17:13:24.133+0000] {dag.py:3696} INFO - Setting next_dagrun for wikipedia_etl to 2023-10-01T00:00:00+00:00, run_after=2023-10-02T00:00:00+00:00
[2023-10-13T17:13:24.179+0000] {processor.py:179} INFO - Processing /opt/airflow/dags/wikipedia_etl.py took 1.483 seconds
[2023-10-13T17:13:54.545+0000] {processor.py:157} INFO - Started process (PID=94) to work on /opt/airflow/dags/wikipedia_etl.py
[2023-10-13T17:13:54.550+0000] {processor.py:829} INFO - Processing file /opt/airflow/dags/wikipedia_etl.py for tasks to queue
[2023-10-13T17:13:54.552+0000] {logging_mixin.py:151} INFO - [2023-10-13T17:13:54.552+0000] {dagbag.py:539} INFO - Filling up the DagBag from /opt/airflow/dags/wikipedia_etl.py
[2023-10-13T17:13:55.001+0000] {processor.py:839} INFO - DAG(s) dict_keys(['wikipedia_etl']) retrieved from /opt/airflow/dags/wikipedia_etl.py
[2023-10-13T17:13:55.025+0000] {logging_mixin.py:151} INFO - [2023-10-13T17:13:55.024+0000] {dag.py:2915} INFO - Sync 1 DAGs
[2023-10-13T17:13:55.053+0000] {logging_mixin.py:151} INFO - [2023-10-13T17:13:55.052+0000] {dag.py:3696} INFO - Setting next_dagrun for wikipedia_etl to 2023-10-01T00:00:00+00:00, run_after=2023-10-02T00:00:00+00:00
[2023-10-13T17:13:55.078+0000] {processor.py:179} INFO - Processing /opt/airflow/dags/wikipedia_etl.py took 0.537 seconds
[2023-10-13T17:14:25.332+0000] {processor.py:157} INFO - Started process (PID=150) to work on /opt/airflow/dags/wikipedia_etl.py
[2023-10-13T17:14:25.335+0000] {processor.py:829} INFO - Processing file /opt/airflow/dags/wikipedia_etl.py for tasks to queue
[2023-10-13T17:14:25.342+0000] {logging_mixin.py:151} INFO - [2023-10-13T17:14:25.342+0000] {dagbag.py:539} INFO - Filling up the DagBag from /opt/airflow/dags/wikipedia_etl.py
[2023-10-13T17:14:25.979+0000] {processor.py:839} INFO - DAG(s) dict_keys(['wikipedia_etl']) retrieved from /opt/airflow/dags/wikipedia_etl.py
[2023-10-13T17:14:26.006+0000] {logging_mixin.py:151} INFO - [2023-10-13T17:14:26.005+0000] {dag.py:2915} INFO - Sync 1 DAGs
[2023-10-13T17:14:26.062+0000] {processor.py:179} INFO - Processing /opt/airflow/dags/wikipedia_etl.py took 0.743 seconds
[2023-10-13T17:14:57.032+0000] {processor.py:157} INFO - Started process (PID=205) to work on /opt/airflow/dags/wikipedia_etl.py
[2023-10-13T17:14:57.033+0000] {processor.py:829} INFO - Processing file /opt/airflow/dags/wikipedia_etl.py for tasks to queue
[2023-10-13T17:14:57.035+0000] {logging_mixin.py:151} INFO - [2023-10-13T17:14:57.035+0000] {dagbag.py:539} INFO - Filling up the DagBag from /opt/airflow/dags/wikipedia_etl.py
[2023-10-13T17:14:57.254+0000] {processor.py:839} INFO - DAG(s) dict_keys(['wikipedia_etl']) retrieved from /opt/airflow/dags/wikipedia_etl.py
[2023-10-13T17:14:57.274+0000] {logging_mixin.py:151} INFO - [2023-10-13T17:14:57.274+0000] {dag.py:2915} INFO - Sync 1 DAGs
[2023-10-13T17:14:57.317+0000] {processor.py:179} INFO - Processing /opt/airflow/dags/wikipedia_etl.py took 0.288 seconds
[2023-10-13T17:15:27.372+0000] {processor.py:157} INFO - Started process (PID=261) to work on /opt/airflow/dags/wikipedia_etl.py
[2023-10-13T17:15:27.373+0000] {processor.py:829} INFO - Processing file /opt/airflow/dags/wikipedia_etl.py for tasks to queue
[2023-10-13T17:15:27.375+0000] {logging_mixin.py:151} INFO - [2023-10-13T17:15:27.375+0000] {dagbag.py:539} INFO - Filling up the DagBag from /opt/airflow/dags/wikipedia_etl.py
[2023-10-13T17:15:27.577+0000] {processor.py:839} INFO - DAG(s) dict_keys(['wikipedia_etl']) retrieved from /opt/airflow/dags/wikipedia_etl.py
[2023-10-13T17:15:27.597+0000] {logging_mixin.py:151} INFO - [2023-10-13T17:15:27.596+0000] {dag.py:2915} INFO - Sync 1 DAGs
[2023-10-13T17:15:27.644+0000] {processor.py:179} INFO - Processing /opt/airflow/dags/wikipedia_etl.py took 0.275 seconds
[2023-10-13T17:15:57.720+0000] {processor.py:157} INFO - Started process (PID=316) to work on /opt/airflow/dags/wikipedia_etl.py
[2023-10-13T17:15:57.721+0000] {processor.py:829} INFO - Processing file /opt/airflow/dags/wikipedia_etl.py for tasks to queue
[2023-10-13T17:15:57.724+0000] {logging_mixin.py:151} INFO - [2023-10-13T17:15:57.724+0000] {dagbag.py:539} INFO - Filling up the DagBag from /opt/airflow/dags/wikipedia_etl.py
[2023-10-13T17:15:58.251+0000] {processor.py:839} INFO - DAG(s) dict_keys(['wikipedia_etl']) retrieved from /opt/airflow/dags/wikipedia_etl.py
[2023-10-13T17:15:58.328+0000] {logging_mixin.py:151} INFO - [2023-10-13T17:15:58.327+0000] {dag.py:2915} INFO - Sync 1 DAGs
[2023-10-13T17:15:58.455+0000] {processor.py:179} INFO - Processing /opt/airflow/dags/wikipedia_etl.py took 0.750 seconds
[2023-10-13T17:16:28.625+0000] {processor.py:157} INFO - Started process (PID=373) to work on /opt/airflow/dags/wikipedia_etl.py
[2023-10-13T17:16:28.628+0000] {processor.py:829} INFO - Processing file /opt/airflow/dags/wikipedia_etl.py for tasks to queue
[2023-10-13T17:16:28.632+0000] {logging_mixin.py:151} INFO - [2023-10-13T17:16:28.632+0000] {dagbag.py:539} INFO - Filling up the DagBag from /opt/airflow/dags/wikipedia_etl.py
[2023-10-13T17:16:29.141+0000] {processor.py:839} INFO - DAG(s) dict_keys(['wikipedia_etl']) retrieved from /opt/airflow/dags/wikipedia_etl.py
[2023-10-13T17:16:29.210+0000] {logging_mixin.py:151} INFO - [2023-10-13T17:16:29.209+0000] {dag.py:2915} INFO - Sync 1 DAGs
[2023-10-13T17:16:29.311+0000] {processor.py:179} INFO - Processing /opt/airflow/dags/wikipedia_etl.py took 0.693 seconds
[2023-10-13T17:16:59.420+0000] {processor.py:157} INFO - Started process (PID=426) to work on /opt/airflow/dags/wikipedia_etl.py
[2023-10-13T17:16:59.422+0000] {processor.py:829} INFO - Processing file /opt/airflow/dags/wikipedia_etl.py for tasks to queue
[2023-10-13T17:16:59.425+0000] {logging_mixin.py:151} INFO - [2023-10-13T17:16:59.425+0000] {dagbag.py:539} INFO - Filling up the DagBag from /opt/airflow/dags/wikipedia_etl.py
[2023-10-13T17:17:00.033+0000] {processor.py:839} INFO - DAG(s) dict_keys(['wikipedia_etl']) retrieved from /opt/airflow/dags/wikipedia_etl.py
[2023-10-13T17:17:00.097+0000] {logging_mixin.py:151} INFO - [2023-10-13T17:17:00.096+0000] {dag.py:2915} INFO - Sync 1 DAGs
[2023-10-13T17:17:00.229+0000] {processor.py:179} INFO - Processing /opt/airflow/dags/wikipedia_etl.py took 0.812 seconds
[2023-10-13T17:17:31.034+0000] {processor.py:157} INFO - Started process (PID=484) to work on /opt/airflow/dags/wikipedia_etl.py
[2023-10-13T17:17:31.036+0000] {processor.py:829} INFO - Processing file /opt/airflow/dags/wikipedia_etl.py for tasks to queue
[2023-10-13T17:17:31.038+0000] {logging_mixin.py:151} INFO - [2023-10-13T17:17:31.038+0000] {dagbag.py:539} INFO - Filling up the DagBag from /opt/airflow/dags/wikipedia_etl.py
[2023-10-13T17:17:31.339+0000] {processor.py:839} INFO - DAG(s) dict_keys(['wikipedia_etl']) retrieved from /opt/airflow/dags/wikipedia_etl.py
[2023-10-13T17:17:31.367+0000] {logging_mixin.py:151} INFO - [2023-10-13T17:17:31.366+0000] {dag.py:2915} INFO - Sync 1 DAGs
[2023-10-13T17:17:31.446+0000] {processor.py:179} INFO - Processing /opt/airflow/dags/wikipedia_etl.py took 0.415 seconds
[2023-10-13T17:18:01.769+0000] {processor.py:157} INFO - Started process (PID=538) to work on /opt/airflow/dags/wikipedia_etl.py
[2023-10-13T17:18:01.776+0000] {processor.py:829} INFO - Processing file /opt/airflow/dags/wikipedia_etl.py for tasks to queue
[2023-10-13T17:18:01.779+0000] {logging_mixin.py:151} INFO - [2023-10-13T17:18:01.779+0000] {dagbag.py:539} INFO - Filling up the DagBag from /opt/airflow/dags/wikipedia_etl.py
[2023-10-13T17:18:02.326+0000] {processor.py:839} INFO - DAG(s) dict_keys(['wikipedia_etl']) retrieved from /opt/airflow/dags/wikipedia_etl.py
[2023-10-13T17:18:02.362+0000] {logging_mixin.py:151} INFO - [2023-10-13T17:18:02.361+0000] {dag.py:2915} INFO - Sync 1 DAGs
[2023-10-13T17:18:02.446+0000] {processor.py:179} INFO - Processing /opt/airflow/dags/wikipedia_etl.py took 0.693 seconds
[2023-10-13T17:18:33.179+0000] {processor.py:157} INFO - Started process (PID=594) to work on /opt/airflow/dags/wikipedia_etl.py
[2023-10-13T17:18:33.181+0000] {processor.py:829} INFO - Processing file /opt/airflow/dags/wikipedia_etl.py for tasks to queue
[2023-10-13T17:18:33.185+0000] {logging_mixin.py:151} INFO - [2023-10-13T17:18:33.184+0000] {dagbag.py:539} INFO - Filling up the DagBag from /opt/airflow/dags/wikipedia_etl.py
[2023-10-13T17:18:33.561+0000] {processor.py:839} INFO - DAG(s) dict_keys(['wikipedia_etl']) retrieved from /opt/airflow/dags/wikipedia_etl.py
[2023-10-13T17:18:33.594+0000] {logging_mixin.py:151} INFO - [2023-10-13T17:18:33.593+0000] {dag.py:2915} INFO - Sync 1 DAGs
[2023-10-13T17:18:33.652+0000] {processor.py:179} INFO - Processing /opt/airflow/dags/wikipedia_etl.py took 0.478 seconds
[2023-10-13T17:19:04.468+0000] {processor.py:157} INFO - Started process (PID=649) to work on /opt/airflow/dags/wikipedia_etl.py
[2023-10-13T17:19:04.470+0000] {processor.py:829} INFO - Processing file /opt/airflow/dags/wikipedia_etl.py for tasks to queue
[2023-10-13T17:19:04.473+0000] {logging_mixin.py:151} INFO - [2023-10-13T17:19:04.472+0000] {dagbag.py:539} INFO - Filling up the DagBag from /opt/airflow/dags/wikipedia_etl.py
[2023-10-13T17:19:04.834+0000] {processor.py:839} INFO - DAG(s) dict_keys(['wikipedia_etl']) retrieved from /opt/airflow/dags/wikipedia_etl.py
[2023-10-13T17:19:04.863+0000] {logging_mixin.py:151} INFO - [2023-10-13T17:19:04.862+0000] {dag.py:2915} INFO - Sync 1 DAGs
[2023-10-13T17:19:04.956+0000] {processor.py:179} INFO - Processing /opt/airflow/dags/wikipedia_etl.py took 0.492 seconds
[2023-10-13T17:19:35.611+0000] {processor.py:157} INFO - Started process (PID=705) to work on /opt/airflow/dags/wikipedia_etl.py
[2023-10-13T17:19:35.612+0000] {processor.py:829} INFO - Processing file /opt/airflow/dags/wikipedia_etl.py for tasks to queue
[2023-10-13T17:19:35.614+0000] {logging_mixin.py:151} INFO - [2023-10-13T17:19:35.614+0000] {dagbag.py:539} INFO - Filling up the DagBag from /opt/airflow/dags/wikipedia_etl.py
[2023-10-13T17:19:35.780+0000] {processor.py:839} INFO - DAG(s) dict_keys(['wikipedia_etl']) retrieved from /opt/airflow/dags/wikipedia_etl.py
[2023-10-13T17:19:35.797+0000] {logging_mixin.py:151} INFO - [2023-10-13T17:19:35.797+0000] {dag.py:2915} INFO - Sync 1 DAGs
[2023-10-13T17:19:35.835+0000] {processor.py:179} INFO - Processing /opt/airflow/dags/wikipedia_etl.py took 0.228 seconds
[2023-10-13T17:20:06.318+0000] {processor.py:157} INFO - Started process (PID=760) to work on /opt/airflow/dags/wikipedia_etl.py
[2023-10-13T17:20:06.319+0000] {processor.py:829} INFO - Processing file /opt/airflow/dags/wikipedia_etl.py for tasks to queue
[2023-10-13T17:20:06.322+0000] {logging_mixin.py:151} INFO - [2023-10-13T17:20:06.321+0000] {dagbag.py:539} INFO - Filling up the DagBag from /opt/airflow/dags/wikipedia_etl.py
[2023-10-13T17:20:06.545+0000] {processor.py:839} INFO - DAG(s) dict_keys(['wikipedia_etl']) retrieved from /opt/airflow/dags/wikipedia_etl.py
[2023-10-13T17:20:06.568+0000] {logging_mixin.py:151} INFO - [2023-10-13T17:20:06.567+0000] {dag.py:2915} INFO - Sync 1 DAGs
[2023-10-13T17:20:06.611+0000] {processor.py:179} INFO - Processing /opt/airflow/dags/wikipedia_etl.py took 0.296 seconds
[2023-10-13T17:20:37.450+0000] {processor.py:157} INFO - Started process (PID=814) to work on /opt/airflow/dags/wikipedia_etl.py
[2023-10-13T17:20:37.451+0000] {processor.py:829} INFO - Processing file /opt/airflow/dags/wikipedia_etl.py for tasks to queue
[2023-10-13T17:20:37.453+0000] {logging_mixin.py:151} INFO - [2023-10-13T17:20:37.453+0000] {dagbag.py:539} INFO - Filling up the DagBag from /opt/airflow/dags/wikipedia_etl.py
[2023-10-13T17:20:37.619+0000] {processor.py:839} INFO - DAG(s) dict_keys(['wikipedia_etl']) retrieved from /opt/airflow/dags/wikipedia_etl.py
[2023-10-13T17:20:37.635+0000] {logging_mixin.py:151} INFO - [2023-10-13T17:20:37.635+0000] {dag.py:2915} INFO - Sync 1 DAGs
[2023-10-13T17:20:37.690+0000] {processor.py:179} INFO - Processing /opt/airflow/dags/wikipedia_etl.py took 0.243 seconds
[2023-10-13T17:21:08.032+0000] {processor.py:157} INFO - Started process (PID=870) to work on /opt/airflow/dags/wikipedia_etl.py
[2023-10-13T17:21:08.033+0000] {processor.py:829} INFO - Processing file /opt/airflow/dags/wikipedia_etl.py for tasks to queue
[2023-10-13T17:21:08.035+0000] {logging_mixin.py:151} INFO - [2023-10-13T17:21:08.035+0000] {dagbag.py:539} INFO - Filling up the DagBag from /opt/airflow/dags/wikipedia_etl.py
[2023-10-13T17:21:08.186+0000] {processor.py:839} INFO - DAG(s) dict_keys(['wikipedia_etl']) retrieved from /opt/airflow/dags/wikipedia_etl.py
[2023-10-13T17:21:08.207+0000] {logging_mixin.py:151} INFO - [2023-10-13T17:21:08.206+0000] {dag.py:2915} INFO - Sync 1 DAGs
[2023-10-13T17:21:08.241+0000] {processor.py:179} INFO - Processing /opt/airflow/dags/wikipedia_etl.py took 0.212 seconds
[2023-10-13T17:21:38.493+0000] {processor.py:157} INFO - Started process (PID=925) to work on /opt/airflow/dags/wikipedia_etl.py
[2023-10-13T17:21:38.494+0000] {processor.py:829} INFO - Processing file /opt/airflow/dags/wikipedia_etl.py for tasks to queue
[2023-10-13T17:21:38.496+0000] {logging_mixin.py:151} INFO - [2023-10-13T17:21:38.495+0000] {dagbag.py:539} INFO - Filling up the DagBag from /opt/airflow/dags/wikipedia_etl.py
[2023-10-13T17:21:38.690+0000] {processor.py:839} INFO - DAG(s) dict_keys(['wikipedia_etl']) retrieved from /opt/airflow/dags/wikipedia_etl.py
[2023-10-13T17:21:38.711+0000] {logging_mixin.py:151} INFO - [2023-10-13T17:21:38.710+0000] {dag.py:2915} INFO - Sync 1 DAGs
[2023-10-13T17:21:38.752+0000] {processor.py:179} INFO - Processing /opt/airflow/dags/wikipedia_etl.py took 0.262 seconds
[2023-10-13T17:22:09.635+0000] {processor.py:157} INFO - Started process (PID=980) to work on /opt/airflow/dags/wikipedia_etl.py
[2023-10-13T17:22:09.636+0000] {processor.py:829} INFO - Processing file /opt/airflow/dags/wikipedia_etl.py for tasks to queue
[2023-10-13T17:22:09.638+0000] {logging_mixin.py:151} INFO - [2023-10-13T17:22:09.638+0000] {dagbag.py:539} INFO - Filling up the DagBag from /opt/airflow/dags/wikipedia_etl.py
[2023-10-13T17:22:09.789+0000] {processor.py:839} INFO - DAG(s) dict_keys(['wikipedia_etl']) retrieved from /opt/airflow/dags/wikipedia_etl.py
[2023-10-13T17:22:09.805+0000] {logging_mixin.py:151} INFO - [2023-10-13T17:22:09.805+0000] {dag.py:2915} INFO - Sync 1 DAGs
[2023-10-13T17:22:09.839+0000] {processor.py:179} INFO - Processing /opt/airflow/dags/wikipedia_etl.py took 0.207 seconds
[2023-10-13T17:22:40.317+0000] {processor.py:157} INFO - Started process (PID=1035) to work on /opt/airflow/dags/wikipedia_etl.py
[2023-10-13T17:22:40.318+0000] {processor.py:829} INFO - Processing file /opt/airflow/dags/wikipedia_etl.py for tasks to queue
[2023-10-13T17:22:40.320+0000] {logging_mixin.py:151} INFO - [2023-10-13T17:22:40.320+0000] {dagbag.py:539} INFO - Filling up the DagBag from /opt/airflow/dags/wikipedia_etl.py
[2023-10-13T17:22:40.483+0000] {processor.py:839} INFO - DAG(s) dict_keys(['wikipedia_etl']) retrieved from /opt/airflow/dags/wikipedia_etl.py
[2023-10-13T17:22:40.499+0000] {logging_mixin.py:151} INFO - [2023-10-13T17:22:40.499+0000] {dag.py:2915} INFO - Sync 1 DAGs
[2023-10-13T17:22:40.533+0000] {processor.py:179} INFO - Processing /opt/airflow/dags/wikipedia_etl.py took 0.219 seconds
[2023-10-13T17:23:11.143+0000] {processor.py:157} INFO - Started process (PID=1090) to work on /opt/airflow/dags/wikipedia_etl.py
[2023-10-13T17:23:11.145+0000] {processor.py:829} INFO - Processing file /opt/airflow/dags/wikipedia_etl.py for tasks to queue
[2023-10-13T17:23:11.147+0000] {logging_mixin.py:151} INFO - [2023-10-13T17:23:11.147+0000] {dagbag.py:539} INFO - Filling up the DagBag from /opt/airflow/dags/wikipedia_etl.py
[2023-10-13T17:23:11.379+0000] {processor.py:839} INFO - DAG(s) dict_keys(['wikipedia_etl']) retrieved from /opt/airflow/dags/wikipedia_etl.py
[2023-10-13T17:23:11.399+0000] {logging_mixin.py:151} INFO - [2023-10-13T17:23:11.399+0000] {dag.py:2915} INFO - Sync 1 DAGs
[2023-10-13T17:23:11.453+0000] {processor.py:179} INFO - Processing /opt/airflow/dags/wikipedia_etl.py took 0.313 seconds
[2023-10-13T17:23:42.237+0000] {processor.py:157} INFO - Started process (PID=1145) to work on /opt/airflow/dags/wikipedia_etl.py
[2023-10-13T17:23:42.239+0000] {processor.py:829} INFO - Processing file /opt/airflow/dags/wikipedia_etl.py for tasks to queue
[2023-10-13T17:23:42.241+0000] {logging_mixin.py:151} INFO - [2023-10-13T17:23:42.240+0000] {dagbag.py:539} INFO - Filling up the DagBag from /opt/airflow/dags/wikipedia_etl.py
[2023-10-13T17:23:42.427+0000] {processor.py:839} INFO - DAG(s) dict_keys(['wikipedia_etl']) retrieved from /opt/airflow/dags/wikipedia_etl.py
[2023-10-13T17:23:42.459+0000] {logging_mixin.py:151} INFO - [2023-10-13T17:23:42.458+0000] {dag.py:2915} INFO - Sync 1 DAGs
[2023-10-13T17:23:42.493+0000] {processor.py:179} INFO - Processing /opt/airflow/dags/wikipedia_etl.py took 0.259 seconds
[2023-10-13T17:24:12.551+0000] {processor.py:157} INFO - Started process (PID=1200) to work on /opt/airflow/dags/wikipedia_etl.py
[2023-10-13T17:24:12.553+0000] {processor.py:829} INFO - Processing file /opt/airflow/dags/wikipedia_etl.py for tasks to queue
[2023-10-13T17:24:12.555+0000] {logging_mixin.py:151} INFO - [2023-10-13T17:24:12.554+0000] {dagbag.py:539} INFO - Filling up the DagBag from /opt/airflow/dags/wikipedia_etl.py
[2023-10-13T17:24:12.706+0000] {processor.py:839} INFO - DAG(s) dict_keys(['wikipedia_etl']) retrieved from /opt/airflow/dags/wikipedia_etl.py
[2023-10-13T17:24:12.722+0000] {logging_mixin.py:151} INFO - [2023-10-13T17:24:12.722+0000] {dag.py:2915} INFO - Sync 1 DAGs
[2023-10-13T17:24:12.758+0000] {processor.py:179} INFO - Processing /opt/airflow/dags/wikipedia_etl.py took 0.209 seconds
[2023-10-13T17:24:43.210+0000] {processor.py:157} INFO - Started process (PID=1255) to work on /opt/airflow/dags/wikipedia_etl.py
[2023-10-13T17:24:43.211+0000] {processor.py:829} INFO - Processing file /opt/airflow/dags/wikipedia_etl.py for tasks to queue
[2023-10-13T17:24:43.214+0000] {logging_mixin.py:151} INFO - [2023-10-13T17:24:43.214+0000] {dagbag.py:539} INFO - Filling up the DagBag from /opt/airflow/dags/wikipedia_etl.py
[2023-10-13T17:24:43.559+0000] {processor.py:839} INFO - DAG(s) dict_keys(['wikipedia_etl']) retrieved from /opt/airflow/dags/wikipedia_etl.py
[2023-10-13T17:24:43.589+0000] {logging_mixin.py:151} INFO - [2023-10-13T17:24:43.588+0000] {dag.py:2915} INFO - Sync 1 DAGs
[2023-10-13T17:24:43.666+0000] {processor.py:179} INFO - Processing /opt/airflow/dags/wikipedia_etl.py took 0.460 seconds
[2023-10-13T17:25:14.139+0000] {processor.py:157} INFO - Started process (PID=1317) to work on /opt/airflow/dags/wikipedia_etl.py
[2023-10-13T17:25:14.144+0000] {processor.py:829} INFO - Processing file /opt/airflow/dags/wikipedia_etl.py for tasks to queue
[2023-10-13T17:25:14.146+0000] {logging_mixin.py:151} INFO - [2023-10-13T17:25:14.145+0000] {dagbag.py:539} INFO - Filling up the DagBag from /opt/airflow/dags/wikipedia_etl.py
[2023-10-13T17:25:14.290+0000] {processor.py:839} INFO - DAG(s) dict_keys(['wikipedia_etl']) retrieved from /opt/airflow/dags/wikipedia_etl.py
[2023-10-13T17:25:14.306+0000] {logging_mixin.py:151} INFO - [2023-10-13T17:25:14.305+0000] {dag.py:2915} INFO - Sync 1 DAGs
[2023-10-13T17:25:14.339+0000] {processor.py:179} INFO - Processing /opt/airflow/dags/wikipedia_etl.py took 0.202 seconds
[2023-10-13T17:25:44.480+0000] {processor.py:157} INFO - Started process (PID=1372) to work on /opt/airflow/dags/wikipedia_etl.py
[2023-10-13T17:25:44.481+0000] {processor.py:829} INFO - Processing file /opt/airflow/dags/wikipedia_etl.py for tasks to queue
[2023-10-13T17:25:44.483+0000] {logging_mixin.py:151} INFO - [2023-10-13T17:25:44.482+0000] {dagbag.py:539} INFO - Filling up the DagBag from /opt/airflow/dags/wikipedia_etl.py
[2023-10-13T17:25:44.646+0000] {processor.py:839} INFO - DAG(s) dict_keys(['wikipedia_etl']) retrieved from /opt/airflow/dags/wikipedia_etl.py
[2023-10-13T17:25:44.661+0000] {logging_mixin.py:151} INFO - [2023-10-13T17:25:44.660+0000] {dag.py:2915} INFO - Sync 1 DAGs
[2023-10-13T17:25:44.694+0000] {processor.py:179} INFO - Processing /opt/airflow/dags/wikipedia_etl.py took 0.216 seconds
[2023-10-13T17:26:14.944+0000] {processor.py:157} INFO - Started process (PID=1427) to work on /opt/airflow/dags/wikipedia_etl.py
[2023-10-13T17:26:14.945+0000] {processor.py:829} INFO - Processing file /opt/airflow/dags/wikipedia_etl.py for tasks to queue
[2023-10-13T17:26:14.947+0000] {logging_mixin.py:151} INFO - [2023-10-13T17:26:14.946+0000] {dagbag.py:539} INFO - Filling up the DagBag from /opt/airflow/dags/wikipedia_etl.py
[2023-10-13T17:26:15.089+0000] {processor.py:839} INFO - DAG(s) dict_keys(['wikipedia_etl']) retrieved from /opt/airflow/dags/wikipedia_etl.py
[2023-10-13T17:26:15.107+0000] {logging_mixin.py:151} INFO - [2023-10-13T17:26:15.106+0000] {dag.py:2915} INFO - Sync 1 DAGs
[2023-10-13T17:26:15.125+0000] {logging_mixin.py:151} INFO - [2023-10-13T17:26:15.125+0000] {dag.py:3696} INFO - Setting next_dagrun for wikipedia_etl to 2023-10-13T00:00:00+00:00, run_after=2023-10-14T00:00:00+00:00
[2023-10-13T17:26:15.142+0000] {processor.py:179} INFO - Processing /opt/airflow/dags/wikipedia_etl.py took 0.201 seconds
[2023-10-13T17:26:45.360+0000] {processor.py:157} INFO - Started process (PID=1482) to work on /opt/airflow/dags/wikipedia_etl.py
[2023-10-13T17:26:45.361+0000] {processor.py:829} INFO - Processing file /opt/airflow/dags/wikipedia_etl.py for tasks to queue
[2023-10-13T17:26:45.363+0000] {logging_mixin.py:151} INFO - [2023-10-13T17:26:45.363+0000] {dagbag.py:539} INFO - Filling up the DagBag from /opt/airflow/dags/wikipedia_etl.py
[2023-10-13T17:26:45.615+0000] {processor.py:839} INFO - DAG(s) dict_keys(['wikipedia_etl']) retrieved from /opt/airflow/dags/wikipedia_etl.py
[2023-10-13T17:26:45.639+0000] {logging_mixin.py:151} INFO - [2023-10-13T17:26:45.638+0000] {dag.py:2915} INFO - Sync 1 DAGs
[2023-10-13T17:26:45.675+0000] {logging_mixin.py:151} INFO - [2023-10-13T17:26:45.675+0000] {dag.py:3696} INFO - Setting next_dagrun for wikipedia_etl to 2023-10-13T00:00:00+00:00, run_after=2023-10-14T00:00:00+00:00
[2023-10-13T17:26:45.700+0000] {processor.py:179} INFO - Processing /opt/airflow/dags/wikipedia_etl.py took 0.343 seconds
[2023-10-13T17:27:16.262+0000] {processor.py:157} INFO - Started process (PID=1537) to work on /opt/airflow/dags/wikipedia_etl.py
[2023-10-13T17:27:16.263+0000] {processor.py:829} INFO - Processing file /opt/airflow/dags/wikipedia_etl.py for tasks to queue
[2023-10-13T17:27:16.265+0000] {logging_mixin.py:151} INFO - [2023-10-13T17:27:16.265+0000] {dagbag.py:539} INFO - Filling up the DagBag from /opt/airflow/dags/wikipedia_etl.py
[2023-10-13T17:27:16.422+0000] {processor.py:839} INFO - DAG(s) dict_keys(['wikipedia_etl']) retrieved from /opt/airflow/dags/wikipedia_etl.py
[2023-10-13T17:27:16.438+0000] {logging_mixin.py:151} INFO - [2023-10-13T17:27:16.437+0000] {dag.py:2915} INFO - Sync 1 DAGs
[2023-10-13T17:27:16.456+0000] {logging_mixin.py:151} INFO - [2023-10-13T17:27:16.456+0000] {dag.py:3696} INFO - Setting next_dagrun for wikipedia_etl to 2023-10-13T00:00:00+00:00, run_after=2023-10-14T00:00:00+00:00
[2023-10-13T17:27:16.473+0000] {processor.py:179} INFO - Processing /opt/airflow/dags/wikipedia_etl.py took 0.214 seconds
[2023-10-13T17:27:46.515+0000] {processor.py:157} INFO - Started process (PID=1592) to work on /opt/airflow/dags/wikipedia_etl.py
[2023-10-13T17:27:46.516+0000] {processor.py:829} INFO - Processing file /opt/airflow/dags/wikipedia_etl.py for tasks to queue
[2023-10-13T17:27:46.519+0000] {logging_mixin.py:151} INFO - [2023-10-13T17:27:46.519+0000] {dagbag.py:539} INFO - Filling up the DagBag from /opt/airflow/dags/wikipedia_etl.py
[2023-10-13T17:27:46.731+0000] {processor.py:839} INFO - DAG(s) dict_keys(['wikipedia_etl']) retrieved from /opt/airflow/dags/wikipedia_etl.py
[2023-10-13T17:27:46.772+0000] {logging_mixin.py:151} INFO - [2023-10-13T17:27:46.771+0000] {dag.py:2915} INFO - Sync 1 DAGs
[2023-10-13T17:27:46.806+0000] {logging_mixin.py:151} INFO - [2023-10-13T17:27:46.805+0000] {dag.py:3696} INFO - Setting next_dagrun for wikipedia_etl to 2023-10-13T00:00:00+00:00, run_after=2023-10-14T00:00:00+00:00
[2023-10-13T17:27:46.832+0000] {processor.py:179} INFO - Processing /opt/airflow/dags/wikipedia_etl.py took 0.320 seconds
[2023-10-13T17:28:16.878+0000] {processor.py:157} INFO - Started process (PID=1649) to work on /opt/airflow/dags/wikipedia_etl.py
[2023-10-13T17:28:16.879+0000] {processor.py:829} INFO - Processing file /opt/airflow/dags/wikipedia_etl.py for tasks to queue
[2023-10-13T17:28:16.881+0000] {logging_mixin.py:151} INFO - [2023-10-13T17:28:16.880+0000] {dagbag.py:539} INFO - Filling up the DagBag from /opt/airflow/dags/wikipedia_etl.py
[2023-10-13T17:28:17.021+0000] {processor.py:839} INFO - DAG(s) dict_keys(['wikipedia_etl']) retrieved from /opt/airflow/dags/wikipedia_etl.py
[2023-10-13T17:28:17.036+0000] {logging_mixin.py:151} INFO - [2023-10-13T17:28:17.036+0000] {dag.py:2915} INFO - Sync 1 DAGs
[2023-10-13T17:28:17.055+0000] {logging_mixin.py:151} INFO - [2023-10-13T17:28:17.055+0000] {dag.py:3696} INFO - Setting next_dagrun for wikipedia_etl to 2023-10-13T00:00:00+00:00, run_after=2023-10-14T00:00:00+00:00
[2023-10-13T17:28:17.073+0000] {processor.py:179} INFO - Processing /opt/airflow/dags/wikipedia_etl.py took 0.198 seconds
[2023-10-13T17:28:47.254+0000] {processor.py:157} INFO - Started process (PID=1702) to work on /opt/airflow/dags/wikipedia_etl.py
[2023-10-13T17:28:47.255+0000] {processor.py:829} INFO - Processing file /opt/airflow/dags/wikipedia_etl.py for tasks to queue
[2023-10-13T17:28:47.257+0000] {logging_mixin.py:151} INFO - [2023-10-13T17:28:47.257+0000] {dagbag.py:539} INFO - Filling up the DagBag from /opt/airflow/dags/wikipedia_etl.py
[2023-10-13T17:28:47.443+0000] {processor.py:839} INFO - DAG(s) dict_keys(['wikipedia_etl']) retrieved from /opt/airflow/dags/wikipedia_etl.py
[2023-10-13T17:28:47.463+0000] {logging_mixin.py:151} INFO - [2023-10-13T17:28:47.462+0000] {dag.py:2915} INFO - Sync 1 DAGs
[2023-10-13T17:28:47.484+0000] {logging_mixin.py:151} INFO - [2023-10-13T17:28:47.483+0000] {dag.py:3696} INFO - Setting next_dagrun for wikipedia_etl to 2023-10-13T00:00:00+00:00, run_after=2023-10-14T00:00:00+00:00
[2023-10-13T17:28:47.503+0000] {processor.py:179} INFO - Processing /opt/airflow/dags/wikipedia_etl.py took 0.252 seconds
[2023-10-13T17:29:17.675+0000] {processor.py:157} INFO - Started process (PID=1758) to work on /opt/airflow/dags/wikipedia_etl.py
[2023-10-13T17:29:17.676+0000] {processor.py:829} INFO - Processing file /opt/airflow/dags/wikipedia_etl.py for tasks to queue
[2023-10-13T17:29:17.678+0000] {logging_mixin.py:151} INFO - [2023-10-13T17:29:17.678+0000] {dagbag.py:539} INFO - Filling up the DagBag from /opt/airflow/dags/wikipedia_etl.py
[2023-10-13T17:29:17.845+0000] {processor.py:839} INFO - DAG(s) dict_keys(['wikipedia_etl']) retrieved from /opt/airflow/dags/wikipedia_etl.py
[2023-10-13T17:29:17.863+0000] {logging_mixin.py:151} INFO - [2023-10-13T17:29:17.862+0000] {dag.py:2915} INFO - Sync 1 DAGs
[2023-10-13T17:29:17.883+0000] {logging_mixin.py:151} INFO - [2023-10-13T17:29:17.882+0000] {dag.py:3696} INFO - Setting next_dagrun for wikipedia_etl to 2023-10-13T00:00:00+00:00, run_after=2023-10-14T00:00:00+00:00
[2023-10-13T17:29:17.900+0000] {processor.py:179} INFO - Processing /opt/airflow/dags/wikipedia_etl.py took 0.228 seconds
[2023-10-13T17:29:47.928+0000] {processor.py:157} INFO - Started process (PID=1813) to work on /opt/airflow/dags/wikipedia_etl.py
[2023-10-13T17:29:47.932+0000] {processor.py:829} INFO - Processing file /opt/airflow/dags/wikipedia_etl.py for tasks to queue
[2023-10-13T17:29:47.934+0000] {logging_mixin.py:151} INFO - [2023-10-13T17:29:47.933+0000] {dagbag.py:539} INFO - Filling up the DagBag from /opt/airflow/dags/wikipedia_etl.py
[2023-10-13T17:29:48.083+0000] {processor.py:839} INFO - DAG(s) dict_keys(['wikipedia_etl']) retrieved from /opt/airflow/dags/wikipedia_etl.py
[2023-10-13T17:29:48.100+0000] {logging_mixin.py:151} INFO - [2023-10-13T17:29:48.099+0000] {dag.py:2915} INFO - Sync 1 DAGs
[2023-10-13T17:29:48.118+0000] {logging_mixin.py:151} INFO - [2023-10-13T17:29:48.118+0000] {dag.py:3696} INFO - Setting next_dagrun for wikipedia_etl to 2023-10-13T00:00:00+00:00, run_after=2023-10-14T00:00:00+00:00
[2023-10-13T17:29:48.136+0000] {processor.py:179} INFO - Processing /opt/airflow/dags/wikipedia_etl.py took 0.210 seconds
[2023-10-13T17:30:18.283+0000] {processor.py:157} INFO - Started process (PID=1869) to work on /opt/airflow/dags/wikipedia_etl.py
[2023-10-13T17:30:18.285+0000] {processor.py:829} INFO - Processing file /opt/airflow/dags/wikipedia_etl.py for tasks to queue
[2023-10-13T17:30:18.286+0000] {logging_mixin.py:151} INFO - [2023-10-13T17:30:18.286+0000] {dagbag.py:539} INFO - Filling up the DagBag from /opt/airflow/dags/wikipedia_etl.py
[2023-10-13T17:30:18.428+0000] {processor.py:839} INFO - DAG(s) dict_keys(['wikipedia_etl']) retrieved from /opt/airflow/dags/wikipedia_etl.py
[2023-10-13T17:30:18.444+0000] {logging_mixin.py:151} INFO - [2023-10-13T17:30:18.444+0000] {dag.py:2915} INFO - Sync 1 DAGs
[2023-10-13T17:30:18.460+0000] {logging_mixin.py:151} INFO - [2023-10-13T17:30:18.460+0000] {dag.py:3696} INFO - Setting next_dagrun for wikipedia_etl to 2023-10-13T00:00:00+00:00, run_after=2023-10-14T00:00:00+00:00
[2023-10-13T17:30:18.477+0000] {processor.py:179} INFO - Processing /opt/airflow/dags/wikipedia_etl.py took 0.196 seconds
[2023-10-13T17:30:48.513+0000] {processor.py:157} INFO - Started process (PID=1923) to work on /opt/airflow/dags/wikipedia_etl.py
[2023-10-13T17:30:48.514+0000] {processor.py:829} INFO - Processing file /opt/airflow/dags/wikipedia_etl.py for tasks to queue
[2023-10-13T17:30:48.516+0000] {logging_mixin.py:151} INFO - [2023-10-13T17:30:48.516+0000] {dagbag.py:539} INFO - Filling up the DagBag from /opt/airflow/dags/wikipedia_etl.py
[2023-10-13T17:30:48.677+0000] {processor.py:839} INFO - DAG(s) dict_keys(['wikipedia_etl']) retrieved from /opt/airflow/dags/wikipedia_etl.py
[2023-10-13T17:30:48.694+0000] {logging_mixin.py:151} INFO - [2023-10-13T17:30:48.694+0000] {dag.py:2915} INFO - Sync 1 DAGs
[2023-10-13T17:30:48.714+0000] {logging_mixin.py:151} INFO - [2023-10-13T17:30:48.714+0000] {dag.py:3696} INFO - Setting next_dagrun for wikipedia_etl to 2023-10-13T00:00:00+00:00, run_after=2023-10-14T00:00:00+00:00
[2023-10-13T17:30:48.735+0000] {processor.py:179} INFO - Processing /opt/airflow/dags/wikipedia_etl.py took 0.226 seconds
[2023-10-13T17:31:19.048+0000] {processor.py:157} INFO - Started process (PID=1978) to work on /opt/airflow/dags/wikipedia_etl.py
[2023-10-13T17:31:19.049+0000] {processor.py:829} INFO - Processing file /opt/airflow/dags/wikipedia_etl.py for tasks to queue
[2023-10-13T17:31:19.051+0000] {logging_mixin.py:151} INFO - [2023-10-13T17:31:19.050+0000] {dagbag.py:539} INFO - Filling up the DagBag from /opt/airflow/dags/wikipedia_etl.py
[2023-10-13T17:31:19.193+0000] {processor.py:839} INFO - DAG(s) dict_keys(['wikipedia_etl']) retrieved from /opt/airflow/dags/wikipedia_etl.py
[2023-10-13T17:31:19.209+0000] {logging_mixin.py:151} INFO - [2023-10-13T17:31:19.208+0000] {dag.py:2915} INFO - Sync 1 DAGs
[2023-10-13T17:31:19.226+0000] {logging_mixin.py:151} INFO - [2023-10-13T17:31:19.226+0000] {dag.py:3696} INFO - Setting next_dagrun for wikipedia_etl to 2023-10-13T00:00:00+00:00, run_after=2023-10-14T00:00:00+00:00
[2023-10-13T17:31:19.244+0000] {processor.py:179} INFO - Processing /opt/airflow/dags/wikipedia_etl.py took 0.199 seconds
[2023-10-13T17:31:49.305+0000] {processor.py:157} INFO - Started process (PID=2033) to work on /opt/airflow/dags/wikipedia_etl.py
[2023-10-13T17:31:49.311+0000] {processor.py:829} INFO - Processing file /opt/airflow/dags/wikipedia_etl.py for tasks to queue
[2023-10-13T17:31:49.313+0000] {logging_mixin.py:151} INFO - [2023-10-13T17:31:49.313+0000] {dagbag.py:539} INFO - Filling up the DagBag from /opt/airflow/dags/wikipedia_etl.py
[2023-10-13T17:31:49.462+0000] {processor.py:839} INFO - DAG(s) dict_keys(['wikipedia_etl']) retrieved from /opt/airflow/dags/wikipedia_etl.py
[2023-10-13T17:31:49.478+0000] {logging_mixin.py:151} INFO - [2023-10-13T17:31:49.477+0000] {dag.py:2915} INFO - Sync 1 DAGs
[2023-10-13T17:31:49.496+0000] {logging_mixin.py:151} INFO - [2023-10-13T17:31:49.496+0000] {dag.py:3696} INFO - Setting next_dagrun for wikipedia_etl to 2023-10-13T00:00:00+00:00, run_after=2023-10-14T00:00:00+00:00
[2023-10-13T17:31:49.512+0000] {processor.py:179} INFO - Processing /opt/airflow/dags/wikipedia_etl.py took 0.210 seconds
[2023-10-13T17:32:19.833+0000] {processor.py:157} INFO - Started process (PID=2088) to work on /opt/airflow/dags/wikipedia_etl.py
[2023-10-13T17:32:19.834+0000] {processor.py:829} INFO - Processing file /opt/airflow/dags/wikipedia_etl.py for tasks to queue
[2023-10-13T17:32:19.837+0000] {logging_mixin.py:151} INFO - [2023-10-13T17:32:19.836+0000] {dagbag.py:539} INFO - Filling up the DagBag from /opt/airflow/dags/wikipedia_etl.py
[2023-10-13T17:32:20.026+0000] {processor.py:839} INFO - DAG(s) dict_keys(['wikipedia_etl']) retrieved from /opt/airflow/dags/wikipedia_etl.py
[2023-10-13T17:32:20.044+0000] {logging_mixin.py:151} INFO - [2023-10-13T17:32:20.043+0000] {dag.py:2915} INFO - Sync 1 DAGs
[2023-10-13T17:32:20.066+0000] {logging_mixin.py:151} INFO - [2023-10-13T17:32:20.066+0000] {dag.py:3696} INFO - Setting next_dagrun for wikipedia_etl to 2023-10-13T00:00:00+00:00, run_after=2023-10-14T00:00:00+00:00
[2023-10-13T17:32:20.083+0000] {processor.py:179} INFO - Processing /opt/airflow/dags/wikipedia_etl.py took 0.254 seconds
[2023-10-13T17:32:50.180+0000] {processor.py:157} INFO - Started process (PID=2143) to work on /opt/airflow/dags/wikipedia_etl.py
[2023-10-13T17:32:50.182+0000] {processor.py:829} INFO - Processing file /opt/airflow/dags/wikipedia_etl.py for tasks to queue
[2023-10-13T17:32:50.185+0000] {logging_mixin.py:151} INFO - [2023-10-13T17:32:50.184+0000] {dagbag.py:539} INFO - Filling up the DagBag from /opt/airflow/dags/wikipedia_etl.py
[2023-10-13T17:32:50.477+0000] {processor.py:839} INFO - DAG(s) dict_keys(['wikipedia_etl']) retrieved from /opt/airflow/dags/wikipedia_etl.py
[2023-10-13T17:32:50.510+0000] {logging_mixin.py:151} INFO - [2023-10-13T17:32:50.509+0000] {dag.py:2915} INFO - Sync 1 DAGs
[2023-10-13T17:32:50.561+0000] {logging_mixin.py:151} INFO - [2023-10-13T17:32:50.561+0000] {dag.py:3696} INFO - Setting next_dagrun for wikipedia_etl to 2023-10-13T00:00:00+00:00, run_after=2023-10-14T00:00:00+00:00
[2023-10-13T17:32:50.599+0000] {processor.py:179} INFO - Processing /opt/airflow/dags/wikipedia_etl.py took 0.426 seconds
[2023-10-13T17:33:20.670+0000] {processor.py:157} INFO - Started process (PID=2198) to work on /opt/airflow/dags/wikipedia_etl.py
[2023-10-13T17:33:20.674+0000] {processor.py:829} INFO - Processing file /opt/airflow/dags/wikipedia_etl.py for tasks to queue
[2023-10-13T17:33:20.677+0000] {logging_mixin.py:151} INFO - [2023-10-13T17:33:20.676+0000] {dagbag.py:539} INFO - Filling up the DagBag from /opt/airflow/dags/wikipedia_etl.py
[2023-10-13T17:33:20.847+0000] {processor.py:839} INFO - DAG(s) dict_keys(['wikipedia_etl']) retrieved from /opt/airflow/dags/wikipedia_etl.py
[2023-10-13T17:33:20.864+0000] {logging_mixin.py:151} INFO - [2023-10-13T17:33:20.864+0000] {dag.py:2915} INFO - Sync 1 DAGs
[2023-10-13T17:33:20.887+0000] {logging_mixin.py:151} INFO - [2023-10-13T17:33:20.887+0000] {dag.py:3696} INFO - Setting next_dagrun for wikipedia_etl to 2023-10-13T00:00:00+00:00, run_after=2023-10-14T00:00:00+00:00
[2023-10-13T17:33:20.907+0000] {processor.py:179} INFO - Processing /opt/airflow/dags/wikipedia_etl.py took 0.240 seconds
[2023-10-13T17:33:50.989+0000] {processor.py:157} INFO - Started process (PID=2253) to work on /opt/airflow/dags/wikipedia_etl.py
[2023-10-13T17:33:50.990+0000] {processor.py:829} INFO - Processing file /opt/airflow/dags/wikipedia_etl.py for tasks to queue
[2023-10-13T17:33:50.992+0000] {logging_mixin.py:151} INFO - [2023-10-13T17:33:50.992+0000] {dagbag.py:539} INFO - Filling up the DagBag from /opt/airflow/dags/wikipedia_etl.py
[2023-10-13T17:33:51.146+0000] {processor.py:839} INFO - DAG(s) dict_keys(['wikipedia_etl']) retrieved from /opt/airflow/dags/wikipedia_etl.py
[2023-10-13T17:33:51.164+0000] {logging_mixin.py:151} INFO - [2023-10-13T17:33:51.163+0000] {dag.py:2915} INFO - Sync 1 DAGs
[2023-10-13T17:33:51.183+0000] {logging_mixin.py:151} INFO - [2023-10-13T17:33:51.183+0000] {dag.py:3696} INFO - Setting next_dagrun for wikipedia_etl to 2023-10-13T00:00:00+00:00, run_after=2023-10-14T00:00:00+00:00
[2023-10-13T17:33:51.211+0000] {processor.py:179} INFO - Processing /opt/airflow/dags/wikipedia_etl.py took 0.225 seconds
[2023-10-13T17:34:21.537+0000] {processor.py:157} INFO - Started process (PID=2308) to work on /opt/airflow/dags/wikipedia_etl.py
[2023-10-13T17:34:21.541+0000] {processor.py:829} INFO - Processing file /opt/airflow/dags/wikipedia_etl.py for tasks to queue
[2023-10-13T17:34:21.543+0000] {logging_mixin.py:151} INFO - [2023-10-13T17:34:21.543+0000] {dagbag.py:539} INFO - Filling up the DagBag from /opt/airflow/dags/wikipedia_etl.py
[2023-10-13T17:34:21.686+0000] {processor.py:839} INFO - DAG(s) dict_keys(['wikipedia_etl']) retrieved from /opt/airflow/dags/wikipedia_etl.py
[2023-10-13T17:34:21.702+0000] {logging_mixin.py:151} INFO - [2023-10-13T17:34:21.702+0000] {dag.py:2915} INFO - Sync 1 DAGs
[2023-10-13T17:34:21.720+0000] {logging_mixin.py:151} INFO - [2023-10-13T17:34:21.720+0000] {dag.py:3696} INFO - Setting next_dagrun for wikipedia_etl to 2023-10-13T00:00:00+00:00, run_after=2023-10-14T00:00:00+00:00
[2023-10-13T17:34:21.739+0000] {processor.py:179} INFO - Processing /opt/airflow/dags/wikipedia_etl.py took 0.205 seconds
[2023-10-13T17:34:51.783+0000] {processor.py:157} INFO - Started process (PID=2364) to work on /opt/airflow/dags/wikipedia_etl.py
[2023-10-13T17:34:51.784+0000] {processor.py:829} INFO - Processing file /opt/airflow/dags/wikipedia_etl.py for tasks to queue
[2023-10-13T17:34:51.785+0000] {logging_mixin.py:151} INFO - [2023-10-13T17:34:51.785+0000] {dagbag.py:539} INFO - Filling up the DagBag from /opt/airflow/dags/wikipedia_etl.py
[2023-10-13T17:34:51.927+0000] {processor.py:839} INFO - DAG(s) dict_keys(['wikipedia_etl']) retrieved from /opt/airflow/dags/wikipedia_etl.py
[2023-10-13T17:34:51.943+0000] {logging_mixin.py:151} INFO - [2023-10-13T17:34:51.942+0000] {dag.py:2915} INFO - Sync 1 DAGs
[2023-10-13T17:34:51.961+0000] {logging_mixin.py:151} INFO - [2023-10-13T17:34:51.960+0000] {dag.py:3696} INFO - Setting next_dagrun for wikipedia_etl to 2023-10-13T00:00:00+00:00, run_after=2023-10-14T00:00:00+00:00
[2023-10-13T17:34:51.980+0000] {processor.py:179} INFO - Processing /opt/airflow/dags/wikipedia_etl.py took 0.199 seconds
[2023-10-13T17:35:22.001+0000] {processor.py:157} INFO - Started process (PID=2418) to work on /opt/airflow/dags/wikipedia_etl.py
[2023-10-13T17:35:22.003+0000] {processor.py:829} INFO - Processing file /opt/airflow/dags/wikipedia_etl.py for tasks to queue
[2023-10-13T17:35:22.004+0000] {logging_mixin.py:151} INFO - [2023-10-13T17:35:22.004+0000] {dagbag.py:539} INFO - Filling up the DagBag from /opt/airflow/dags/wikipedia_etl.py
[2023-10-13T17:35:22.157+0000] {processor.py:839} INFO - DAG(s) dict_keys(['wikipedia_etl']) retrieved from /opt/airflow/dags/wikipedia_etl.py
[2023-10-13T17:35:22.173+0000] {logging_mixin.py:151} INFO - [2023-10-13T17:35:22.172+0000] {dag.py:2915} INFO - Sync 1 DAGs
[2023-10-13T17:35:22.192+0000] {logging_mixin.py:151} INFO - [2023-10-13T17:35:22.192+0000] {dag.py:3696} INFO - Setting next_dagrun for wikipedia_etl to 2023-10-13T00:00:00+00:00, run_after=2023-10-14T00:00:00+00:00
[2023-10-13T17:35:22.208+0000] {processor.py:179} INFO - Processing /opt/airflow/dags/wikipedia_etl.py took 0.213 seconds
[2023-10-13T17:35:52.374+0000] {processor.py:157} INFO - Started process (PID=2473) to work on /opt/airflow/dags/wikipedia_etl.py
[2023-10-13T17:35:52.376+0000] {processor.py:829} INFO - Processing file /opt/airflow/dags/wikipedia_etl.py for tasks to queue
[2023-10-13T17:35:52.378+0000] {logging_mixin.py:151} INFO - [2023-10-13T17:35:52.378+0000] {dagbag.py:539} INFO - Filling up the DagBag from /opt/airflow/dags/wikipedia_etl.py
[2023-10-13T17:35:52.528+0000] {processor.py:839} INFO - DAG(s) dict_keys(['wikipedia_etl']) retrieved from /opt/airflow/dags/wikipedia_etl.py
[2023-10-13T17:35:52.544+0000] {logging_mixin.py:151} INFO - [2023-10-13T17:35:52.544+0000] {dag.py:2915} INFO - Sync 1 DAGs
[2023-10-13T17:35:52.562+0000] {logging_mixin.py:151} INFO - [2023-10-13T17:35:52.562+0000] {dag.py:3696} INFO - Setting next_dagrun for wikipedia_etl to 2023-10-13T00:00:00+00:00, run_after=2023-10-14T00:00:00+00:00
[2023-10-13T17:35:52.579+0000] {processor.py:179} INFO - Processing /opt/airflow/dags/wikipedia_etl.py took 0.207 seconds
[2023-10-13T17:36:22.965+0000] {processor.py:157} INFO - Started process (PID=2528) to work on /opt/airflow/dags/wikipedia_etl.py
[2023-10-13T17:36:22.966+0000] {processor.py:829} INFO - Processing file /opt/airflow/dags/wikipedia_etl.py for tasks to queue
[2023-10-13T17:36:22.967+0000] {logging_mixin.py:151} INFO - [2023-10-13T17:36:22.967+0000] {dagbag.py:539} INFO - Filling up the DagBag from /opt/airflow/dags/wikipedia_etl.py
[2023-10-13T17:36:23.154+0000] {processor.py:839} INFO - DAG(s) dict_keys(['wikipedia_etl']) retrieved from /opt/airflow/dags/wikipedia_etl.py
[2023-10-13T17:36:23.169+0000] {logging_mixin.py:151} INFO - [2023-10-13T17:36:23.169+0000] {dag.py:2915} INFO - Sync 1 DAGs
[2023-10-13T17:36:23.188+0000] {logging_mixin.py:151} INFO - [2023-10-13T17:36:23.188+0000] {dag.py:3696} INFO - Setting next_dagrun for wikipedia_etl to 2023-10-13T00:00:00+00:00, run_after=2023-10-14T00:00:00+00:00
[2023-10-13T17:36:23.204+0000] {processor.py:179} INFO - Processing /opt/airflow/dags/wikipedia_etl.py took 0.242 seconds
[2023-10-13T17:36:53.503+0000] {processor.py:157} INFO - Started process (PID=2583) to work on /opt/airflow/dags/wikipedia_etl.py
[2023-10-13T17:36:53.504+0000] {processor.py:829} INFO - Processing file /opt/airflow/dags/wikipedia_etl.py for tasks to queue
[2023-10-13T17:36:53.506+0000] {logging_mixin.py:151} INFO - [2023-10-13T17:36:53.506+0000] {dagbag.py:539} INFO - Filling up the DagBag from /opt/airflow/dags/wikipedia_etl.py
[2023-10-13T17:36:53.653+0000] {processor.py:839} INFO - DAG(s) dict_keys(['wikipedia_etl']) retrieved from /opt/airflow/dags/wikipedia_etl.py
[2023-10-13T17:36:53.670+0000] {logging_mixin.py:151} INFO - [2023-10-13T17:36:53.669+0000] {dag.py:2915} INFO - Sync 1 DAGs
[2023-10-13T17:36:53.690+0000] {logging_mixin.py:151} INFO - [2023-10-13T17:36:53.690+0000] {dag.py:3696} INFO - Setting next_dagrun for wikipedia_etl to 2023-10-13T00:00:00+00:00, run_after=2023-10-14T00:00:00+00:00
[2023-10-13T17:36:53.708+0000] {processor.py:179} INFO - Processing /opt/airflow/dags/wikipedia_etl.py took 0.209 seconds
[2023-10-13T17:37:23.876+0000] {processor.py:157} INFO - Started process (PID=2638) to work on /opt/airflow/dags/wikipedia_etl.py
[2023-10-13T17:37:23.877+0000] {processor.py:829} INFO - Processing file /opt/airflow/dags/wikipedia_etl.py for tasks to queue
[2023-10-13T17:37:23.879+0000] {logging_mixin.py:151} INFO - [2023-10-13T17:37:23.879+0000] {dagbag.py:539} INFO - Filling up the DagBag from /opt/airflow/dags/wikipedia_etl.py
[2023-10-13T17:37:24.027+0000] {processor.py:839} INFO - DAG(s) dict_keys(['wikipedia_etl']) retrieved from /opt/airflow/dags/wikipedia_etl.py
[2023-10-13T17:37:24.044+0000] {logging_mixin.py:151} INFO - [2023-10-13T17:37:24.044+0000] {dag.py:2915} INFO - Sync 1 DAGs
[2023-10-13T17:37:24.063+0000] {logging_mixin.py:151} INFO - [2023-10-13T17:37:24.063+0000] {dag.py:3696} INFO - Setting next_dagrun for wikipedia_etl to 2023-10-13T00:00:00+00:00, run_after=2023-10-14T00:00:00+00:00
[2023-10-13T17:37:24.079+0000] {processor.py:179} INFO - Processing /opt/airflow/dags/wikipedia_etl.py took 0.206 seconds
[2023-10-13T17:37:54.102+0000] {processor.py:157} INFO - Started process (PID=2693) to work on /opt/airflow/dags/wikipedia_etl.py
[2023-10-13T17:37:54.107+0000] {processor.py:829} INFO - Processing file /opt/airflow/dags/wikipedia_etl.py for tasks to queue
[2023-10-13T17:37:54.110+0000] {logging_mixin.py:151} INFO - [2023-10-13T17:37:54.109+0000] {dagbag.py:539} INFO - Filling up the DagBag from /opt/airflow/dags/wikipedia_etl.py
[2023-10-13T17:37:54.279+0000] {processor.py:839} INFO - DAG(s) dict_keys(['wikipedia_etl']) retrieved from /opt/airflow/dags/wikipedia_etl.py
[2023-10-13T17:37:54.305+0000] {logging_mixin.py:151} INFO - [2023-10-13T17:37:54.304+0000] {dag.py:2915} INFO - Sync 1 DAGs
[2023-10-13T17:37:54.325+0000] {logging_mixin.py:151} INFO - [2023-10-13T17:37:54.324+0000] {dag.py:3696} INFO - Setting next_dagrun for wikipedia_etl to 2023-10-13T00:00:00+00:00, run_after=2023-10-14T00:00:00+00:00
[2023-10-13T17:37:54.344+0000] {processor.py:179} INFO - Processing /opt/airflow/dags/wikipedia_etl.py took 0.245 seconds
[2023-10-13T17:38:24.471+0000] {processor.py:157} INFO - Started process (PID=2748) to work on /opt/airflow/dags/wikipedia_etl.py
[2023-10-13T17:38:24.472+0000] {processor.py:829} INFO - Processing file /opt/airflow/dags/wikipedia_etl.py for tasks to queue
[2023-10-13T17:38:24.475+0000] {logging_mixin.py:151} INFO - [2023-10-13T17:38:24.474+0000] {dagbag.py:539} INFO - Filling up the DagBag from /opt/airflow/dags/wikipedia_etl.py
[2023-10-13T17:38:24.639+0000] {processor.py:839} INFO - DAG(s) dict_keys(['wikipedia_etl']) retrieved from /opt/airflow/dags/wikipedia_etl.py
[2023-10-13T17:38:24.657+0000] {logging_mixin.py:151} INFO - [2023-10-13T17:38:24.656+0000] {dag.py:2915} INFO - Sync 1 DAGs
[2023-10-13T17:38:24.677+0000] {logging_mixin.py:151} INFO - [2023-10-13T17:38:24.677+0000] {dag.py:3696} INFO - Setting next_dagrun for wikipedia_etl to 2023-10-13T00:00:00+00:00, run_after=2023-10-14T00:00:00+00:00
[2023-10-13T17:38:24.719+0000] {processor.py:179} INFO - Processing /opt/airflow/dags/wikipedia_etl.py took 0.251 seconds
[2023-10-13T17:38:54.898+0000] {processor.py:157} INFO - Started process (PID=2803) to work on /opt/airflow/dags/wikipedia_etl.py
[2023-10-13T17:38:54.899+0000] {processor.py:829} INFO - Processing file /opt/airflow/dags/wikipedia_etl.py for tasks to queue
[2023-10-13T17:38:54.901+0000] {logging_mixin.py:151} INFO - [2023-10-13T17:38:54.901+0000] {dagbag.py:539} INFO - Filling up the DagBag from /opt/airflow/dags/wikipedia_etl.py
[2023-10-13T17:38:55.056+0000] {processor.py:839} INFO - DAG(s) dict_keys(['wikipedia_etl']) retrieved from /opt/airflow/dags/wikipedia_etl.py
[2023-10-13T17:38:55.071+0000] {logging_mixin.py:151} INFO - [2023-10-13T17:38:55.071+0000] {dag.py:2915} INFO - Sync 1 DAGs
[2023-10-13T17:38:55.092+0000] {logging_mixin.py:151} INFO - [2023-10-13T17:38:55.092+0000] {dag.py:3696} INFO - Setting next_dagrun for wikipedia_etl to 2023-10-13T00:00:00+00:00, run_after=2023-10-14T00:00:00+00:00
[2023-10-13T17:38:55.113+0000] {processor.py:179} INFO - Processing /opt/airflow/dags/wikipedia_etl.py took 0.218 seconds
[2023-10-13T17:39:25.390+0000] {processor.py:157} INFO - Started process (PID=2858) to work on /opt/airflow/dags/wikipedia_etl.py
[2023-10-13T17:39:25.391+0000] {processor.py:829} INFO - Processing file /opt/airflow/dags/wikipedia_etl.py for tasks to queue
[2023-10-13T17:39:25.393+0000] {logging_mixin.py:151} INFO - [2023-10-13T17:39:25.393+0000] {dagbag.py:539} INFO - Filling up the DagBag from /opt/airflow/dags/wikipedia_etl.py
[2023-10-13T17:39:25.547+0000] {processor.py:839} INFO - DAG(s) dict_keys(['wikipedia_etl']) retrieved from /opt/airflow/dags/wikipedia_etl.py
[2023-10-13T17:39:25.565+0000] {logging_mixin.py:151} INFO - [2023-10-13T17:39:25.564+0000] {dag.py:2915} INFO - Sync 1 DAGs
[2023-10-13T17:39:25.582+0000] {logging_mixin.py:151} INFO - [2023-10-13T17:39:25.581+0000] {dag.py:3696} INFO - Setting next_dagrun for wikipedia_etl to 2023-10-13T00:00:00+00:00, run_after=2023-10-14T00:00:00+00:00
[2023-10-13T17:39:25.598+0000] {processor.py:179} INFO - Processing /opt/airflow/dags/wikipedia_etl.py took 0.212 seconds
[2023-10-13T17:39:55.938+0000] {processor.py:157} INFO - Started process (PID=2913) to work on /opt/airflow/dags/wikipedia_etl.py
[2023-10-13T17:39:55.940+0000] {processor.py:829} INFO - Processing file /opt/airflow/dags/wikipedia_etl.py for tasks to queue
[2023-10-13T17:39:55.942+0000] {logging_mixin.py:151} INFO - [2023-10-13T17:39:55.941+0000] {dagbag.py:539} INFO - Filling up the DagBag from /opt/airflow/dags/wikipedia_etl.py
[2023-10-13T17:39:56.090+0000] {processor.py:839} INFO - DAG(s) dict_keys(['wikipedia_etl']) retrieved from /opt/airflow/dags/wikipedia_etl.py
[2023-10-13T17:39:56.106+0000] {logging_mixin.py:151} INFO - [2023-10-13T17:39:56.106+0000] {dag.py:2915} INFO - Sync 1 DAGs
[2023-10-13T17:39:56.235+0000] {logging_mixin.py:151} INFO - [2023-10-13T17:39:56.235+0000] {dag.py:3696} INFO - Setting next_dagrun for wikipedia_etl to 2023-10-13T00:00:00+00:00, run_after=2023-10-14T00:00:00+00:00
[2023-10-13T17:39:56.251+0000] {processor.py:179} INFO - Processing /opt/airflow/dags/wikipedia_etl.py took 0.316 seconds
[2023-10-13T17:40:26.614+0000] {processor.py:157} INFO - Started process (PID=2968) to work on /opt/airflow/dags/wikipedia_etl.py
[2023-10-13T17:40:26.615+0000] {processor.py:829} INFO - Processing file /opt/airflow/dags/wikipedia_etl.py for tasks to queue
[2023-10-13T17:40:26.618+0000] {logging_mixin.py:151} INFO - [2023-10-13T17:40:26.617+0000] {dagbag.py:539} INFO - Filling up the DagBag from /opt/airflow/dags/wikipedia_etl.py
[2023-10-13T17:40:26.819+0000] {processor.py:839} INFO - DAG(s) dict_keys(['wikipedia_etl']) retrieved from /opt/airflow/dags/wikipedia_etl.py
[2023-10-13T17:40:26.837+0000] {logging_mixin.py:151} INFO - [2023-10-13T17:40:26.837+0000] {dag.py:2915} INFO - Sync 1 DAGs
[2023-10-13T17:40:26.962+0000] {logging_mixin.py:151} INFO - [2023-10-13T17:40:26.962+0000] {dag.py:3696} INFO - Setting next_dagrun for wikipedia_etl to 2023-10-13T00:00:00+00:00, run_after=2023-10-14T00:00:00+00:00
[2023-10-13T17:40:26.979+0000] {processor.py:179} INFO - Processing /opt/airflow/dags/wikipedia_etl.py took 0.369 seconds
[2023-10-13T17:40:57.798+0000] {processor.py:157} INFO - Started process (PID=3023) to work on /opt/airflow/dags/wikipedia_etl.py
[2023-10-13T17:40:57.799+0000] {processor.py:829} INFO - Processing file /opt/airflow/dags/wikipedia_etl.py for tasks to queue
[2023-10-13T17:40:57.801+0000] {logging_mixin.py:151} INFO - [2023-10-13T17:40:57.800+0000] {dagbag.py:539} INFO - Filling up the DagBag from /opt/airflow/dags/wikipedia_etl.py
[2023-10-13T17:40:57.949+0000] {processor.py:839} INFO - DAG(s) dict_keys(['wikipedia_etl']) retrieved from /opt/airflow/dags/wikipedia_etl.py
[2023-10-13T17:40:57.964+0000] {logging_mixin.py:151} INFO - [2023-10-13T17:40:57.964+0000] {dag.py:2915} INFO - Sync 1 DAGs
[2023-10-13T17:40:57.985+0000] {logging_mixin.py:151} INFO - [2023-10-13T17:40:57.984+0000] {dag.py:3696} INFO - Setting next_dagrun for wikipedia_etl to 2023-10-13T00:00:00+00:00, run_after=2023-10-14T00:00:00+00:00
[2023-10-13T17:40:58.098+0000] {processor.py:179} INFO - Processing /opt/airflow/dags/wikipedia_etl.py took 0.303 seconds
[2023-10-13T17:41:28.459+0000] {processor.py:157} INFO - Started process (PID=3078) to work on /opt/airflow/dags/wikipedia_etl.py
[2023-10-13T17:41:28.463+0000] {processor.py:829} INFO - Processing file /opt/airflow/dags/wikipedia_etl.py for tasks to queue
[2023-10-13T17:41:28.465+0000] {logging_mixin.py:151} INFO - [2023-10-13T17:41:28.465+0000] {dagbag.py:539} INFO - Filling up the DagBag from /opt/airflow/dags/wikipedia_etl.py
[2023-10-13T17:41:28.612+0000] {processor.py:839} INFO - DAG(s) dict_keys(['wikipedia_etl']) retrieved from /opt/airflow/dags/wikipedia_etl.py
[2023-10-13T17:41:28.628+0000] {logging_mixin.py:151} INFO - [2023-10-13T17:41:28.628+0000] {dag.py:2915} INFO - Sync 1 DAGs
[2023-10-13T17:41:28.647+0000] {logging_mixin.py:151} INFO - [2023-10-13T17:41:28.647+0000] {dag.py:3696} INFO - Setting next_dagrun for wikipedia_etl to 2023-10-13T00:00:00+00:00, run_after=2023-10-14T00:00:00+00:00
[2023-10-13T17:41:28.665+0000] {processor.py:179} INFO - Processing /opt/airflow/dags/wikipedia_etl.py took 0.211 seconds
[2023-10-13T17:41:59.021+0000] {processor.py:157} INFO - Started process (PID=3133) to work on /opt/airflow/dags/wikipedia_etl.py
[2023-10-13T17:41:59.023+0000] {processor.py:829} INFO - Processing file /opt/airflow/dags/wikipedia_etl.py for tasks to queue
[2023-10-13T17:41:59.026+0000] {logging_mixin.py:151} INFO - [2023-10-13T17:41:59.026+0000] {dagbag.py:539} INFO - Filling up the DagBag from /opt/airflow/dags/wikipedia_etl.py
[2023-10-13T17:41:59.268+0000] {processor.py:839} INFO - DAG(s) dict_keys(['wikipedia_etl']) retrieved from /opt/airflow/dags/wikipedia_etl.py
[2023-10-13T17:41:59.283+0000] {logging_mixin.py:151} INFO - [2023-10-13T17:41:59.283+0000] {dag.py:2915} INFO - Sync 1 DAGs
[2023-10-13T17:41:59.299+0000] {logging_mixin.py:151} INFO - [2023-10-13T17:41:59.299+0000] {dag.py:3696} INFO - Setting next_dagrun for wikipedia_etl to 2023-10-13T00:00:00+00:00, run_after=2023-10-14T00:00:00+00:00
[2023-10-13T17:41:59.316+0000] {processor.py:179} INFO - Processing /opt/airflow/dags/wikipedia_etl.py took 0.297 seconds
[2023-10-13T17:42:29.531+0000] {processor.py:157} INFO - Started process (PID=3188) to work on /opt/airflow/dags/wikipedia_etl.py
[2023-10-13T17:42:29.532+0000] {processor.py:829} INFO - Processing file /opt/airflow/dags/wikipedia_etl.py for tasks to queue
[2023-10-13T17:42:29.534+0000] {logging_mixin.py:151} INFO - [2023-10-13T17:42:29.533+0000] {dagbag.py:539} INFO - Filling up the DagBag from /opt/airflow/dags/wikipedia_etl.py
[2023-10-13T17:42:29.683+0000] {processor.py:839} INFO - DAG(s) dict_keys(['wikipedia_etl']) retrieved from /opt/airflow/dags/wikipedia_etl.py
[2023-10-13T17:42:29.802+0000] {logging_mixin.py:151} INFO - [2023-10-13T17:42:29.802+0000] {dag.py:2915} INFO - Sync 1 DAGs
[2023-10-13T17:42:29.820+0000] {logging_mixin.py:151} INFO - [2023-10-13T17:42:29.820+0000] {dag.py:3696} INFO - Setting next_dagrun for wikipedia_etl to 2023-10-13T00:00:00+00:00, run_after=2023-10-14T00:00:00+00:00
[2023-10-13T17:42:29.837+0000] {processor.py:179} INFO - Processing /opt/airflow/dags/wikipedia_etl.py took 0.309 seconds
[2023-10-13T17:42:59.966+0000] {processor.py:157} INFO - Started process (PID=3244) to work on /opt/airflow/dags/wikipedia_etl.py
[2023-10-13T17:42:59.968+0000] {processor.py:829} INFO - Processing file /opt/airflow/dags/wikipedia_etl.py for tasks to queue
[2023-10-13T17:42:59.971+0000] {logging_mixin.py:151} INFO - [2023-10-13T17:42:59.970+0000] {dagbag.py:539} INFO - Filling up the DagBag from /opt/airflow/dags/wikipedia_etl.py
[2023-10-13T17:43:00.244+0000] {processor.py:839} INFO - DAG(s) dict_keys(['wikipedia_etl']) retrieved from /opt/airflow/dags/wikipedia_etl.py
[2023-10-13T17:43:00.265+0000] {logging_mixin.py:151} INFO - [2023-10-13T17:43:00.265+0000] {dag.py:2915} INFO - Sync 1 DAGs
[2023-10-13T17:43:00.450+0000] {logging_mixin.py:151} INFO - [2023-10-13T17:43:00.450+0000] {dag.py:3696} INFO - Setting next_dagrun for wikipedia_etl to 2023-10-13T00:00:00+00:00, run_after=2023-10-14T00:00:00+00:00
[2023-10-13T17:43:00.479+0000] {processor.py:179} INFO - Processing /opt/airflow/dags/wikipedia_etl.py took 0.516 seconds
[2023-10-13T17:43:30.533+0000] {processor.py:157} INFO - Started process (PID=3303) to work on /opt/airflow/dags/wikipedia_etl.py
[2023-10-13T17:43:30.534+0000] {processor.py:829} INFO - Processing file /opt/airflow/dags/wikipedia_etl.py for tasks to queue
[2023-10-13T17:43:30.536+0000] {logging_mixin.py:151} INFO - [2023-10-13T17:43:30.536+0000] {dagbag.py:539} INFO - Filling up the DagBag from /opt/airflow/dags/wikipedia_etl.py
[2023-10-13T17:43:30.685+0000] {processor.py:839} INFO - DAG(s) dict_keys(['wikipedia_etl']) retrieved from /opt/airflow/dags/wikipedia_etl.py
[2023-10-13T17:43:30.703+0000] {logging_mixin.py:151} INFO - [2023-10-13T17:43:30.703+0000] {dag.py:2915} INFO - Sync 1 DAGs
[2023-10-13T17:43:30.821+0000] {logging_mixin.py:151} INFO - [2023-10-13T17:43:30.821+0000] {dag.py:3696} INFO - Setting next_dagrun for wikipedia_etl to 2023-10-13T00:00:00+00:00, run_after=2023-10-14T00:00:00+00:00
[2023-10-13T17:43:30.840+0000] {processor.py:179} INFO - Processing /opt/airflow/dags/wikipedia_etl.py took 0.310 seconds
[2023-10-13T17:44:00.860+0000] {processor.py:157} INFO - Started process (PID=3358) to work on /opt/airflow/dags/wikipedia_etl.py
[2023-10-13T17:44:00.862+0000] {processor.py:829} INFO - Processing file /opt/airflow/dags/wikipedia_etl.py for tasks to queue
[2023-10-13T17:44:00.863+0000] {logging_mixin.py:151} INFO - [2023-10-13T17:44:00.863+0000] {dagbag.py:539} INFO - Filling up the DagBag from /opt/airflow/dags/wikipedia_etl.py
[2023-10-13T17:44:01.006+0000] {processor.py:839} INFO - DAG(s) dict_keys(['wikipedia_etl']) retrieved from /opt/airflow/dags/wikipedia_etl.py
[2023-10-13T17:44:01.023+0000] {logging_mixin.py:151} INFO - [2023-10-13T17:44:01.022+0000] {dag.py:2915} INFO - Sync 1 DAGs
[2023-10-13T17:44:01.140+0000] {logging_mixin.py:151} INFO - [2023-10-13T17:44:01.140+0000] {dag.py:3696} INFO - Setting next_dagrun for wikipedia_etl to 2023-10-13T00:00:00+00:00, run_after=2023-10-14T00:00:00+00:00
[2023-10-13T17:44:01.154+0000] {processor.py:179} INFO - Processing /opt/airflow/dags/wikipedia_etl.py took 0.296 seconds
[2023-10-13T17:44:31.235+0000] {processor.py:157} INFO - Started process (PID=3409) to work on /opt/airflow/dags/wikipedia_etl.py
[2023-10-13T17:44:31.237+0000] {processor.py:829} INFO - Processing file /opt/airflow/dags/wikipedia_etl.py for tasks to queue
[2023-10-13T17:44:31.239+0000] {logging_mixin.py:151} INFO - [2023-10-13T17:44:31.238+0000] {dagbag.py:539} INFO - Filling up the DagBag from /opt/airflow/dags/wikipedia_etl.py
[2023-10-13T17:44:31.381+0000] {processor.py:839} INFO - DAG(s) dict_keys(['wikipedia_etl']) retrieved from /opt/airflow/dags/wikipedia_etl.py
[2023-10-13T17:44:31.399+0000] {logging_mixin.py:151} INFO - [2023-10-13T17:44:31.398+0000] {dag.py:2915} INFO - Sync 1 DAGs
[2023-10-13T17:44:31.420+0000] {logging_mixin.py:151} INFO - [2023-10-13T17:44:31.419+0000] {dag.py:3696} INFO - Setting next_dagrun for wikipedia_etl to 2023-10-13T00:00:00+00:00, run_after=2023-10-14T00:00:00+00:00
[2023-10-13T17:44:31.543+0000] {processor.py:179} INFO - Processing /opt/airflow/dags/wikipedia_etl.py took 0.310 seconds
[2023-10-13T17:45:01.901+0000] {processor.py:157} INFO - Started process (PID=3464) to work on /opt/airflow/dags/wikipedia_etl.py
[2023-10-13T17:45:01.902+0000] {processor.py:829} INFO - Processing file /opt/airflow/dags/wikipedia_etl.py for tasks to queue
[2023-10-13T17:45:01.904+0000] {logging_mixin.py:151} INFO - [2023-10-13T17:45:01.904+0000] {dagbag.py:539} INFO - Filling up the DagBag from /opt/airflow/dags/wikipedia_etl.py
[2023-10-13T17:45:02.159+0000] {processor.py:839} INFO - DAG(s) dict_keys(['wikipedia_etl']) retrieved from /opt/airflow/dags/wikipedia_etl.py
[2023-10-13T17:45:02.174+0000] {logging_mixin.py:151} INFO - [2023-10-13T17:45:02.173+0000] {dag.py:2915} INFO - Sync 1 DAGs
[2023-10-13T17:45:02.194+0000] {logging_mixin.py:151} INFO - [2023-10-13T17:45:02.194+0000] {dag.py:3696} INFO - Setting next_dagrun for wikipedia_etl to 2023-10-13T00:00:00+00:00, run_after=2023-10-14T00:00:00+00:00
[2023-10-13T17:45:02.212+0000] {processor.py:179} INFO - Processing /opt/airflow/dags/wikipedia_etl.py took 0.313 seconds
[2023-10-13T17:45:32.525+0000] {processor.py:157} INFO - Started process (PID=3519) to work on /opt/airflow/dags/wikipedia_etl.py
[2023-10-13T17:45:32.529+0000] {processor.py:829} INFO - Processing file /opt/airflow/dags/wikipedia_etl.py for tasks to queue
[2023-10-13T17:45:32.531+0000] {logging_mixin.py:151} INFO - [2023-10-13T17:45:32.531+0000] {dagbag.py:539} INFO - Filling up the DagBag from /opt/airflow/dags/wikipedia_etl.py
[2023-10-13T17:45:32.792+0000] {processor.py:839} INFO - DAG(s) dict_keys(['wikipedia_etl']) retrieved from /opt/airflow/dags/wikipedia_etl.py
[2023-10-13T17:45:32.807+0000] {logging_mixin.py:151} INFO - [2023-10-13T17:45:32.806+0000] {dag.py:2915} INFO - Sync 1 DAGs
[2023-10-13T17:45:32.827+0000] {logging_mixin.py:151} INFO - [2023-10-13T17:45:32.826+0000] {dag.py:3696} INFO - Setting next_dagrun for wikipedia_etl to 2023-10-13T00:00:00+00:00, run_after=2023-10-14T00:00:00+00:00
[2023-10-13T17:45:32.850+0000] {processor.py:179} INFO - Processing /opt/airflow/dags/wikipedia_etl.py took 0.328 seconds
[2023-10-13T17:46:02.945+0000] {processor.py:157} INFO - Started process (PID=3575) to work on /opt/airflow/dags/wikipedia_etl.py
[2023-10-13T17:46:02.946+0000] {processor.py:829} INFO - Processing file /opt/airflow/dags/wikipedia_etl.py for tasks to queue
[2023-10-13T17:46:02.948+0000] {logging_mixin.py:151} INFO - [2023-10-13T17:46:02.948+0000] {dagbag.py:539} INFO - Filling up the DagBag from /opt/airflow/dags/wikipedia_etl.py
[2023-10-13T17:46:03.248+0000] {processor.py:839} INFO - DAG(s) dict_keys(['wikipedia_etl']) retrieved from /opt/airflow/dags/wikipedia_etl.py
[2023-10-13T17:46:03.265+0000] {logging_mixin.py:151} INFO - [2023-10-13T17:46:03.264+0000] {dag.py:2915} INFO - Sync 1 DAGs
[2023-10-13T17:46:03.286+0000] {logging_mixin.py:151} INFO - [2023-10-13T17:46:03.285+0000] {dag.py:3696} INFO - Setting next_dagrun for wikipedia_etl to 2023-10-13T00:00:00+00:00, run_after=2023-10-14T00:00:00+00:00
[2023-10-13T17:46:03.303+0000] {processor.py:179} INFO - Processing /opt/airflow/dags/wikipedia_etl.py took 0.360 seconds
[2023-10-13T17:46:33.332+0000] {processor.py:157} INFO - Started process (PID=3633) to work on /opt/airflow/dags/wikipedia_etl.py
[2023-10-13T17:46:33.333+0000] {processor.py:829} INFO - Processing file /opt/airflow/dags/wikipedia_etl.py for tasks to queue
[2023-10-13T17:46:33.335+0000] {logging_mixin.py:151} INFO - [2023-10-13T17:46:33.335+0000] {dagbag.py:539} INFO - Filling up the DagBag from /opt/airflow/dags/wikipedia_etl.py
[2023-10-13T17:46:33.582+0000] {processor.py:839} INFO - DAG(s) dict_keys(['wikipedia_etl']) retrieved from /opt/airflow/dags/wikipedia_etl.py
[2023-10-13T17:46:33.597+0000] {logging_mixin.py:151} INFO - [2023-10-13T17:46:33.596+0000] {dag.py:2915} INFO - Sync 1 DAGs
[2023-10-13T17:46:33.614+0000] {logging_mixin.py:151} INFO - [2023-10-13T17:46:33.614+0000] {dag.py:3696} INFO - Setting next_dagrun for wikipedia_etl to 2023-10-13T00:00:00+00:00, run_after=2023-10-14T00:00:00+00:00
[2023-10-13T17:46:33.629+0000] {processor.py:179} INFO - Processing /opt/airflow/dags/wikipedia_etl.py took 0.299 seconds
[2023-10-13T17:47:04.537+0000] {processor.py:157} INFO - Started process (PID=3688) to work on /opt/airflow/dags/wikipedia_etl.py
[2023-10-13T17:47:04.539+0000] {processor.py:829} INFO - Processing file /opt/airflow/dags/wikipedia_etl.py for tasks to queue
[2023-10-13T17:47:04.541+0000] {logging_mixin.py:151} INFO - [2023-10-13T17:47:04.541+0000] {dagbag.py:539} INFO - Filling up the DagBag from /opt/airflow/dags/wikipedia_etl.py
[2023-10-13T17:47:04.805+0000] {processor.py:839} INFO - DAG(s) dict_keys(['wikipedia_etl']) retrieved from /opt/airflow/dags/wikipedia_etl.py
[2023-10-13T17:47:04.822+0000] {logging_mixin.py:151} INFO - [2023-10-13T17:47:04.821+0000] {dag.py:2915} INFO - Sync 1 DAGs
[2023-10-13T17:47:04.838+0000] {logging_mixin.py:151} INFO - [2023-10-13T17:47:04.838+0000] {dag.py:3696} INFO - Setting next_dagrun for wikipedia_etl to 2023-10-13T00:00:00+00:00, run_after=2023-10-14T00:00:00+00:00
[2023-10-13T17:47:04.856+0000] {processor.py:179} INFO - Processing /opt/airflow/dags/wikipedia_etl.py took 0.323 seconds
[2023-10-13T17:47:35.349+0000] {processor.py:157} INFO - Started process (PID=3743) to work on /opt/airflow/dags/wikipedia_etl.py
[2023-10-13T17:47:35.351+0000] {processor.py:829} INFO - Processing file /opt/airflow/dags/wikipedia_etl.py for tasks to queue
[2023-10-13T17:47:35.353+0000] {logging_mixin.py:151} INFO - [2023-10-13T17:47:35.352+0000] {dagbag.py:539} INFO - Filling up the DagBag from /opt/airflow/dags/wikipedia_etl.py
[2023-10-13T17:47:35.611+0000] {processor.py:839} INFO - DAG(s) dict_keys(['wikipedia_etl']) retrieved from /opt/airflow/dags/wikipedia_etl.py
[2023-10-13T17:47:35.628+0000] {logging_mixin.py:151} INFO - [2023-10-13T17:47:35.628+0000] {dag.py:2915} INFO - Sync 1 DAGs
[2023-10-13T17:47:35.645+0000] {logging_mixin.py:151} INFO - [2023-10-13T17:47:35.645+0000] {dag.py:3696} INFO - Setting next_dagrun for wikipedia_etl to 2023-10-13T00:00:00+00:00, run_after=2023-10-14T00:00:00+00:00
[2023-10-13T17:47:35.663+0000] {processor.py:179} INFO - Processing /opt/airflow/dags/wikipedia_etl.py took 0.317 seconds
[2023-10-13T17:48:06.288+0000] {processor.py:157} INFO - Started process (PID=3798) to work on /opt/airflow/dags/wikipedia_etl.py
[2023-10-13T17:48:06.293+0000] {processor.py:829} INFO - Processing file /opt/airflow/dags/wikipedia_etl.py for tasks to queue
[2023-10-13T17:48:06.295+0000] {logging_mixin.py:151} INFO - [2023-10-13T17:48:06.295+0000] {dagbag.py:539} INFO - Filling up the DagBag from /opt/airflow/dags/wikipedia_etl.py
[2023-10-13T17:48:06.762+0000] {processor.py:839} INFO - DAG(s) dict_keys(['wikipedia_etl']) retrieved from /opt/airflow/dags/wikipedia_etl.py
[2023-10-13T17:48:06.782+0000] {logging_mixin.py:151} INFO - [2023-10-13T17:48:06.782+0000] {dag.py:2915} INFO - Sync 1 DAGs
[2023-10-13T17:48:06.807+0000] {logging_mixin.py:151} INFO - [2023-10-13T17:48:06.807+0000] {dag.py:3696} INFO - Setting next_dagrun for wikipedia_etl to 2023-10-13T00:00:00+00:00, run_after=2023-10-14T00:00:00+00:00
[2023-10-13T17:48:06.833+0000] {processor.py:179} INFO - Processing /opt/airflow/dags/wikipedia_etl.py took 0.549 seconds
[2023-10-13T17:48:36.903+0000] {processor.py:157} INFO - Started process (PID=3856) to work on /opt/airflow/dags/wikipedia_etl.py
[2023-10-13T17:48:36.905+0000] {processor.py:829} INFO - Processing file /opt/airflow/dags/wikipedia_etl.py for tasks to queue
[2023-10-13T17:48:36.909+0000] {logging_mixin.py:151} INFO - [2023-10-13T17:48:36.908+0000] {dagbag.py:539} INFO - Filling up the DagBag from /opt/airflow/dags/wikipedia_etl.py
[2023-10-13T17:48:37.371+0000] {processor.py:839} INFO - DAG(s) dict_keys(['wikipedia_etl']) retrieved from /opt/airflow/dags/wikipedia_etl.py
[2023-10-13T17:48:37.398+0000] {logging_mixin.py:151} INFO - [2023-10-13T17:48:37.397+0000] {dag.py:2915} INFO - Sync 1 DAGs
[2023-10-13T17:48:37.433+0000] {logging_mixin.py:151} INFO - [2023-10-13T17:48:37.433+0000] {dag.py:3696} INFO - Setting next_dagrun for wikipedia_etl to 2023-10-13T00:00:00+00:00, run_after=2023-10-14T00:00:00+00:00
[2023-10-13T17:48:37.463+0000] {processor.py:179} INFO - Processing /opt/airflow/dags/wikipedia_etl.py took 0.564 seconds
[2023-10-13T17:49:08.239+0000] {processor.py:157} INFO - Started process (PID=3912) to work on /opt/airflow/dags/wikipedia_etl.py
[2023-10-13T17:49:08.244+0000] {processor.py:829} INFO - Processing file /opt/airflow/dags/wikipedia_etl.py for tasks to queue
[2023-10-13T17:49:08.246+0000] {logging_mixin.py:151} INFO - [2023-10-13T17:49:08.245+0000] {dagbag.py:539} INFO - Filling up the DagBag from /opt/airflow/dags/wikipedia_etl.py
[2023-10-13T17:49:08.528+0000] {processor.py:839} INFO - DAG(s) dict_keys(['wikipedia_etl']) retrieved from /opt/airflow/dags/wikipedia_etl.py
[2023-10-13T17:49:08.543+0000] {logging_mixin.py:151} INFO - [2023-10-13T17:49:08.543+0000] {dag.py:2915} INFO - Sync 1 DAGs
[2023-10-13T17:49:08.562+0000] {logging_mixin.py:151} INFO - [2023-10-13T17:49:08.562+0000] {dag.py:3696} INFO - Setting next_dagrun for wikipedia_etl to 2023-10-13T00:00:00+00:00, run_after=2023-10-14T00:00:00+00:00
[2023-10-13T17:49:08.582+0000] {processor.py:179} INFO - Processing /opt/airflow/dags/wikipedia_etl.py took 0.346 seconds
[2023-10-13T17:49:38.677+0000] {processor.py:157} INFO - Started process (PID=3970) to work on /opt/airflow/dags/wikipedia_etl.py
[2023-10-13T17:49:38.678+0000] {processor.py:829} INFO - Processing file /opt/airflow/dags/wikipedia_etl.py for tasks to queue
[2023-10-13T17:49:38.681+0000] {logging_mixin.py:151} INFO - [2023-10-13T17:49:38.680+0000] {dagbag.py:539} INFO - Filling up the DagBag from /opt/airflow/dags/wikipedia_etl.py
[2023-10-13T17:49:39.055+0000] {processor.py:839} INFO - DAG(s) dict_keys(['wikipedia_etl']) retrieved from /opt/airflow/dags/wikipedia_etl.py
[2023-10-13T17:49:39.071+0000] {logging_mixin.py:151} INFO - [2023-10-13T17:49:39.071+0000] {dag.py:2915} INFO - Sync 1 DAGs
[2023-10-13T17:49:39.090+0000] {logging_mixin.py:151} INFO - [2023-10-13T17:49:39.090+0000] {dag.py:3696} INFO - Setting next_dagrun for wikipedia_etl to 2023-10-13T00:00:00+00:00, run_after=2023-10-14T00:00:00+00:00
[2023-10-13T17:49:39.110+0000] {processor.py:179} INFO - Processing /opt/airflow/dags/wikipedia_etl.py took 0.438 seconds
[2023-10-13T17:50:09.370+0000] {processor.py:157} INFO - Started process (PID=4028) to work on /opt/airflow/dags/wikipedia_etl.py
[2023-10-13T17:50:09.371+0000] {processor.py:829} INFO - Processing file /opt/airflow/dags/wikipedia_etl.py for tasks to queue
[2023-10-13T17:50:09.373+0000] {logging_mixin.py:151} INFO - [2023-10-13T17:50:09.373+0000] {dagbag.py:539} INFO - Filling up the DagBag from /opt/airflow/dags/wikipedia_etl.py
[2023-10-13T17:50:09.635+0000] {processor.py:839} INFO - DAG(s) dict_keys(['wikipedia_etl']) retrieved from /opt/airflow/dags/wikipedia_etl.py
[2023-10-13T17:50:09.649+0000] {logging_mixin.py:151} INFO - [2023-10-13T17:50:09.649+0000] {dag.py:2915} INFO - Sync 1 DAGs
[2023-10-13T17:50:09.666+0000] {logging_mixin.py:151} INFO - [2023-10-13T17:50:09.665+0000] {dag.py:3696} INFO - Setting next_dagrun for wikipedia_etl to 2023-10-13T00:00:00+00:00, run_after=2023-10-14T00:00:00+00:00
[2023-10-13T17:50:09.683+0000] {processor.py:179} INFO - Processing /opt/airflow/dags/wikipedia_etl.py took 0.316 seconds
[2023-10-13T17:50:39.785+0000] {processor.py:157} INFO - Started process (PID=4084) to work on /opt/airflow/dags/wikipedia_etl.py
[2023-10-13T17:50:39.786+0000] {processor.py:829} INFO - Processing file /opt/airflow/dags/wikipedia_etl.py for tasks to queue
[2023-10-13T17:50:39.790+0000] {logging_mixin.py:151} INFO - [2023-10-13T17:50:39.789+0000] {dagbag.py:539} INFO - Filling up the DagBag from /opt/airflow/dags/wikipedia_etl.py
[2023-10-13T17:50:40.033+0000] {processor.py:839} INFO - DAG(s) dict_keys(['wikipedia_etl']) retrieved from /opt/airflow/dags/wikipedia_etl.py
[2023-10-13T17:50:40.048+0000] {logging_mixin.py:151} INFO - [2023-10-13T17:50:40.047+0000] {dag.py:2915} INFO - Sync 1 DAGs
[2023-10-13T17:50:40.065+0000] {logging_mixin.py:151} INFO - [2023-10-13T17:50:40.065+0000] {dag.py:3696} INFO - Setting next_dagrun for wikipedia_etl to 2023-10-13T00:00:00+00:00, run_after=2023-10-14T00:00:00+00:00
[2023-10-13T17:50:40.082+0000] {processor.py:179} INFO - Processing /opt/airflow/dags/wikipedia_etl.py took 0.299 seconds
[2023-10-13T17:51:10.150+0000] {processor.py:157} INFO - Started process (PID=4139) to work on /opt/airflow/dags/wikipedia_etl.py
[2023-10-13T17:51:10.151+0000] {processor.py:829} INFO - Processing file /opt/airflow/dags/wikipedia_etl.py for tasks to queue
[2023-10-13T17:51:10.153+0000] {logging_mixin.py:151} INFO - [2023-10-13T17:51:10.153+0000] {dagbag.py:539} INFO - Filling up the DagBag from /opt/airflow/dags/wikipedia_etl.py
[2023-10-13T17:51:10.398+0000] {processor.py:839} INFO - DAG(s) dict_keys(['wikipedia_etl']) retrieved from /opt/airflow/dags/wikipedia_etl.py
[2023-10-13T17:51:10.413+0000] {logging_mixin.py:151} INFO - [2023-10-13T17:51:10.412+0000] {dag.py:2915} INFO - Sync 1 DAGs
[2023-10-13T17:51:10.430+0000] {logging_mixin.py:151} INFO - [2023-10-13T17:51:10.430+0000] {dag.py:3696} INFO - Setting next_dagrun for wikipedia_etl to 2023-10-13T00:00:00+00:00, run_after=2023-10-14T00:00:00+00:00
[2023-10-13T17:51:10.446+0000] {processor.py:179} INFO - Processing /opt/airflow/dags/wikipedia_etl.py took 0.299 seconds
[2023-10-13T17:51:40.501+0000] {processor.py:157} INFO - Started process (PID=4194) to work on /opt/airflow/dags/wikipedia_etl.py
[2023-10-13T17:51:40.503+0000] {processor.py:829} INFO - Processing file /opt/airflow/dags/wikipedia_etl.py for tasks to queue
[2023-10-13T17:51:40.505+0000] {logging_mixin.py:151} INFO - [2023-10-13T17:51:40.505+0000] {dagbag.py:539} INFO - Filling up the DagBag from /opt/airflow/dags/wikipedia_etl.py
[2023-10-13T17:51:40.752+0000] {processor.py:839} INFO - DAG(s) dict_keys(['wikipedia_etl']) retrieved from /opt/airflow/dags/wikipedia_etl.py
[2023-10-13T17:51:40.766+0000] {logging_mixin.py:151} INFO - [2023-10-13T17:51:40.766+0000] {dag.py:2915} INFO - Sync 1 DAGs
[2023-10-13T17:51:40.782+0000] {logging_mixin.py:151} INFO - [2023-10-13T17:51:40.782+0000] {dag.py:3696} INFO - Setting next_dagrun for wikipedia_etl to 2023-10-13T00:00:00+00:00, run_after=2023-10-14T00:00:00+00:00
[2023-10-13T17:51:40.800+0000] {processor.py:179} INFO - Processing /opt/airflow/dags/wikipedia_etl.py took 0.302 seconds
[2023-10-13T17:52:11.022+0000] {processor.py:157} INFO - Started process (PID=4250) to work on /opt/airflow/dags/wikipedia_etl.py
[2023-10-13T17:52:11.023+0000] {processor.py:829} INFO - Processing file /opt/airflow/dags/wikipedia_etl.py for tasks to queue
[2023-10-13T17:52:11.026+0000] {logging_mixin.py:151} INFO - [2023-10-13T17:52:11.026+0000] {dagbag.py:539} INFO - Filling up the DagBag from /opt/airflow/dags/wikipedia_etl.py
[2023-10-13T17:52:11.264+0000] {processor.py:839} INFO - DAG(s) dict_keys(['wikipedia_etl']) retrieved from /opt/airflow/dags/wikipedia_etl.py
[2023-10-13T17:52:11.279+0000] {logging_mixin.py:151} INFO - [2023-10-13T17:52:11.279+0000] {dag.py:2915} INFO - Sync 1 DAGs
[2023-10-13T17:52:11.294+0000] {logging_mixin.py:151} INFO - [2023-10-13T17:52:11.293+0000] {dag.py:3696} INFO - Setting next_dagrun for wikipedia_etl to 2023-10-13T00:00:00+00:00, run_after=2023-10-14T00:00:00+00:00
[2023-10-13T17:52:11.309+0000] {processor.py:179} INFO - Processing /opt/airflow/dags/wikipedia_etl.py took 0.290 seconds
[2023-10-13T17:52:41.409+0000] {processor.py:157} INFO - Started process (PID=4307) to work on /opt/airflow/dags/wikipedia_etl.py
[2023-10-13T17:52:41.411+0000] {processor.py:829} INFO - Processing file /opt/airflow/dags/wikipedia_etl.py for tasks to queue
[2023-10-13T17:52:41.412+0000] {logging_mixin.py:151} INFO - [2023-10-13T17:52:41.412+0000] {dagbag.py:539} INFO - Filling up the DagBag from /opt/airflow/dags/wikipedia_etl.py
[2023-10-13T17:52:41.639+0000] {processor.py:839} INFO - DAG(s) dict_keys(['wikipedia_etl']) retrieved from /opt/airflow/dags/wikipedia_etl.py
[2023-10-13T17:52:41.652+0000] {logging_mixin.py:151} INFO - [2023-10-13T17:52:41.652+0000] {dag.py:2915} INFO - Sync 1 DAGs
[2023-10-13T17:52:41.667+0000] {logging_mixin.py:151} INFO - [2023-10-13T17:52:41.667+0000] {dag.py:3696} INFO - Setting next_dagrun for wikipedia_etl to 2023-10-13T00:00:00+00:00, run_after=2023-10-14T00:00:00+00:00
[2023-10-13T17:52:41.682+0000] {processor.py:179} INFO - Processing /opt/airflow/dags/wikipedia_etl.py took 0.275 seconds
[2023-10-13T17:53:11.770+0000] {processor.py:157} INFO - Started process (PID=4361) to work on /opt/airflow/dags/wikipedia_etl.py
[2023-10-13T17:53:11.772+0000] {processor.py:829} INFO - Processing file /opt/airflow/dags/wikipedia_etl.py for tasks to queue
[2023-10-13T17:53:11.774+0000] {logging_mixin.py:151} INFO - [2023-10-13T17:53:11.773+0000] {dagbag.py:539} INFO - Filling up the DagBag from /opt/airflow/dags/wikipedia_etl.py
[2023-10-13T17:53:12.022+0000] {processor.py:839} INFO - DAG(s) dict_keys(['wikipedia_etl']) retrieved from /opt/airflow/dags/wikipedia_etl.py
[2023-10-13T17:53:12.037+0000] {logging_mixin.py:151} INFO - [2023-10-13T17:53:12.036+0000] {dag.py:2915} INFO - Sync 1 DAGs
[2023-10-13T17:53:12.053+0000] {logging_mixin.py:151} INFO - [2023-10-13T17:53:12.053+0000] {dag.py:3696} INFO - Setting next_dagrun for wikipedia_etl to 2023-10-13T00:00:00+00:00, run_after=2023-10-14T00:00:00+00:00
[2023-10-13T17:53:12.072+0000] {processor.py:179} INFO - Processing /opt/airflow/dags/wikipedia_etl.py took 0.304 seconds
[2023-10-13T17:53:42.121+0000] {processor.py:157} INFO - Started process (PID=4415) to work on /opt/airflow/dags/wikipedia_etl.py
[2023-10-13T17:53:42.122+0000] {processor.py:829} INFO - Processing file /opt/airflow/dags/wikipedia_etl.py for tasks to queue
[2023-10-13T17:53:42.124+0000] {logging_mixin.py:151} INFO - [2023-10-13T17:53:42.124+0000] {dagbag.py:539} INFO - Filling up the DagBag from /opt/airflow/dags/wikipedia_etl.py
[2023-10-13T17:53:42.356+0000] {processor.py:839} INFO - DAG(s) dict_keys(['wikipedia_etl']) retrieved from /opt/airflow/dags/wikipedia_etl.py
[2023-10-13T17:53:42.370+0000] {logging_mixin.py:151} INFO - [2023-10-13T17:53:42.369+0000] {dag.py:2915} INFO - Sync 1 DAGs
[2023-10-13T17:53:42.386+0000] {logging_mixin.py:151} INFO - [2023-10-13T17:53:42.386+0000] {dag.py:3696} INFO - Setting next_dagrun for wikipedia_etl to 2023-10-13T00:00:00+00:00, run_after=2023-10-14T00:00:00+00:00
[2023-10-13T17:53:42.404+0000] {processor.py:179} INFO - Processing /opt/airflow/dags/wikipedia_etl.py took 0.286 seconds
[2023-10-13T17:54:12.787+0000] {processor.py:157} INFO - Started process (PID=4472) to work on /opt/airflow/dags/wikipedia_etl.py
[2023-10-13T17:54:12.788+0000] {processor.py:829} INFO - Processing file /opt/airflow/dags/wikipedia_etl.py for tasks to queue
[2023-10-13T17:54:12.790+0000] {logging_mixin.py:151} INFO - [2023-10-13T17:54:12.790+0000] {dagbag.py:539} INFO - Filling up the DagBag from /opt/airflow/dags/wikipedia_etl.py
[2023-10-13T17:54:13.029+0000] {processor.py:839} INFO - DAG(s) dict_keys(['wikipedia_etl']) retrieved from /opt/airflow/dags/wikipedia_etl.py
[2023-10-13T17:54:13.044+0000] {logging_mixin.py:151} INFO - [2023-10-13T17:54:13.044+0000] {dag.py:2915} INFO - Sync 1 DAGs
[2023-10-13T17:54:13.059+0000] {logging_mixin.py:151} INFO - [2023-10-13T17:54:13.059+0000] {dag.py:3696} INFO - Setting next_dagrun for wikipedia_etl to 2023-10-13T00:00:00+00:00, run_after=2023-10-14T00:00:00+00:00
[2023-10-13T17:54:13.076+0000] {processor.py:179} INFO - Processing /opt/airflow/dags/wikipedia_etl.py took 0.292 seconds
[2023-10-13T17:54:43.128+0000] {processor.py:157} INFO - Started process (PID=4527) to work on /opt/airflow/dags/wikipedia_etl.py
[2023-10-13T17:54:43.129+0000] {processor.py:829} INFO - Processing file /opt/airflow/dags/wikipedia_etl.py for tasks to queue
[2023-10-13T17:54:43.131+0000] {logging_mixin.py:151} INFO - [2023-10-13T17:54:43.131+0000] {dagbag.py:539} INFO - Filling up the DagBag from /opt/airflow/dags/wikipedia_etl.py
[2023-10-13T17:54:43.450+0000] {processor.py:839} INFO - DAG(s) dict_keys(['wikipedia_etl']) retrieved from /opt/airflow/dags/wikipedia_etl.py
[2023-10-13T17:54:43.464+0000] {logging_mixin.py:151} INFO - [2023-10-13T17:54:43.463+0000] {dag.py:2915} INFO - Sync 1 DAGs
[2023-10-13T17:54:43.483+0000] {logging_mixin.py:151} INFO - [2023-10-13T17:54:43.483+0000] {dag.py:3696} INFO - Setting next_dagrun for wikipedia_etl to 2023-10-13T00:00:00+00:00, run_after=2023-10-14T00:00:00+00:00
[2023-10-13T17:54:43.497+0000] {processor.py:179} INFO - Processing /opt/airflow/dags/wikipedia_etl.py took 0.372 seconds
[2023-10-13T17:55:13.623+0000] {processor.py:157} INFO - Started process (PID=4582) to work on /opt/airflow/dags/wikipedia_etl.py
[2023-10-13T17:55:13.624+0000] {processor.py:829} INFO - Processing file /opt/airflow/dags/wikipedia_etl.py for tasks to queue
[2023-10-13T17:55:13.626+0000] {logging_mixin.py:151} INFO - [2023-10-13T17:55:13.626+0000] {dagbag.py:539} INFO - Filling up the DagBag from /opt/airflow/dags/wikipedia_etl.py
[2023-10-13T17:55:13.868+0000] {processor.py:839} INFO - DAG(s) dict_keys(['wikipedia_etl']) retrieved from /opt/airflow/dags/wikipedia_etl.py
[2023-10-13T17:55:13.885+0000] {logging_mixin.py:151} INFO - [2023-10-13T17:55:13.885+0000] {dag.py:2915} INFO - Sync 1 DAGs
[2023-10-13T17:55:13.901+0000] {logging_mixin.py:151} INFO - [2023-10-13T17:55:13.901+0000] {dag.py:3696} INFO - Setting next_dagrun for wikipedia_etl to 2023-10-13T00:00:00+00:00, run_after=2023-10-14T00:00:00+00:00
[2023-10-13T17:55:13.918+0000] {processor.py:179} INFO - Processing /opt/airflow/dags/wikipedia_etl.py took 0.298 seconds
[2023-10-13T17:55:44.117+0000] {processor.py:157} INFO - Started process (PID=4637) to work on /opt/airflow/dags/wikipedia_etl.py
[2023-10-13T17:55:44.118+0000] {processor.py:829} INFO - Processing file /opt/airflow/dags/wikipedia_etl.py for tasks to queue
[2023-10-13T17:55:44.120+0000] {logging_mixin.py:151} INFO - [2023-10-13T17:55:44.120+0000] {dagbag.py:539} INFO - Filling up the DagBag from /opt/airflow/dags/wikipedia_etl.py
[2023-10-13T17:55:44.381+0000] {processor.py:839} INFO - DAG(s) dict_keys(['wikipedia_etl']) retrieved from /opt/airflow/dags/wikipedia_etl.py
[2023-10-13T17:55:44.396+0000] {logging_mixin.py:151} INFO - [2023-10-13T17:55:44.395+0000] {dag.py:2915} INFO - Sync 1 DAGs
[2023-10-13T17:55:44.412+0000] {logging_mixin.py:151} INFO - [2023-10-13T17:55:44.412+0000] {dag.py:3696} INFO - Setting next_dagrun for wikipedia_etl to 2023-10-13T00:00:00+00:00, run_after=2023-10-14T00:00:00+00:00
[2023-10-13T17:55:44.427+0000] {processor.py:179} INFO - Processing /opt/airflow/dags/wikipedia_etl.py took 0.312 seconds
[2023-10-13T17:56:15.028+0000] {processor.py:157} INFO - Started process (PID=4692) to work on /opt/airflow/dags/wikipedia_etl.py
[2023-10-13T17:56:15.029+0000] {processor.py:829} INFO - Processing file /opt/airflow/dags/wikipedia_etl.py for tasks to queue
[2023-10-13T17:56:15.034+0000] {logging_mixin.py:151} INFO - [2023-10-13T17:56:15.033+0000] {dagbag.py:539} INFO - Filling up the DagBag from /opt/airflow/dags/wikipedia_etl.py
[2023-10-13T17:56:15.467+0000] {processor.py:839} INFO - DAG(s) dict_keys(['wikipedia_etl']) retrieved from /opt/airflow/dags/wikipedia_etl.py
[2023-10-13T17:56:15.493+0000] {logging_mixin.py:151} INFO - [2023-10-13T17:56:15.492+0000] {dag.py:2915} INFO - Sync 1 DAGs
[2023-10-13T17:56:15.530+0000] {logging_mixin.py:151} INFO - [2023-10-13T17:56:15.529+0000] {dag.py:3696} INFO - Setting next_dagrun for wikipedia_etl to 2023-10-13T00:00:00+00:00, run_after=2023-10-14T00:00:00+00:00
[2023-10-13T17:56:15.560+0000] {processor.py:179} INFO - Processing /opt/airflow/dags/wikipedia_etl.py took 0.537 seconds
[2023-10-13T17:56:45.710+0000] {processor.py:157} INFO - Started process (PID=4744) to work on /opt/airflow/dags/wikipedia_etl.py
[2023-10-13T17:56:45.714+0000] {processor.py:829} INFO - Processing file /opt/airflow/dags/wikipedia_etl.py for tasks to queue
[2023-10-13T17:56:45.716+0000] {logging_mixin.py:151} INFO - [2023-10-13T17:56:45.716+0000] {dagbag.py:539} INFO - Filling up the DagBag from /opt/airflow/dags/wikipedia_etl.py
[2023-10-13T17:56:45.993+0000] {processor.py:839} INFO - DAG(s) dict_keys(['wikipedia_etl']) retrieved from /opt/airflow/dags/wikipedia_etl.py
[2023-10-13T17:56:46.010+0000] {logging_mixin.py:151} INFO - [2023-10-13T17:56:46.010+0000] {dag.py:2915} INFO - Sync 1 DAGs
[2023-10-13T17:56:46.028+0000] {logging_mixin.py:151} INFO - [2023-10-13T17:56:46.028+0000] {dag.py:3696} INFO - Setting next_dagrun for wikipedia_etl to 2023-10-13T00:00:00+00:00, run_after=2023-10-14T00:00:00+00:00
[2023-10-13T17:56:46.045+0000] {processor.py:179} INFO - Processing /opt/airflow/dags/wikipedia_etl.py took 0.339 seconds
