[2023-10-11T16:49:57.253+0000] {taskinstance.py:1157} INFO - Dependencies all met for dep_context=non-requeueable deps ti=<TaskInstance: wikipedia_etl.raw scheduled__2023-10-10T00:00:00+00:00 [queued]>
[2023-10-11T16:49:57.258+0000] {taskinstance.py:1157} INFO - Dependencies all met for dep_context=requeueable deps ti=<TaskInstance: wikipedia_etl.raw scheduled__2023-10-10T00:00:00+00:00 [queued]>
[2023-10-11T16:49:57.258+0000] {taskinstance.py:1359} INFO - Starting attempt 1 of 3
[2023-10-11T16:49:57.268+0000] {taskinstance.py:1380} INFO - Executing <Task(PythonOperator): raw> on 2023-10-10 00:00:00+00:00
[2023-10-11T16:49:57.272+0000] {standard_task_runner.py:57} INFO - Started process 701 to run task
[2023-10-11T16:49:57.274+0000] {standard_task_runner.py:84} INFO - Running: ['***', 'tasks', 'run', 'wikipedia_etl', 'raw', 'scheduled__2023-10-10T00:00:00+00:00', '--job-id', '5', '--raw', '--subdir', 'DAGS_FOLDER/wikipedia_etl.py', '--cfg-path', '/tmp/tmp81jv09fp']
[2023-10-11T16:49:57.277+0000] {standard_task_runner.py:85} INFO - Job 5: Subtask raw
[2023-10-11T16:49:57.321+0000] {task_command.py:415} INFO - Running <TaskInstance: wikipedia_etl.raw scheduled__2023-10-10T00:00:00+00:00 [running]> on host 8294e6c9f0c9
[2023-10-11T16:49:57.382+0000] {taskinstance.py:1660} INFO - Exporting env vars: AIRFLOW_CTX_DAG_OWNER='***' AIRFLOW_CTX_DAG_ID='wikipedia_etl' AIRFLOW_CTX_TASK_ID='raw' AIRFLOW_CTX_EXECUTION_DATE='2023-10-10T00:00:00+00:00' AIRFLOW_CTX_TRY_NUMBER='1' AIRFLOW_CTX_DAG_RUN_ID='scheduled__2023-10-10T00:00:00+00:00'
[2023-10-11T16:50:02.171+0000] {python.py:194} INFO - Done. Returned value was: None
[2023-10-11T16:50:02.180+0000] {taskinstance.py:1398} INFO - Marking task as SUCCESS. dag_id=wikipedia_etl, task_id=raw, execution_date=20231010T000000, start_date=20231011T164957, end_date=20231011T165002
[2023-10-11T16:50:02.203+0000] {local_task_job_runner.py:228} INFO - Task exited with return code 0
[2023-10-11T16:50:02.221+0000] {taskinstance.py:2776} INFO - 1 downstream tasks scheduled from follow-on schedule check
[2023-10-11T17:12:05.251+0000] {taskinstance.py:1157} INFO - Dependencies all met for dep_context=non-requeueable deps ti=<TaskInstance: wikipedia_etl.raw scheduled__2023-10-10T00:00:00+00:00 [queued]>
[2023-10-11T17:12:05.257+0000] {taskinstance.py:1157} INFO - Dependencies all met for dep_context=requeueable deps ti=<TaskInstance: wikipedia_etl.raw scheduled__2023-10-10T00:00:00+00:00 [queued]>
[2023-10-11T17:12:05.257+0000] {taskinstance.py:1359} INFO - Starting attempt 1 of 3
[2023-10-11T17:12:05.269+0000] {taskinstance.py:1380} INFO - Executing <Task(PythonOperator): raw> on 2023-10-10 00:00:00+00:00
[2023-10-11T17:12:05.273+0000] {standard_task_runner.py:57} INFO - Started process 1292 to run task
[2023-10-11T17:12:05.277+0000] {standard_task_runner.py:84} INFO - Running: ['***', 'tasks', 'run', 'wikipedia_etl', 'raw', 'scheduled__2023-10-10T00:00:00+00:00', '--job-id', '11', '--raw', '--subdir', 'DAGS_FOLDER/wikipedia_etl.py', '--cfg-path', '/tmp/tmpyyhemxik']
[2023-10-11T17:12:05.280+0000] {standard_task_runner.py:85} INFO - Job 11: Subtask raw
[2023-10-11T17:12:05.323+0000] {task_command.py:415} INFO - Running <TaskInstance: wikipedia_etl.raw scheduled__2023-10-10T00:00:00+00:00 [running]> on host 8294e6c9f0c9
[2023-10-11T17:12:05.385+0000] {taskinstance.py:1660} INFO - Exporting env vars: AIRFLOW_CTX_DAG_OWNER='***' AIRFLOW_CTX_DAG_ID='wikipedia_etl' AIRFLOW_CTX_TASK_ID='raw' AIRFLOW_CTX_EXECUTION_DATE='2023-10-10T00:00:00+00:00' AIRFLOW_CTX_TRY_NUMBER='1' AIRFLOW_CTX_DAG_RUN_ID='scheduled__2023-10-10T00:00:00+00:00'
[2023-10-11T17:12:09.545+0000] {python.py:194} INFO - Done. Returned value was: None
[2023-10-11T17:12:09.555+0000] {taskinstance.py:1398} INFO - Marking task as SUCCESS. dag_id=wikipedia_etl, task_id=raw, execution_date=20231010T000000, start_date=20231011T171205, end_date=20231011T171209
[2023-10-11T17:12:09.679+0000] {local_task_job_runner.py:228} INFO - Task exited with return code 0
[2023-10-11T17:12:09.700+0000] {taskinstance.py:2776} INFO - 0 downstream tasks scheduled from follow-on schedule check
[2023-10-11T18:10:47.182+0000] {taskinstance.py:1157} INFO - Dependencies all met for dep_context=non-requeueable deps ti=<TaskInstance: wikipedia_etl.raw scheduled__2023-10-10T00:00:00+00:00 [queued]>
[2023-10-11T18:10:47.190+0000] {taskinstance.py:1157} INFO - Dependencies all met for dep_context=requeueable deps ti=<TaskInstance: wikipedia_etl.raw scheduled__2023-10-10T00:00:00+00:00 [queued]>
[2023-10-11T18:10:47.191+0000] {taskinstance.py:1359} INFO - Starting attempt 1 of 3
[2023-10-11T18:10:47.202+0000] {taskinstance.py:1380} INFO - Executing <Task(PythonOperator): raw> on 2023-10-10 00:00:00+00:00
[2023-10-11T18:10:47.208+0000] {standard_task_runner.py:57} INFO - Started process 3274 to run task
[2023-10-11T18:10:47.211+0000] {standard_task_runner.py:84} INFO - Running: ['***', 'tasks', 'run', 'wikipedia_etl', 'raw', 'scheduled__2023-10-10T00:00:00+00:00', '--job-id', '22', '--raw', '--subdir', 'DAGS_FOLDER/wikipedia_etl.py', '--cfg-path', '/tmp/tmp7naug0y5']
[2023-10-11T18:10:47.214+0000] {standard_task_runner.py:85} INFO - Job 22: Subtask raw
[2023-10-11T18:10:47.256+0000] {task_command.py:415} INFO - Running <TaskInstance: wikipedia_etl.raw scheduled__2023-10-10T00:00:00+00:00 [running]> on host 8294e6c9f0c9
[2023-10-11T18:10:47.318+0000] {taskinstance.py:1660} INFO - Exporting env vars: AIRFLOW_CTX_DAG_OWNER='***' AIRFLOW_CTX_DAG_ID='wikipedia_etl' AIRFLOW_CTX_TASK_ID='raw' AIRFLOW_CTX_EXECUTION_DATE='2023-10-10T00:00:00+00:00' AIRFLOW_CTX_TRY_NUMBER='1' AIRFLOW_CTX_DAG_RUN_ID='scheduled__2023-10-10T00:00:00+00:00'
[2023-10-11T18:10:51.606+0000] {python.py:194} INFO - Done. Returned value was: None
[2023-10-11T18:10:51.614+0000] {taskinstance.py:1398} INFO - Marking task as SUCCESS. dag_id=wikipedia_etl, task_id=raw, execution_date=20231010T000000, start_date=20231011T181047, end_date=20231011T181051
[2023-10-11T18:10:51.650+0000] {local_task_job_runner.py:228} INFO - Task exited with return code 0
[2023-10-11T18:10:51.667+0000] {taskinstance.py:2776} INFO - 1 downstream tasks scheduled from follow-on schedule check
[2023-10-11T19:12:50.468+0000] {taskinstance.py:1157} INFO - Dependencies all met for dep_context=non-requeueable deps ti=<TaskInstance: wikipedia_etl.raw scheduled__2023-10-10T00:00:00+00:00 [queued]>
[2023-10-11T19:12:50.606+0000] {taskinstance.py:1157} INFO - Dependencies all met for dep_context=requeueable deps ti=<TaskInstance: wikipedia_etl.raw scheduled__2023-10-10T00:00:00+00:00 [queued]>
[2023-10-11T19:12:50.607+0000] {taskinstance.py:1359} INFO - Starting attempt 1 of 3
[2023-10-11T19:12:50.759+0000] {taskinstance.py:1380} INFO - Executing <Task(PythonOperator): raw> on 2023-10-10 00:00:00+00:00
[2023-10-11T19:12:50.917+0000] {standard_task_runner.py:84} INFO - Running: ['***', 'tasks', 'run', 'wikipedia_etl', 'raw', 'scheduled__2023-10-10T00:00:00+00:00', '--job-id', '8', '--raw', '--subdir', 'DAGS_FOLDER/wikipedia_etl.py', '--cfg-path', '/tmp/tmp7nnsrv9m']
[2023-10-11T19:12:51.009+0000] {standard_task_runner.py:85} INFO - Job 8: Subtask raw
[2023-10-11T19:12:51.044+0000] {standard_task_runner.py:57} INFO - Started process 167 to run task
[2023-10-11T19:12:52.318+0000] {task_command.py:415} INFO - Running <TaskInstance: wikipedia_etl.raw scheduled__2023-10-10T00:00:00+00:00 [running]> on host 1b4c7cedd36d
[2023-10-11T19:12:52.900+0000] {taskinstance.py:1660} INFO - Exporting env vars: AIRFLOW_CTX_DAG_OWNER='***' AIRFLOW_CTX_DAG_ID='wikipedia_etl' AIRFLOW_CTX_TASK_ID='raw' AIRFLOW_CTX_EXECUTION_DATE='2023-10-10T00:00:00+00:00' AIRFLOW_CTX_TRY_NUMBER='1' AIRFLOW_CTX_DAG_RUN_ID='scheduled__2023-10-10T00:00:00+00:00'
[2023-10-11T19:27:12.578+0000] {taskinstance.py:1157} INFO - Dependencies all met for dep_context=non-requeueable deps ti=<TaskInstance: wikipedia_etl.raw scheduled__2023-10-10T00:00:00+00:00 [queued]>
[2023-10-11T19:27:12.592+0000] {taskinstance.py:1157} INFO - Dependencies all met for dep_context=requeueable deps ti=<TaskInstance: wikipedia_etl.raw scheduled__2023-10-10T00:00:00+00:00 [queued]>
[2023-10-11T19:27:12.593+0000] {taskinstance.py:1359} INFO - Starting attempt 1 of 3
[2023-10-11T19:27:12.661+0000] {taskinstance.py:1380} INFO - Executing <Task(PythonOperator): raw> on 2023-10-10 00:00:00+00:00
[2023-10-11T19:27:12.676+0000] {standard_task_runner.py:57} INFO - Started process 97 to run task
[2023-10-11T19:27:12.680+0000] {standard_task_runner.py:84} INFO - Running: ['***', 'tasks', 'run', 'wikipedia_etl', 'raw', 'scheduled__2023-10-10T00:00:00+00:00', '--job-id', '12', '--raw', '--subdir', 'DAGS_FOLDER/wikipedia_etl.py', '--cfg-path', '/tmp/tmp3n3h3nml']
[2023-10-11T19:27:12.706+0000] {standard_task_runner.py:85} INFO - Job 12: Subtask raw
[2023-10-11T19:27:12.843+0000] {task_command.py:415} INFO - Running <TaskInstance: wikipedia_etl.raw scheduled__2023-10-10T00:00:00+00:00 [running]> on host f711e14c143e
[2023-10-11T19:27:13.054+0000] {taskinstance.py:1660} INFO - Exporting env vars: AIRFLOW_CTX_DAG_OWNER='***' AIRFLOW_CTX_DAG_ID='wikipedia_etl' AIRFLOW_CTX_TASK_ID='raw' AIRFLOW_CTX_EXECUTION_DATE='2023-10-10T00:00:00+00:00' AIRFLOW_CTX_TRY_NUMBER='1' AIRFLOW_CTX_DAG_RUN_ID='scheduled__2023-10-10T00:00:00+00:00'
[2023-10-11T19:27:38.991+0000] {python.py:194} INFO - Done. Returned value was: None
[2023-10-11T19:27:39.010+0000] {taskinstance.py:1398} INFO - Marking task as SUCCESS. dag_id=wikipedia_etl, task_id=raw, execution_date=20231010T000000, start_date=20231011T192712, end_date=20231011T192739
[2023-10-11T19:27:39.101+0000] {local_task_job_runner.py:228} INFO - Task exited with return code 0
[2023-10-11T19:27:39.126+0000] {taskinstance.py:2776} INFO - 1 downstream tasks scheduled from follow-on schedule check
[2023-10-11T19:35:56.975+0000] {taskinstance.py:1157} INFO - Dependencies all met for dep_context=non-requeueable deps ti=<TaskInstance: wikipedia_etl.raw scheduled__2023-10-10T00:00:00+00:00 [queued]>
[2023-10-11T19:35:56.982+0000] {taskinstance.py:1157} INFO - Dependencies all met for dep_context=requeueable deps ti=<TaskInstance: wikipedia_etl.raw scheduled__2023-10-10T00:00:00+00:00 [queued]>
[2023-10-11T19:35:56.983+0000] {taskinstance.py:1359} INFO - Starting attempt 1 of 3
[2023-10-11T19:35:56.994+0000] {taskinstance.py:1380} INFO - Executing <Task(PythonOperator): raw> on 2023-10-10 00:00:00+00:00
[2023-10-11T19:35:57.000+0000] {standard_task_runner.py:57} INFO - Started process 3161 to run task
[2023-10-11T19:35:57.003+0000] {standard_task_runner.py:84} INFO - Running: ['***', 'tasks', 'run', 'wikipedia_etl', 'raw', 'scheduled__2023-10-10T00:00:00+00:00', '--job-id', '41', '--raw', '--subdir', 'DAGS_FOLDER/wikipedia_etl.py', '--cfg-path', '/tmp/tmpaksd129e']
[2023-10-11T19:35:57.006+0000] {standard_task_runner.py:85} INFO - Job 41: Subtask raw
[2023-10-11T19:35:57.045+0000] {task_command.py:415} INFO - Running <TaskInstance: wikipedia_etl.raw scheduled__2023-10-10T00:00:00+00:00 [running]> on host f711e14c143e
[2023-10-11T19:35:57.118+0000] {taskinstance.py:1660} INFO - Exporting env vars: AIRFLOW_CTX_DAG_OWNER='***' AIRFLOW_CTX_DAG_ID='wikipedia_etl' AIRFLOW_CTX_TASK_ID='raw' AIRFLOW_CTX_EXECUTION_DATE='2023-10-10T00:00:00+00:00' AIRFLOW_CTX_TRY_NUMBER='1' AIRFLOW_CTX_DAG_RUN_ID='scheduled__2023-10-10T00:00:00+00:00'
[2023-10-11T19:36:02.538+0000] {python.py:194} INFO - Done. Returned value was: None
[2023-10-11T19:36:02.545+0000] {taskinstance.py:1398} INFO - Marking task as SUCCESS. dag_id=wikipedia_etl, task_id=raw, execution_date=20231010T000000, start_date=20231011T193556, end_date=20231011T193602
[2023-10-11T19:36:02.564+0000] {local_task_job_runner.py:228} INFO - Task exited with return code 0
[2023-10-11T19:36:02.577+0000] {taskinstance.py:2776} INFO - 1 downstream tasks scheduled from follow-on schedule check
[2023-10-11T19:51:44.978+0000] {taskinstance.py:1157} INFO - Dependencies all met for dep_context=non-requeueable deps ti=<TaskInstance: wikipedia_etl.raw scheduled__2023-10-10T00:00:00+00:00 [queued]>
[2023-10-11T19:51:44.987+0000] {taskinstance.py:1157} INFO - Dependencies all met for dep_context=requeueable deps ti=<TaskInstance: wikipedia_etl.raw scheduled__2023-10-10T00:00:00+00:00 [queued]>
[2023-10-11T19:51:44.987+0000] {taskinstance.py:1359} INFO - Starting attempt 1 of 3
[2023-10-11T19:51:44.997+0000] {taskinstance.py:1380} INFO - Executing <Task(PythonOperator): raw> on 2023-10-10 00:00:00+00:00
[2023-10-11T19:51:45.003+0000] {standard_task_runner.py:57} INFO - Started process 5908 to run task
[2023-10-11T19:51:45.006+0000] {standard_task_runner.py:84} INFO - Running: ['***', 'tasks', 'run', 'wikipedia_etl', 'raw', 'scheduled__2023-10-10T00:00:00+00:00', '--job-id', '61', '--raw', '--subdir', 'DAGS_FOLDER/wikipedia_etl.py', '--cfg-path', '/tmp/tmpfs2gn4xw']
[2023-10-11T19:51:45.008+0000] {standard_task_runner.py:85} INFO - Job 61: Subtask raw
[2023-10-11T19:51:45.047+0000] {task_command.py:415} INFO - Running <TaskInstance: wikipedia_etl.raw scheduled__2023-10-10T00:00:00+00:00 [running]> on host f711e14c143e
[2023-10-11T19:51:45.108+0000] {taskinstance.py:1660} INFO - Exporting env vars: AIRFLOW_CTX_DAG_OWNER='***' AIRFLOW_CTX_DAG_ID='wikipedia_etl' AIRFLOW_CTX_TASK_ID='raw' AIRFLOW_CTX_EXECUTION_DATE='2023-10-10T00:00:00+00:00' AIRFLOW_CTX_TRY_NUMBER='1' AIRFLOW_CTX_DAG_RUN_ID='scheduled__2023-10-10T00:00:00+00:00'
[2023-10-11T19:51:48.954+0000] {python.py:194} INFO - Done. Returned value was: None
[2023-10-11T19:51:48.962+0000] {taskinstance.py:1398} INFO - Marking task as SUCCESS. dag_id=wikipedia_etl, task_id=raw, execution_date=20231010T000000, start_date=20231011T195144, end_date=20231011T195148
[2023-10-11T19:51:49.005+0000] {local_task_job_runner.py:228} INFO - Task exited with return code 0
[2023-10-11T19:51:49.028+0000] {taskinstance.py:2776} INFO - 1 downstream tasks scheduled from follow-on schedule check
[2023-10-13T17:23:41.409+0000] {taskinstance.py:1157} INFO - Dependencies all met for dep_context=non-requeueable deps ti=<TaskInstance: wikipedia_etl.raw scheduled__2023-10-10T00:00:00+00:00 [queued]>
[2023-10-13T17:23:41.416+0000] {taskinstance.py:1157} INFO - Dependencies all met for dep_context=requeueable deps ti=<TaskInstance: wikipedia_etl.raw scheduled__2023-10-10T00:00:00+00:00 [queued]>
[2023-10-13T17:23:41.416+0000] {taskinstance.py:1359} INFO - Starting attempt 1 of 3
[2023-10-13T17:23:41.427+0000] {taskinstance.py:1380} INFO - Executing <Task(PythonOperator): raw> on 2023-10-10 00:00:00+00:00
[2023-10-13T17:23:41.433+0000] {standard_task_runner.py:57} INFO - Started process 2304 to run task
[2023-10-13T17:23:41.436+0000] {standard_task_runner.py:84} INFO - Running: ['***', 'tasks', 'run', 'wikipedia_etl', 'raw', 'scheduled__2023-10-10T00:00:00+00:00', '--job-id', '21', '--raw', '--subdir', 'DAGS_FOLDER/wikipedia_etl.py', '--cfg-path', '/tmp/tmpkhoszxz7']
[2023-10-13T17:23:41.438+0000] {standard_task_runner.py:85} INFO - Job 21: Subtask raw
[2023-10-13T17:23:41.479+0000] {task_command.py:415} INFO - Running <TaskInstance: wikipedia_etl.raw scheduled__2023-10-10T00:00:00+00:00 [running]> on host feba906f3341
[2023-10-13T17:23:41.543+0000] {taskinstance.py:1660} INFO - Exporting env vars: AIRFLOW_CTX_DAG_OWNER='***' AIRFLOW_CTX_DAG_ID='wikipedia_etl' AIRFLOW_CTX_TASK_ID='raw' AIRFLOW_CTX_EXECUTION_DATE='2023-10-10T00:00:00+00:00' AIRFLOW_CTX_TRY_NUMBER='1' AIRFLOW_CTX_DAG_RUN_ID='scheduled__2023-10-10T00:00:00+00:00'
[2023-10-13T17:23:45.905+0000] {python.py:194} INFO - Done. Returned value was: None
[2023-10-13T17:23:45.913+0000] {taskinstance.py:1398} INFO - Marking task as SUCCESS. dag_id=wikipedia_etl, task_id=raw, execution_date=20231010T000000, start_date=20231013T172341, end_date=20231013T172345
[2023-10-13T17:23:45.950+0000] {local_task_job_runner.py:228} INFO - Task exited with return code 0
[2023-10-13T17:23:45.966+0000] {taskinstance.py:2776} INFO - 1 downstream tasks scheduled from follow-on schedule check
[2023-10-16T11:30:50.527+0000] {taskinstance.py:1157} INFO - Dependencies all met for dep_context=non-requeueable deps ti=<TaskInstance: wikipedia_etl.raw scheduled__2023-10-10T00:00:00+00:00 [queued]>
[2023-10-16T11:30:50.533+0000] {taskinstance.py:1157} INFO - Dependencies all met for dep_context=requeueable deps ti=<TaskInstance: wikipedia_etl.raw scheduled__2023-10-10T00:00:00+00:00 [queued]>
[2023-10-16T11:30:50.533+0000] {taskinstance.py:1359} INFO - Starting attempt 1 of 3
[2023-10-16T11:30:50.543+0000] {taskinstance.py:1380} INFO - Executing <Task(PythonOperator): raw> on 2023-10-10 00:00:00+00:00
[2023-10-16T11:30:50.548+0000] {standard_task_runner.py:57} INFO - Started process 2304 to run task
[2023-10-16T11:30:50.551+0000] {standard_task_runner.py:84} INFO - Running: ['***', 'tasks', 'run', 'wikipedia_etl', 'raw', 'scheduled__2023-10-10T00:00:00+00:00', '--job-id', '21', '--raw', '--subdir', 'DAGS_FOLDER/wikipedia_etl.py', '--cfg-path', '/tmp/tmpgt704cgo']
[2023-10-16T11:30:50.552+0000] {standard_task_runner.py:85} INFO - Job 21: Subtask raw
[2023-10-16T11:30:50.584+0000] {task_command.py:415} INFO - Running <TaskInstance: wikipedia_etl.raw scheduled__2023-10-10T00:00:00+00:00 [running]> on host ab44499fca46
[2023-10-16T11:30:50.638+0000] {taskinstance.py:1660} INFO - Exporting env vars: AIRFLOW_CTX_DAG_OWNER='***' AIRFLOW_CTX_DAG_ID='wikipedia_etl' AIRFLOW_CTX_TASK_ID='raw' AIRFLOW_CTX_EXECUTION_DATE='2023-10-10T00:00:00+00:00' AIRFLOW_CTX_TRY_NUMBER='1' AIRFLOW_CTX_DAG_RUN_ID='scheduled__2023-10-10T00:00:00+00:00'
[2023-10-16T11:30:54.544+0000] {python.py:194} INFO - Done. Returned value was: None
[2023-10-16T11:30:54.554+0000] {taskinstance.py:1398} INFO - Marking task as SUCCESS. dag_id=wikipedia_etl, task_id=raw, execution_date=20231010T000000, start_date=20231016T113050, end_date=20231016T113054
[2023-10-16T11:30:54.592+0000] {local_task_job_runner.py:228} INFO - Task exited with return code 0
[2023-10-16T11:30:54.609+0000] {taskinstance.py:2776} INFO - 1 downstream tasks scheduled from follow-on schedule check
[2023-10-16T19:14:09.031+0000] {taskinstance.py:1157} INFO - Dependencies all met for dep_context=non-requeueable deps ti=<TaskInstance: wikipedia_etl.raw scheduled__2023-10-10T00:00:00+00:00 [queued]>
[2023-10-16T19:14:09.042+0000] {taskinstance.py:1157} INFO - Dependencies all met for dep_context=requeueable deps ti=<TaskInstance: wikipedia_etl.raw scheduled__2023-10-10T00:00:00+00:00 [queued]>
[2023-10-16T19:14:09.042+0000] {taskinstance.py:1359} INFO - Starting attempt 1 of 3
[2023-10-16T19:14:09.063+0000] {taskinstance.py:1380} INFO - Executing <Task(PythonOperator): raw> on 2023-10-10 00:00:00+00:00
[2023-10-16T19:14:09.074+0000] {standard_task_runner.py:57} INFO - Started process 2226 to run task
[2023-10-16T19:14:09.079+0000] {standard_task_runner.py:84} INFO - Running: ['***', 'tasks', 'run', 'wikipedia_etl', 'raw', 'scheduled__2023-10-10T00:00:00+00:00', '--job-id', '21', '--raw', '--subdir', 'DAGS_FOLDER/wikipedia_etl.py', '--cfg-path', '/tmp/tmppuuc7yln']
[2023-10-16T19:14:09.084+0000] {standard_task_runner.py:85} INFO - Job 21: Subtask raw
[2023-10-16T19:14:09.150+0000] {task_command.py:415} INFO - Running <TaskInstance: wikipedia_etl.raw scheduled__2023-10-10T00:00:00+00:00 [running]> on host 3522330161cc
[2023-10-16T19:14:09.268+0000] {taskinstance.py:1660} INFO - Exporting env vars: AIRFLOW_CTX_DAG_OWNER='***' AIRFLOW_CTX_DAG_ID='wikipedia_etl' AIRFLOW_CTX_TASK_ID='raw' AIRFLOW_CTX_EXECUTION_DATE='2023-10-10T00:00:00+00:00' AIRFLOW_CTX_TRY_NUMBER='1' AIRFLOW_CTX_DAG_RUN_ID='scheduled__2023-10-10T00:00:00+00:00'
[2023-10-16T19:14:13.991+0000] {python.py:194} INFO - Done. Returned value was: None
[2023-10-16T19:14:14.000+0000] {taskinstance.py:1398} INFO - Marking task as SUCCESS. dag_id=wikipedia_etl, task_id=raw, execution_date=20231010T000000, start_date=20231016T191409, end_date=20231016T191414
[2023-10-16T19:14:14.031+0000] {local_task_job_runner.py:228} INFO - Task exited with return code 0
[2023-10-16T19:14:14.048+0000] {taskinstance.py:2776} INFO - 1 downstream tasks scheduled from follow-on schedule check
