[2023-10-16T19:16:58.944+0000] {processor.py:157} INFO - Started process (PID=1250) to work on /home/airflow/.local/lib/python3.8/site-packages/airflow/example_dags/example_datasets.py
[2023-10-16T19:16:58.945+0000] {processor.py:829} INFO - Processing file /home/airflow/.local/lib/python3.8/site-packages/airflow/example_dags/example_datasets.py for tasks to queue
[2023-10-16T19:16:58.945+0000] {logging_mixin.py:151} INFO - [2023-10-16T19:16:58.945+0000] {dagbag.py:539} INFO - Filling up the DagBag from /home/airflow/.local/lib/python3.8/site-packages/airflow/example_dags/example_datasets.py
[2023-10-16T19:16:58.956+0000] {processor.py:839} INFO - DAG(s) dict_keys(['dataset_produces_2', 'dataset_consumes_1_never_scheduled', 'dataset_produces_1', 'dataset_consumes_unknown_never_scheduled', 'dataset_consumes_1', 'dataset_consumes_1_and_2']) retrieved from /home/airflow/.local/lib/python3.8/site-packages/airflow/example_dags/example_datasets.py
[2023-10-16T19:16:58.991+0000] {logging_mixin.py:151} INFO - [2023-10-16T19:16:58.991+0000] {dag.py:2915} INFO - Sync 6 DAGs
[2023-10-16T19:16:59.013+0000] {logging_mixin.py:151} INFO - [2023-10-16T19:16:59.013+0000] {dag.py:3696} INFO - Setting next_dagrun for dataset_consumes_1 to None, run_after=None
[2023-10-16T19:16:59.017+0000] {logging_mixin.py:151} INFO - [2023-10-16T19:16:59.016+0000] {dag.py:3696} INFO - Setting next_dagrun for dataset_consumes_1_and_2 to None, run_after=None
[2023-10-16T19:16:59.018+0000] {logging_mixin.py:151} INFO - [2023-10-16T19:16:59.018+0000] {dag.py:3696} INFO - Setting next_dagrun for dataset_consumes_1_never_scheduled to None, run_after=None
[2023-10-16T19:16:59.019+0000] {logging_mixin.py:151} INFO - [2023-10-16T19:16:59.019+0000] {dag.py:3696} INFO - Setting next_dagrun for dataset_consumes_unknown_never_scheduled to None, run_after=None
[2023-10-16T19:16:59.021+0000] {logging_mixin.py:151} INFO - [2023-10-16T19:16:59.021+0000] {dag.py:3696} INFO - Setting next_dagrun for dataset_produces_1 to 2023-10-15T00:00:00+00:00, run_after=2023-10-16T00:00:00+00:00
[2023-10-16T19:16:59.022+0000] {logging_mixin.py:151} INFO - [2023-10-16T19:16:59.022+0000] {dag.py:3696} INFO - Setting next_dagrun for dataset_produces_2 to None, run_after=None
[2023-10-16T19:16:59.054+0000] {processor.py:179} INFO - Processing /home/airflow/.local/lib/python3.8/site-packages/airflow/example_dags/example_datasets.py took 0.113 seconds
[2023-10-16T19:17:29.468+0000] {processor.py:157} INFO - Started process (PID=1305) to work on /home/airflow/.local/lib/python3.8/site-packages/airflow/example_dags/example_datasets.py
[2023-10-16T19:17:29.470+0000] {processor.py:829} INFO - Processing file /home/airflow/.local/lib/python3.8/site-packages/airflow/example_dags/example_datasets.py for tasks to queue
[2023-10-16T19:17:29.471+0000] {logging_mixin.py:151} INFO - [2023-10-16T19:17:29.470+0000] {dagbag.py:539} INFO - Filling up the DagBag from /home/airflow/.local/lib/python3.8/site-packages/airflow/example_dags/example_datasets.py
[2023-10-16T19:17:29.481+0000] {processor.py:839} INFO - DAG(s) dict_keys(['dataset_produces_1', 'dataset_consumes_1_and_2', 'dataset_consumes_1_never_scheduled', 'dataset_consumes_unknown_never_scheduled', 'dataset_produces_2', 'dataset_consumes_1']) retrieved from /home/airflow/.local/lib/python3.8/site-packages/airflow/example_dags/example_datasets.py
[2023-10-16T19:17:29.516+0000] {logging_mixin.py:151} INFO - [2023-10-16T19:17:29.516+0000] {dag.py:2915} INFO - Sync 6 DAGs
[2023-10-16T19:17:29.537+0000] {logging_mixin.py:151} INFO - [2023-10-16T19:17:29.536+0000] {dag.py:3696} INFO - Setting next_dagrun for dataset_consumes_1 to None, run_after=None
[2023-10-16T19:17:29.540+0000] {logging_mixin.py:151} INFO - [2023-10-16T19:17:29.540+0000] {dag.py:3696} INFO - Setting next_dagrun for dataset_consumes_1_and_2 to None, run_after=None
[2023-10-16T19:17:29.542+0000] {logging_mixin.py:151} INFO - [2023-10-16T19:17:29.542+0000] {dag.py:3696} INFO - Setting next_dagrun for dataset_consumes_1_never_scheduled to None, run_after=None
[2023-10-16T19:17:29.543+0000] {logging_mixin.py:151} INFO - [2023-10-16T19:17:29.543+0000] {dag.py:3696} INFO - Setting next_dagrun for dataset_consumes_unknown_never_scheduled to None, run_after=None
[2023-10-16T19:17:29.545+0000] {logging_mixin.py:151} INFO - [2023-10-16T19:17:29.545+0000] {dag.py:3696} INFO - Setting next_dagrun for dataset_produces_1 to 2023-10-15T00:00:00+00:00, run_after=2023-10-16T00:00:00+00:00
[2023-10-16T19:17:29.546+0000] {logging_mixin.py:151} INFO - [2023-10-16T19:17:29.546+0000] {dag.py:3696} INFO - Setting next_dagrun for dataset_produces_2 to None, run_after=None
[2023-10-16T19:17:29.582+0000] {processor.py:179} INFO - Processing /home/airflow/.local/lib/python3.8/site-packages/airflow/example_dags/example_datasets.py took 0.119 seconds
