[2023-10-16T19:16:58.847+0000] {processor.py:157} INFO - Started process (PID=1249) to work on /home/airflow/.local/lib/python3.8/site-packages/airflow/example_dags/example_subdag_operator.py
[2023-10-16T19:16:58.848+0000] {processor.py:829} INFO - Processing file /home/airflow/.local/lib/python3.8/site-packages/airflow/example_dags/example_subdag_operator.py for tasks to queue
[2023-10-16T19:16:58.848+0000] {logging_mixin.py:151} INFO - [2023-10-16T19:16:58.848+0000] {dagbag.py:539} INFO - Filling up the DagBag from /home/airflow/.local/lib/python3.8/site-packages/airflow/example_dags/example_subdag_operator.py
[2023-10-16T19:16:58.873+0000] {processor.py:839} INFO - DAG(s) dict_keys(['example_subdag_operator.section-1', 'example_subdag_operator.section-2', 'example_subdag_operator']) retrieved from /home/airflow/.local/lib/python3.8/site-packages/airflow/example_dags/example_subdag_operator.py
[2023-10-16T19:16:58.890+0000] {logging_mixin.py:151} INFO - [2023-10-16T19:16:58.889+0000] {dag.py:2915} INFO - Sync 3 DAGs
[2023-10-16T19:16:58.910+0000] {logging_mixin.py:151} INFO - [2023-10-16T19:16:58.910+0000] {dag.py:3696} INFO - Setting next_dagrun for example_subdag_operator to 2022-01-01T00:00:00+00:00, run_after=2022-01-01T00:00:00+00:00
[2023-10-16T19:16:58.914+0000] {logging_mixin.py:151} INFO - [2023-10-16T19:16:58.913+0000] {dag.py:3696} INFO - Setting next_dagrun for example_subdag_operator.section-1 to None, run_after=None
[2023-10-16T19:16:58.915+0000] {logging_mixin.py:151} INFO - [2023-10-16T19:16:58.915+0000] {dag.py:3696} INFO - Setting next_dagrun for example_subdag_operator.section-2 to None, run_after=None
[2023-10-16T19:16:58.922+0000] {logging_mixin.py:151} INFO - [2023-10-16T19:16:58.922+0000] {dag.py:2915} INFO - Sync 2 DAGs
[2023-10-16T19:16:58.929+0000] {logging_mixin.py:151} INFO - [2023-10-16T19:16:58.928+0000] {dag.py:3696} INFO - Setting next_dagrun for example_subdag_operator.section-1 to None, run_after=None
[2023-10-16T19:16:58.929+0000] {logging_mixin.py:151} INFO - [2023-10-16T19:16:58.929+0000] {dag.py:3696} INFO - Setting next_dagrun for example_subdag_operator.section-2 to None, run_after=None
[2023-10-16T19:16:58.941+0000] {processor.py:179} INFO - Processing /home/airflow/.local/lib/python3.8/site-packages/airflow/example_dags/example_subdag_operator.py took 0.097 seconds
[2023-10-16T19:17:29.317+0000] {processor.py:157} INFO - Started process (PID=1304) to work on /home/airflow/.local/lib/python3.8/site-packages/airflow/example_dags/example_subdag_operator.py
[2023-10-16T19:17:29.319+0000] {processor.py:829} INFO - Processing file /home/airflow/.local/lib/python3.8/site-packages/airflow/example_dags/example_subdag_operator.py for tasks to queue
[2023-10-16T19:17:29.319+0000] {logging_mixin.py:151} INFO - [2023-10-16T19:17:29.319+0000] {dagbag.py:539} INFO - Filling up the DagBag from /home/airflow/.local/lib/python3.8/site-packages/airflow/example_dags/example_subdag_operator.py
[2023-10-16T19:17:29.356+0000] {processor.py:839} INFO - DAG(s) dict_keys(['example_subdag_operator.section-1', 'example_subdag_operator.section-2', 'example_subdag_operator']) retrieved from /home/airflow/.local/lib/python3.8/site-packages/airflow/example_dags/example_subdag_operator.py
[2023-10-16T19:17:29.378+0000] {logging_mixin.py:151} INFO - [2023-10-16T19:17:29.378+0000] {dag.py:2915} INFO - Sync 3 DAGs
[2023-10-16T19:17:29.407+0000] {logging_mixin.py:151} INFO - [2023-10-16T19:17:29.407+0000] {dag.py:3696} INFO - Setting next_dagrun for example_subdag_operator to 2022-01-01T00:00:00+00:00, run_after=2022-01-01T00:00:00+00:00
[2023-10-16T19:17:29.411+0000] {logging_mixin.py:151} INFO - [2023-10-16T19:17:29.411+0000] {dag.py:3696} INFO - Setting next_dagrun for example_subdag_operator.section-1 to None, run_after=None
[2023-10-16T19:17:29.413+0000] {logging_mixin.py:151} INFO - [2023-10-16T19:17:29.412+0000] {dag.py:3696} INFO - Setting next_dagrun for example_subdag_operator.section-2 to None, run_after=None
[2023-10-16T19:17:29.423+0000] {logging_mixin.py:151} INFO - [2023-10-16T19:17:29.423+0000] {dag.py:2915} INFO - Sync 2 DAGs
[2023-10-16T19:17:29.430+0000] {logging_mixin.py:151} INFO - [2023-10-16T19:17:29.430+0000] {dag.py:3696} INFO - Setting next_dagrun for example_subdag_operator.section-1 to None, run_after=None
[2023-10-16T19:17:29.430+0000] {logging_mixin.py:151} INFO - [2023-10-16T19:17:29.430+0000] {dag.py:3696} INFO - Setting next_dagrun for example_subdag_operator.section-2 to None, run_after=None
[2023-10-16T19:17:29.451+0000] {processor.py:179} INFO - Processing /home/airflow/.local/lib/python3.8/site-packages/airflow/example_dags/example_subdag_operator.py took 0.138 seconds
