[2023-10-13T17:24:31.196+0000] {taskinstance.py:1157} INFO - Dependencies all met for dep_context=non-requeueable deps ti=<TaskInstance: wikipedia_etl.trusted scheduled__2023-10-11T00:00:00+00:00 [queued]>
[2023-10-13T17:24:31.202+0000] {taskinstance.py:1157} INFO - Dependencies all met for dep_context=requeueable deps ti=<TaskInstance: wikipedia_etl.trusted scheduled__2023-10-11T00:00:00+00:00 [queued]>
[2023-10-13T17:24:31.202+0000] {taskinstance.py:1359} INFO - Starting attempt 1 of 3
[2023-10-13T17:24:31.212+0000] {taskinstance.py:1380} INFO - Executing <Task(PythonOperator): trusted> on 2023-10-11 00:00:00+00:00
[2023-10-13T17:24:31.218+0000] {standard_task_runner.py:57} INFO - Started process 2561 to run task
[2023-10-13T17:24:31.221+0000] {standard_task_runner.py:84} INFO - Running: ['***', 'tasks', 'run', 'wikipedia_etl', 'trusted', 'scheduled__2023-10-11T00:00:00+00:00', '--job-id', '24', '--raw', '--subdir', 'DAGS_FOLDER/wikipedia_etl.py', '--cfg-path', '/tmp/tmpeb5ltpgc']
[2023-10-13T17:24:31.223+0000] {standard_task_runner.py:85} INFO - Job 24: Subtask trusted
[2023-10-13T17:24:31.260+0000] {task_command.py:415} INFO - Running <TaskInstance: wikipedia_etl.trusted scheduled__2023-10-11T00:00:00+00:00 [running]> on host feba906f3341
[2023-10-13T17:24:31.322+0000] {taskinstance.py:1660} INFO - Exporting env vars: AIRFLOW_CTX_DAG_OWNER='***' AIRFLOW_CTX_DAG_ID='wikipedia_etl' AIRFLOW_CTX_TASK_ID='trusted' AIRFLOW_CTX_EXECUTION_DATE='2023-10-11T00:00:00+00:00' AIRFLOW_CTX_TRY_NUMBER='1' AIRFLOW_CTX_DAG_RUN_ID='scheduled__2023-10-11T00:00:00+00:00'
[2023-10-13T17:25:08.728+0000] {python.py:194} INFO - Done. Returned value was: None
[2023-10-13T17:25:08.738+0000] {taskinstance.py:1398} INFO - Marking task as SUCCESS. dag_id=wikipedia_etl, task_id=trusted, execution_date=20231011T000000, start_date=20231013T172431, end_date=20231013T172508
[2023-10-13T17:25:08.767+0000] {local_task_job_runner.py:228} INFO - Task exited with return code 0
[2023-10-13T17:25:08.778+0000] {taskinstance.py:2776} INFO - 0 downstream tasks scheduled from follow-on schedule check
[2023-10-16T11:31:34.929+0000] {taskinstance.py:1157} INFO - Dependencies all met for dep_context=non-requeueable deps ti=<TaskInstance: wikipedia_etl.trusted scheduled__2023-10-11T00:00:00+00:00 [queued]>
[2023-10-16T11:31:34.937+0000] {taskinstance.py:1157} INFO - Dependencies all met for dep_context=requeueable deps ti=<TaskInstance: wikipedia_etl.trusted scheduled__2023-10-11T00:00:00+00:00 [queued]>
[2023-10-16T11:31:34.937+0000] {taskinstance.py:1359} INFO - Starting attempt 1 of 3
[2023-10-16T11:31:34.947+0000] {taskinstance.py:1380} INFO - Executing <Task(PythonOperator): trusted> on 2023-10-11 00:00:00+00:00
[2023-10-16T11:31:34.954+0000] {standard_task_runner.py:57} INFO - Started process 2583 to run task
[2023-10-16T11:31:34.956+0000] {standard_task_runner.py:84} INFO - Running: ['***', 'tasks', 'run', 'wikipedia_etl', 'trusted', 'scheduled__2023-10-11T00:00:00+00:00', '--job-id', '24', '--raw', '--subdir', 'DAGS_FOLDER/wikipedia_etl.py', '--cfg-path', '/tmp/tmpvqsixujn']
[2023-10-16T11:31:34.958+0000] {standard_task_runner.py:85} INFO - Job 24: Subtask trusted
[2023-10-16T11:31:34.994+0000] {task_command.py:415} INFO - Running <TaskInstance: wikipedia_etl.trusted scheduled__2023-10-11T00:00:00+00:00 [running]> on host ab44499fca46
[2023-10-16T11:31:35.055+0000] {taskinstance.py:1660} INFO - Exporting env vars: AIRFLOW_CTX_DAG_OWNER='***' AIRFLOW_CTX_DAG_ID='wikipedia_etl' AIRFLOW_CTX_TASK_ID='trusted' AIRFLOW_CTX_EXECUTION_DATE='2023-10-11T00:00:00+00:00' AIRFLOW_CTX_TRY_NUMBER='1' AIRFLOW_CTX_DAG_RUN_ID='scheduled__2023-10-11T00:00:00+00:00'
[2023-10-16T11:32:06.916+0000] {python.py:194} INFO - Done. Returned value was: None
[2023-10-16T11:32:06.924+0000] {taskinstance.py:1398} INFO - Marking task as SUCCESS. dag_id=wikipedia_etl, task_id=trusted, execution_date=20231011T000000, start_date=20231016T113134, end_date=20231016T113206
[2023-10-16T11:32:06.946+0000] {local_task_job_runner.py:228} INFO - Task exited with return code 0
[2023-10-16T11:32:06.958+0000] {taskinstance.py:2776} INFO - 0 downstream tasks scheduled from follow-on schedule check
