[2023-10-11T19:27:11.617+0000] {taskinstance.py:1157} INFO - Dependencies all met for dep_context=non-requeueable deps ti=<TaskInstance: wikipedia_etl.raw scheduled__2023-10-04T00:00:00+00:00 [queued]>
[2023-10-11T19:27:11.631+0000] {taskinstance.py:1157} INFO - Dependencies all met for dep_context=requeueable deps ti=<TaskInstance: wikipedia_etl.raw scheduled__2023-10-04T00:00:00+00:00 [queued]>
[2023-10-11T19:27:11.631+0000] {taskinstance.py:1359} INFO - Starting attempt 1 of 3
[2023-10-11T19:27:11.703+0000] {taskinstance.py:1380} INFO - Executing <Task(PythonOperator): raw> on 2023-10-04 00:00:00+00:00
[2023-10-11T19:27:11.713+0000] {standard_task_runner.py:57} INFO - Started process 88 to run task
[2023-10-11T19:27:11.743+0000] {standard_task_runner.py:84} INFO - Running: ['***', 'tasks', 'run', 'wikipedia_etl', 'raw', 'scheduled__2023-10-04T00:00:00+00:00', '--job-id', '5', '--raw', '--subdir', 'DAGS_FOLDER/wikipedia_etl.py', '--cfg-path', '/tmp/tmpfz7s_q4e']
[2023-10-11T19:27:11.769+0000] {standard_task_runner.py:85} INFO - Job 5: Subtask raw
[2023-10-11T19:27:11.985+0000] {task_command.py:415} INFO - Running <TaskInstance: wikipedia_etl.raw scheduled__2023-10-04T00:00:00+00:00 [running]> on host f711e14c143e
[2023-10-11T19:27:12.333+0000] {taskinstance.py:1660} INFO - Exporting env vars: AIRFLOW_CTX_DAG_OWNER='***' AIRFLOW_CTX_DAG_ID='wikipedia_etl' AIRFLOW_CTX_TASK_ID='raw' AIRFLOW_CTX_EXECUTION_DATE='2023-10-04T00:00:00+00:00' AIRFLOW_CTX_TRY_NUMBER='1' AIRFLOW_CTX_DAG_RUN_ID='scheduled__2023-10-04T00:00:00+00:00'
[2023-10-11T19:27:18.172+0000] {python.py:194} INFO - Done. Returned value was: None
[2023-10-11T19:27:18.204+0000] {taskinstance.py:1398} INFO - Marking task as SUCCESS. dag_id=wikipedia_etl, task_id=raw, execution_date=20231004T000000, start_date=20231011T192711, end_date=20231011T192718
[2023-10-11T19:27:18.335+0000] {local_task_job_runner.py:228} INFO - Task exited with return code 0
[2023-10-11T19:27:18.373+0000] {taskinstance.py:2776} INFO - 1 downstream tasks scheduled from follow-on schedule check
[2023-10-11T19:32:41.144+0000] {taskinstance.py:1157} INFO - Dependencies all met for dep_context=non-requeueable deps ti=<TaskInstance: wikipedia_etl.raw scheduled__2023-10-04T00:00:00+00:00 [queued]>
[2023-10-11T19:32:41.150+0000] {taskinstance.py:1157} INFO - Dependencies all met for dep_context=requeueable deps ti=<TaskInstance: wikipedia_etl.raw scheduled__2023-10-04T00:00:00+00:00 [queued]>
[2023-10-11T19:32:41.150+0000] {taskinstance.py:1359} INFO - Starting attempt 1 of 3
[2023-10-11T19:32:41.160+0000] {taskinstance.py:1380} INFO - Executing <Task(PythonOperator): raw> on 2023-10-04 00:00:00+00:00
[2023-10-11T19:32:41.165+0000] {standard_task_runner.py:57} INFO - Started process 1678 to run task
[2023-10-11T19:32:41.169+0000] {standard_task_runner.py:84} INFO - Running: ['***', 'tasks', 'run', 'wikipedia_etl', 'raw', 'scheduled__2023-10-04T00:00:00+00:00', '--job-id', '29', '--raw', '--subdir', 'DAGS_FOLDER/wikipedia_etl.py', '--cfg-path', '/tmp/tmp266z9n1j']
[2023-10-11T19:32:41.171+0000] {standard_task_runner.py:85} INFO - Job 29: Subtask raw
[2023-10-11T19:32:41.210+0000] {task_command.py:415} INFO - Running <TaskInstance: wikipedia_etl.raw scheduled__2023-10-04T00:00:00+00:00 [running]> on host f711e14c143e
[2023-10-11T19:32:41.271+0000] {taskinstance.py:1660} INFO - Exporting env vars: AIRFLOW_CTX_DAG_OWNER='***' AIRFLOW_CTX_DAG_ID='wikipedia_etl' AIRFLOW_CTX_TASK_ID='raw' AIRFLOW_CTX_EXECUTION_DATE='2023-10-04T00:00:00+00:00' AIRFLOW_CTX_TRY_NUMBER='1' AIRFLOW_CTX_DAG_RUN_ID='scheduled__2023-10-04T00:00:00+00:00'
[2023-10-11T19:32:45.913+0000] {python.py:194} INFO - Done. Returned value was: None
[2023-10-11T19:32:45.924+0000] {taskinstance.py:1398} INFO - Marking task as SUCCESS. dag_id=wikipedia_etl, task_id=raw, execution_date=20231004T000000, start_date=20231011T193241, end_date=20231011T193245
[2023-10-11T19:32:45.973+0000] {local_task_job_runner.py:228} INFO - Task exited with return code 0
[2023-10-11T19:32:45.996+0000] {taskinstance.py:2776} INFO - 1 downstream tasks scheduled from follow-on schedule check
[2023-10-11T19:47:56.953+0000] {taskinstance.py:1157} INFO - Dependencies all met for dep_context=non-requeueable deps ti=<TaskInstance: wikipedia_etl.raw scheduled__2023-10-04T00:00:00+00:00 [queued]>
[2023-10-11T19:47:56.960+0000] {taskinstance.py:1157} INFO - Dependencies all met for dep_context=requeueable deps ti=<TaskInstance: wikipedia_etl.raw scheduled__2023-10-04T00:00:00+00:00 [queued]>
[2023-10-11T19:47:56.960+0000] {taskinstance.py:1359} INFO - Starting attempt 1 of 3
[2023-10-11T19:47:56.972+0000] {taskinstance.py:1380} INFO - Executing <Task(PythonOperator): raw> on 2023-10-04 00:00:00+00:00
[2023-10-11T19:47:56.977+0000] {standard_task_runner.py:57} INFO - Started process 4353 to run task
[2023-10-11T19:47:56.980+0000] {standard_task_runner.py:84} INFO - Running: ['***', 'tasks', 'run', 'wikipedia_etl', 'raw', 'scheduled__2023-10-04T00:00:00+00:00', '--job-id', '49', '--raw', '--subdir', 'DAGS_FOLDER/wikipedia_etl.py', '--cfg-path', '/tmp/tmpm8bukdt6']
[2023-10-11T19:47:56.983+0000] {standard_task_runner.py:85} INFO - Job 49: Subtask raw
[2023-10-11T19:47:57.020+0000] {task_command.py:415} INFO - Running <TaskInstance: wikipedia_etl.raw scheduled__2023-10-04T00:00:00+00:00 [running]> on host f711e14c143e
[2023-10-11T19:47:57.081+0000] {taskinstance.py:1660} INFO - Exporting env vars: AIRFLOW_CTX_DAG_OWNER='***' AIRFLOW_CTX_DAG_ID='wikipedia_etl' AIRFLOW_CTX_TASK_ID='raw' AIRFLOW_CTX_EXECUTION_DATE='2023-10-04T00:00:00+00:00' AIRFLOW_CTX_TRY_NUMBER='1' AIRFLOW_CTX_DAG_RUN_ID='scheduled__2023-10-04T00:00:00+00:00'
[2023-10-11T19:48:00.986+0000] {python.py:194} INFO - Done. Returned value was: None
[2023-10-11T19:48:00.992+0000] {taskinstance.py:1398} INFO - Marking task as SUCCESS. dag_id=wikipedia_etl, task_id=raw, execution_date=20231004T000000, start_date=20231011T194756, end_date=20231011T194800
[2023-10-11T19:48:01.019+0000] {local_task_job_runner.py:228} INFO - Task exited with return code 0
[2023-10-11T19:48:01.036+0000] {taskinstance.py:2776} INFO - 1 downstream tasks scheduled from follow-on schedule check
[2023-10-13T17:19:03.050+0000] {taskinstance.py:1157} INFO - Dependencies all met for dep_context=non-requeueable deps ti=<TaskInstance: wikipedia_etl.raw scheduled__2023-10-04T00:00:00+00:00 [queued]>
[2023-10-13T17:19:03.070+0000] {taskinstance.py:1157} INFO - Dependencies all met for dep_context=requeueable deps ti=<TaskInstance: wikipedia_etl.raw scheduled__2023-10-04T00:00:00+00:00 [queued]>
[2023-10-13T17:19:03.070+0000] {taskinstance.py:1359} INFO - Starting attempt 1 of 3
[2023-10-13T17:19:03.096+0000] {taskinstance.py:1380} INFO - Executing <Task(PythonOperator): raw> on 2023-10-04 00:00:00+00:00
[2023-10-13T17:19:03.105+0000] {standard_task_runner.py:57} INFO - Started process 837 to run task
[2023-10-13T17:19:03.114+0000] {standard_task_runner.py:84} INFO - Running: ['***', 'tasks', 'run', 'wikipedia_etl', 'raw', 'scheduled__2023-10-04T00:00:00+00:00', '--job-id', '9', '--raw', '--subdir', 'DAGS_FOLDER/wikipedia_etl.py', '--cfg-path', '/tmp/tmp6cdz4kvg']
[2023-10-13T17:19:03.118+0000] {standard_task_runner.py:85} INFO - Job 9: Subtask raw
[2023-10-13T17:19:03.199+0000] {task_command.py:415} INFO - Running <TaskInstance: wikipedia_etl.raw scheduled__2023-10-04T00:00:00+00:00 [running]> on host feba906f3341
[2023-10-13T17:19:03.350+0000] {taskinstance.py:1660} INFO - Exporting env vars: AIRFLOW_CTX_DAG_OWNER='***' AIRFLOW_CTX_DAG_ID='wikipedia_etl' AIRFLOW_CTX_TASK_ID='raw' AIRFLOW_CTX_EXECUTION_DATE='2023-10-04T00:00:00+00:00' AIRFLOW_CTX_TRY_NUMBER='1' AIRFLOW_CTX_DAG_RUN_ID='scheduled__2023-10-04T00:00:00+00:00'
[2023-10-13T17:19:08.588+0000] {python.py:194} INFO - Done. Returned value was: None
[2023-10-13T17:19:08.597+0000] {taskinstance.py:1398} INFO - Marking task as SUCCESS. dag_id=wikipedia_etl, task_id=raw, execution_date=20231004T000000, start_date=20231013T171903, end_date=20231013T171908
[2023-10-13T17:19:08.642+0000] {local_task_job_runner.py:228} INFO - Task exited with return code 0
[2023-10-13T17:19:08.660+0000] {taskinstance.py:2776} INFO - 1 downstream tasks scheduled from follow-on schedule check
[2023-10-16T11:26:36.426+0000] {taskinstance.py:1157} INFO - Dependencies all met for dep_context=non-requeueable deps ti=<TaskInstance: wikipedia_etl.raw scheduled__2023-10-04T00:00:00+00:00 [queued]>
[2023-10-16T11:26:36.432+0000] {taskinstance.py:1157} INFO - Dependencies all met for dep_context=requeueable deps ti=<TaskInstance: wikipedia_etl.raw scheduled__2023-10-04T00:00:00+00:00 [queued]>
[2023-10-16T11:26:36.433+0000] {taskinstance.py:1359} INFO - Starting attempt 1 of 3
[2023-10-16T11:26:36.443+0000] {taskinstance.py:1380} INFO - Executing <Task(PythonOperator): raw> on 2023-10-04 00:00:00+00:00
[2023-10-16T11:26:36.449+0000] {standard_task_runner.py:57} INFO - Started process 813 to run task
[2023-10-16T11:26:36.451+0000] {standard_task_runner.py:84} INFO - Running: ['***', 'tasks', 'run', 'wikipedia_etl', 'raw', 'scheduled__2023-10-04T00:00:00+00:00', '--job-id', '9', '--raw', '--subdir', 'DAGS_FOLDER/wikipedia_etl.py', '--cfg-path', '/tmp/tmpf9jzha3o']
[2023-10-16T11:26:36.453+0000] {standard_task_runner.py:85} INFO - Job 9: Subtask raw
[2023-10-16T11:26:36.484+0000] {task_command.py:415} INFO - Running <TaskInstance: wikipedia_etl.raw scheduled__2023-10-04T00:00:00+00:00 [running]> on host ab44499fca46
[2023-10-16T11:26:36.548+0000] {taskinstance.py:1660} INFO - Exporting env vars: AIRFLOW_CTX_DAG_OWNER='***' AIRFLOW_CTX_DAG_ID='wikipedia_etl' AIRFLOW_CTX_TASK_ID='raw' AIRFLOW_CTX_EXECUTION_DATE='2023-10-04T00:00:00+00:00' AIRFLOW_CTX_TRY_NUMBER='1' AIRFLOW_CTX_DAG_RUN_ID='scheduled__2023-10-04T00:00:00+00:00'
[2023-10-16T11:26:40.655+0000] {python.py:194} INFO - Done. Returned value was: None
[2023-10-16T11:26:40.664+0000] {taskinstance.py:1398} INFO - Marking task as SUCCESS. dag_id=wikipedia_etl, task_id=raw, execution_date=20231004T000000, start_date=20231016T112636, end_date=20231016T112640
[2023-10-16T11:26:40.721+0000] {local_task_job_runner.py:228} INFO - Task exited with return code 0
[2023-10-16T11:26:40.738+0000] {taskinstance.py:2776} INFO - 1 downstream tasks scheduled from follow-on schedule check
[2023-10-16T19:09:47.576+0000] {taskinstance.py:1157} INFO - Dependencies all met for dep_context=non-requeueable deps ti=<TaskInstance: wikipedia_etl.raw scheduled__2023-10-04T00:00:00+00:00 [queued]>
[2023-10-16T19:09:47.591+0000] {taskinstance.py:1157} INFO - Dependencies all met for dep_context=requeueable deps ti=<TaskInstance: wikipedia_etl.raw scheduled__2023-10-04T00:00:00+00:00 [queued]>
[2023-10-16T19:09:47.592+0000] {taskinstance.py:1359} INFO - Starting attempt 1 of 3
[2023-10-16T19:09:47.610+0000] {taskinstance.py:1380} INFO - Executing <Task(PythonOperator): raw> on 2023-10-04 00:00:00+00:00
[2023-10-16T19:09:47.618+0000] {standard_task_runner.py:57} INFO - Started process 798 to run task
[2023-10-16T19:09:47.621+0000] {standard_task_runner.py:84} INFO - Running: ['***', 'tasks', 'run', 'wikipedia_etl', 'raw', 'scheduled__2023-10-04T00:00:00+00:00', '--job-id', '9', '--raw', '--subdir', 'DAGS_FOLDER/wikipedia_etl.py', '--cfg-path', '/tmp/tmp_teeqi90']
[2023-10-16T19:09:47.624+0000] {standard_task_runner.py:85} INFO - Job 9: Subtask raw
[2023-10-16T19:09:47.667+0000] {task_command.py:415} INFO - Running <TaskInstance: wikipedia_etl.raw scheduled__2023-10-04T00:00:00+00:00 [running]> on host 3522330161cc
[2023-10-16T19:09:47.742+0000] {taskinstance.py:1660} INFO - Exporting env vars: AIRFLOW_CTX_DAG_OWNER='***' AIRFLOW_CTX_DAG_ID='wikipedia_etl' AIRFLOW_CTX_TASK_ID='raw' AIRFLOW_CTX_EXECUTION_DATE='2023-10-04T00:00:00+00:00' AIRFLOW_CTX_TRY_NUMBER='1' AIRFLOW_CTX_DAG_RUN_ID='scheduled__2023-10-04T00:00:00+00:00'
[2023-10-16T19:09:52.137+0000] {python.py:194} INFO - Done. Returned value was: None
[2023-10-16T19:09:52.146+0000] {taskinstance.py:1398} INFO - Marking task as SUCCESS. dag_id=wikipedia_etl, task_id=raw, execution_date=20231004T000000, start_date=20231016T190947, end_date=20231016T190952
[2023-10-16T19:09:52.178+0000] {local_task_job_runner.py:228} INFO - Task exited with return code 0
[2023-10-16T19:09:52.196+0000] {taskinstance.py:2776} INFO - 1 downstream tasks scheduled from follow-on schedule check
