[2023-10-13T17:24:25.224+0000] {taskinstance.py:1157} INFO - Dependencies all met for dep_context=non-requeueable deps ti=<TaskInstance: wikipedia_etl.raw scheduled__2023-10-11T00:00:00+00:00 [queued]>
[2023-10-13T17:24:25.230+0000] {taskinstance.py:1157} INFO - Dependencies all met for dep_context=requeueable deps ti=<TaskInstance: wikipedia_etl.raw scheduled__2023-10-11T00:00:00+00:00 [queued]>
[2023-10-13T17:24:25.230+0000] {taskinstance.py:1359} INFO - Starting attempt 1 of 3
[2023-10-13T17:24:25.242+0000] {taskinstance.py:1380} INFO - Executing <Task(PythonOperator): raw> on 2023-10-11 00:00:00+00:00
[2023-10-13T17:24:25.249+0000] {standard_task_runner.py:57} INFO - Started process 2546 to run task
[2023-10-13T17:24:25.252+0000] {standard_task_runner.py:84} INFO - Running: ['***', 'tasks', 'run', 'wikipedia_etl', 'raw', 'scheduled__2023-10-11T00:00:00+00:00', '--job-id', '23', '--raw', '--subdir', 'DAGS_FOLDER/wikipedia_etl.py', '--cfg-path', '/tmp/tmp47s80lqd']
[2023-10-13T17:24:25.254+0000] {standard_task_runner.py:85} INFO - Job 23: Subtask raw
[2023-10-13T17:24:25.291+0000] {task_command.py:415} INFO - Running <TaskInstance: wikipedia_etl.raw scheduled__2023-10-11T00:00:00+00:00 [running]> on host feba906f3341
[2023-10-13T17:24:25.353+0000] {taskinstance.py:1660} INFO - Exporting env vars: AIRFLOW_CTX_DAG_OWNER='***' AIRFLOW_CTX_DAG_ID='wikipedia_etl' AIRFLOW_CTX_TASK_ID='raw' AIRFLOW_CTX_EXECUTION_DATE='2023-10-11T00:00:00+00:00' AIRFLOW_CTX_TRY_NUMBER='1' AIRFLOW_CTX_DAG_RUN_ID='scheduled__2023-10-11T00:00:00+00:00'
[2023-10-13T17:24:29.822+0000] {python.py:194} INFO - Done. Returned value was: None
[2023-10-13T17:24:29.831+0000] {taskinstance.py:1398} INFO - Marking task as SUCCESS. dag_id=wikipedia_etl, task_id=raw, execution_date=20231011T000000, start_date=20231013T172425, end_date=20231013T172429
[2023-10-13T17:24:29.889+0000] {local_task_job_runner.py:228} INFO - Task exited with return code 0
[2023-10-13T17:24:29.907+0000] {taskinstance.py:2776} INFO - 1 downstream tasks scheduled from follow-on schedule check
[2023-10-16T11:31:29.345+0000] {taskinstance.py:1157} INFO - Dependencies all met for dep_context=non-requeueable deps ti=<TaskInstance: wikipedia_etl.raw scheduled__2023-10-11T00:00:00+00:00 [queued]>
[2023-10-16T11:31:29.353+0000] {taskinstance.py:1157} INFO - Dependencies all met for dep_context=requeueable deps ti=<TaskInstance: wikipedia_etl.raw scheduled__2023-10-11T00:00:00+00:00 [queued]>
[2023-10-16T11:31:29.353+0000] {taskinstance.py:1359} INFO - Starting attempt 1 of 3
[2023-10-16T11:31:29.364+0000] {taskinstance.py:1380} INFO - Executing <Task(PythonOperator): raw> on 2023-10-11 00:00:00+00:00
[2023-10-16T11:31:29.371+0000] {standard_task_runner.py:57} INFO - Started process 2568 to run task
[2023-10-16T11:31:29.374+0000] {standard_task_runner.py:84} INFO - Running: ['***', 'tasks', 'run', 'wikipedia_etl', 'raw', 'scheduled__2023-10-11T00:00:00+00:00', '--job-id', '23', '--raw', '--subdir', 'DAGS_FOLDER/wikipedia_etl.py', '--cfg-path', '/tmp/tmp1n_ci4wv']
[2023-10-16T11:31:29.376+0000] {standard_task_runner.py:85} INFO - Job 23: Subtask raw
[2023-10-16T11:31:29.410+0000] {task_command.py:415} INFO - Running <TaskInstance: wikipedia_etl.raw scheduled__2023-10-11T00:00:00+00:00 [running]> on host ab44499fca46
[2023-10-16T11:31:29.471+0000] {taskinstance.py:1660} INFO - Exporting env vars: AIRFLOW_CTX_DAG_OWNER='***' AIRFLOW_CTX_DAG_ID='wikipedia_etl' AIRFLOW_CTX_TASK_ID='raw' AIRFLOW_CTX_EXECUTION_DATE='2023-10-11T00:00:00+00:00' AIRFLOW_CTX_TRY_NUMBER='1' AIRFLOW_CTX_DAG_RUN_ID='scheduled__2023-10-11T00:00:00+00:00'
[2023-10-16T11:31:33.565+0000] {python.py:194} INFO - Done. Returned value was: None
[2023-10-16T11:31:33.575+0000] {taskinstance.py:1398} INFO - Marking task as SUCCESS. dag_id=wikipedia_etl, task_id=raw, execution_date=20231011T000000, start_date=20231016T113129, end_date=20231016T113133
[2023-10-16T11:31:33.614+0000] {local_task_job_runner.py:228} INFO - Task exited with return code 0
[2023-10-16T11:31:33.630+0000] {taskinstance.py:2776} INFO - 1 downstream tasks scheduled from follow-on schedule check
