[2023-10-11T19:27:21.691+0000] {taskinstance.py:1157} INFO - Dependencies all met for dep_context=non-requeueable deps ti=<TaskInstance: wikipedia_etl.trusted scheduled__2023-10-08T00:00:00+00:00 [queued]>
[2023-10-11T19:27:21.706+0000] {taskinstance.py:1157} INFO - Dependencies all met for dep_context=requeueable deps ti=<TaskInstance: wikipedia_etl.trusted scheduled__2023-10-08T00:00:00+00:00 [queued]>
[2023-10-11T19:27:21.706+0000] {taskinstance.py:1359} INFO - Starting attempt 1 of 3
[2023-10-11T19:27:21.736+0000] {taskinstance.py:1380} INFO - Executing <Task(PythonOperator): trusted> on 2023-10-08 00:00:00+00:00
[2023-10-11T19:27:21.752+0000] {standard_task_runner.py:57} INFO - Started process 231 to run task
[2023-10-11T19:27:21.756+0000] {standard_task_runner.py:84} INFO - Running: ['***', 'tasks', 'run', 'wikipedia_etl', 'trusted', 'scheduled__2023-10-08T00:00:00+00:00', '--job-id', '15', '--raw', '--subdir', 'DAGS_FOLDER/wikipedia_etl.py', '--cfg-path', '/tmp/tmpchayxeuj']
[2023-10-11T19:27:21.767+0000] {standard_task_runner.py:85} INFO - Job 15: Subtask trusted
[2023-10-11T19:27:21.885+0000] {task_command.py:415} INFO - Running <TaskInstance: wikipedia_etl.trusted scheduled__2023-10-08T00:00:00+00:00 [running]> on host f711e14c143e
[2023-10-11T19:27:21.983+0000] {taskinstance.py:1660} INFO - Exporting env vars: AIRFLOW_CTX_DAG_OWNER='***' AIRFLOW_CTX_DAG_ID='wikipedia_etl' AIRFLOW_CTX_TASK_ID='trusted' AIRFLOW_CTX_EXECUTION_DATE='2023-10-08T00:00:00+00:00' AIRFLOW_CTX_TRY_NUMBER='1' AIRFLOW_CTX_DAG_RUN_ID='scheduled__2023-10-08T00:00:00+00:00'
[2023-10-11T19:27:35.413+0000] {taskinstance.py:1935} ERROR - Task failed with exception
Traceback (most recent call last):
  File "/home/airflow/.local/lib/python3.8/site-packages/airflow/operators/python.py", line 192, in execute
    return_value = self.execute_callable()
  File "/home/airflow/.local/lib/python3.8/site-packages/airflow/operators/python.py", line 209, in execute_callable
    return self.python_callable(*self.op_args, **self.op_kwargs)
  File "/opt/airflow/dags/wikipedia_etl.py", line 133, in trusted
    sc = SparkContext(conf=conf)
  File "/home/airflow/.local/lib/python3.8/site-packages/pyspark/context.py", line 201, in __init__
    SparkContext._ensure_initialized(self, gateway=gateway, conf=conf)
  File "/home/airflow/.local/lib/python3.8/site-packages/pyspark/context.py", line 436, in _ensure_initialized
    SparkContext._gateway = gateway or launch_gateway(conf)
  File "/home/airflow/.local/lib/python3.8/site-packages/pyspark/java_gateway.py", line 107, in launch_gateway
    raise PySparkRuntimeError(
pyspark.errors.exceptions.base.PySparkRuntimeError: [JAVA_GATEWAY_EXITED] Java gateway process exited before sending its port number.
[2023-10-11T19:27:35.435+0000] {taskinstance.py:1398} INFO - Marking task as UP_FOR_RETRY. dag_id=wikipedia_etl, task_id=trusted, execution_date=20231008T000000, start_date=20231011T192721, end_date=20231011T192735
[2023-10-11T19:27:35.469+0000] {standard_task_runner.py:104} ERROR - Failed to execute job 15 for task trusted ([JAVA_GATEWAY_EXITED] Java gateway process exited before sending its port number.; 231)
[2023-10-11T19:27:35.498+0000] {local_task_job_runner.py:228} INFO - Task exited with return code 1
[2023-10-11T19:27:35.542+0000] {taskinstance.py:2776} INFO - 0 downstream tasks scheduled from follow-on schedule check
[2023-10-11T19:34:53.404+0000] {taskinstance.py:1157} INFO - Dependencies all met for dep_context=non-requeueable deps ti=<TaskInstance: wikipedia_etl.trusted scheduled__2023-10-08T00:00:00+00:00 [queued]>
[2023-10-11T19:34:53.410+0000] {taskinstance.py:1157} INFO - Dependencies all met for dep_context=requeueable deps ti=<TaskInstance: wikipedia_etl.trusted scheduled__2023-10-08T00:00:00+00:00 [queued]>
[2023-10-11T19:34:53.410+0000] {taskinstance.py:1359} INFO - Starting attempt 1 of 3
[2023-10-11T19:34:53.421+0000] {taskinstance.py:1380} INFO - Executing <Task(PythonOperator): trusted> on 2023-10-08 00:00:00+00:00
[2023-10-11T19:34:53.426+0000] {standard_task_runner.py:57} INFO - Started process 2672 to run task
[2023-10-11T19:34:53.428+0000] {standard_task_runner.py:84} INFO - Running: ['***', 'tasks', 'run', 'wikipedia_etl', 'trusted', 'scheduled__2023-10-08T00:00:00+00:00', '--job-id', '38', '--raw', '--subdir', 'DAGS_FOLDER/wikipedia_etl.py', '--cfg-path', '/tmp/tmp63mxpbo2']
[2023-10-11T19:34:53.431+0000] {standard_task_runner.py:85} INFO - Job 38: Subtask trusted
[2023-10-11T19:34:53.470+0000] {task_command.py:415} INFO - Running <TaskInstance: wikipedia_etl.trusted scheduled__2023-10-08T00:00:00+00:00 [running]> on host f711e14c143e
[2023-10-11T19:34:53.533+0000] {taskinstance.py:1660} INFO - Exporting env vars: AIRFLOW_CTX_DAG_OWNER='***' AIRFLOW_CTX_DAG_ID='wikipedia_etl' AIRFLOW_CTX_TASK_ID='trusted' AIRFLOW_CTX_EXECUTION_DATE='2023-10-08T00:00:00+00:00' AIRFLOW_CTX_TRY_NUMBER='1' AIRFLOW_CTX_DAG_RUN_ID='scheduled__2023-10-08T00:00:00+00:00'
[2023-10-11T19:35:19.735+0000] {python.py:194} INFO - Done. Returned value was: None
[2023-10-11T19:35:19.749+0000] {taskinstance.py:1398} INFO - Marking task as SUCCESS. dag_id=wikipedia_etl, task_id=trusted, execution_date=20231008T000000, start_date=20231011T193453, end_date=20231011T193519
[2023-10-11T19:35:19.793+0000] {local_task_job_runner.py:228} INFO - Task exited with return code 0
[2023-10-11T19:35:19.803+0000] {taskinstance.py:2776} INFO - 0 downstream tasks scheduled from follow-on schedule check
[2023-10-11T19:50:34.141+0000] {taskinstance.py:1157} INFO - Dependencies all met for dep_context=non-requeueable deps ti=<TaskInstance: wikipedia_etl.trusted scheduled__2023-10-08T00:00:00+00:00 [queued]>
[2023-10-11T19:50:34.147+0000] {taskinstance.py:1157} INFO - Dependencies all met for dep_context=requeueable deps ti=<TaskInstance: wikipedia_etl.trusted scheduled__2023-10-08T00:00:00+00:00 [queued]>
[2023-10-11T19:50:34.147+0000] {taskinstance.py:1359} INFO - Starting attempt 1 of 3
[2023-10-11T19:50:34.158+0000] {taskinstance.py:1380} INFO - Executing <Task(PythonOperator): trusted> on 2023-10-08 00:00:00+00:00
[2023-10-11T19:50:34.163+0000] {standard_task_runner.py:57} INFO - Started process 5410 to run task
[2023-10-11T19:50:34.167+0000] {standard_task_runner.py:84} INFO - Running: ['***', 'tasks', 'run', 'wikipedia_etl', 'trusted', 'scheduled__2023-10-08T00:00:00+00:00', '--job-id', '58', '--raw', '--subdir', 'DAGS_FOLDER/wikipedia_etl.py', '--cfg-path', '/tmp/tmp_u9hshqx']
[2023-10-11T19:50:34.169+0000] {standard_task_runner.py:85} INFO - Job 58: Subtask trusted
[2023-10-11T19:50:34.209+0000] {task_command.py:415} INFO - Running <TaskInstance: wikipedia_etl.trusted scheduled__2023-10-08T00:00:00+00:00 [running]> on host f711e14c143e
[2023-10-11T19:50:34.277+0000] {taskinstance.py:1660} INFO - Exporting env vars: AIRFLOW_CTX_DAG_OWNER='***' AIRFLOW_CTX_DAG_ID='wikipedia_etl' AIRFLOW_CTX_TASK_ID='trusted' AIRFLOW_CTX_EXECUTION_DATE='2023-10-08T00:00:00+00:00' AIRFLOW_CTX_TRY_NUMBER='1' AIRFLOW_CTX_DAG_RUN_ID='scheduled__2023-10-08T00:00:00+00:00'
[2023-10-11T19:51:04.542+0000] {python.py:194} INFO - Done. Returned value was: None
[2023-10-11T19:51:04.551+0000] {taskinstance.py:1398} INFO - Marking task as SUCCESS. dag_id=wikipedia_etl, task_id=trusted, execution_date=20231008T000000, start_date=20231011T195034, end_date=20231011T195104
[2023-10-11T19:51:04.593+0000] {local_task_job_runner.py:228} INFO - Task exited with return code 0
[2023-10-11T19:51:04.605+0000] {taskinstance.py:2776} INFO - 0 downstream tasks scheduled from follow-on schedule check
[2023-10-13T17:22:12.461+0000] {taskinstance.py:1157} INFO - Dependencies all met for dep_context=non-requeueable deps ti=<TaskInstance: wikipedia_etl.trusted scheduled__2023-10-08T00:00:00+00:00 [queued]>
[2023-10-13T17:22:12.470+0000] {taskinstance.py:1157} INFO - Dependencies all met for dep_context=requeueable deps ti=<TaskInstance: wikipedia_etl.trusted scheduled__2023-10-08T00:00:00+00:00 [queued]>
[2023-10-13T17:22:12.470+0000] {taskinstance.py:1359} INFO - Starting attempt 1 of 3
[2023-10-13T17:22:12.482+0000] {taskinstance.py:1380} INFO - Executing <Task(PythonOperator): trusted> on 2023-10-08 00:00:00+00:00
[2023-10-13T17:22:12.489+0000] {standard_task_runner.py:57} INFO - Started process 1829 to run task
[2023-10-13T17:22:12.492+0000] {standard_task_runner.py:84} INFO - Running: ['***', 'tasks', 'run', 'wikipedia_etl', 'trusted', 'scheduled__2023-10-08T00:00:00+00:00', '--job-id', '18', '--raw', '--subdir', 'DAGS_FOLDER/wikipedia_etl.py', '--cfg-path', '/tmp/tmpi6wo2ooj']
[2023-10-13T17:22:12.495+0000] {standard_task_runner.py:85} INFO - Job 18: Subtask trusted
[2023-10-13T17:22:12.544+0000] {task_command.py:415} INFO - Running <TaskInstance: wikipedia_etl.trusted scheduled__2023-10-08T00:00:00+00:00 [running]> on host feba906f3341
[2023-10-13T17:22:12.618+0000] {taskinstance.py:1660} INFO - Exporting env vars: AIRFLOW_CTX_DAG_OWNER='***' AIRFLOW_CTX_DAG_ID='wikipedia_etl' AIRFLOW_CTX_TASK_ID='trusted' AIRFLOW_CTX_EXECUTION_DATE='2023-10-08T00:00:00+00:00' AIRFLOW_CTX_TRY_NUMBER='1' AIRFLOW_CTX_DAG_RUN_ID='scheduled__2023-10-08T00:00:00+00:00'
[2023-10-13T17:22:51.630+0000] {python.py:194} INFO - Done. Returned value was: None
[2023-10-13T17:22:51.641+0000] {taskinstance.py:1398} INFO - Marking task as SUCCESS. dag_id=wikipedia_etl, task_id=trusted, execution_date=20231008T000000, start_date=20231013T172212, end_date=20231013T172251
[2023-10-13T17:22:51.697+0000] {local_task_job_runner.py:228} INFO - Task exited with return code 0
[2023-10-13T17:22:51.707+0000] {taskinstance.py:2776} INFO - 0 downstream tasks scheduled from follow-on schedule check
[2023-10-16T11:29:34.425+0000] {taskinstance.py:1157} INFO - Dependencies all met for dep_context=non-requeueable deps ti=<TaskInstance: wikipedia_etl.trusted scheduled__2023-10-08T00:00:00+00:00 [queued]>
[2023-10-16T11:29:34.432+0000] {taskinstance.py:1157} INFO - Dependencies all met for dep_context=requeueable deps ti=<TaskInstance: wikipedia_etl.trusted scheduled__2023-10-08T00:00:00+00:00 [queued]>
[2023-10-16T11:29:34.432+0000] {taskinstance.py:1359} INFO - Starting attempt 1 of 3
[2023-10-16T11:29:34.443+0000] {taskinstance.py:1380} INFO - Executing <Task(PythonOperator): trusted> on 2023-10-08 00:00:00+00:00
[2023-10-16T11:29:34.450+0000] {standard_task_runner.py:57} INFO - Started process 1795 to run task
[2023-10-16T11:29:34.453+0000] {standard_task_runner.py:84} INFO - Running: ['***', 'tasks', 'run', 'wikipedia_etl', 'trusted', 'scheduled__2023-10-08T00:00:00+00:00', '--job-id', '18', '--raw', '--subdir', 'DAGS_FOLDER/wikipedia_etl.py', '--cfg-path', '/tmp/tmpi9bpm30a']
[2023-10-16T11:29:34.455+0000] {standard_task_runner.py:85} INFO - Job 18: Subtask trusted
[2023-10-16T11:29:34.488+0000] {task_command.py:415} INFO - Running <TaskInstance: wikipedia_etl.trusted scheduled__2023-10-08T00:00:00+00:00 [running]> on host ab44499fca46
[2023-10-16T11:29:34.547+0000] {taskinstance.py:1660} INFO - Exporting env vars: AIRFLOW_CTX_DAG_OWNER='***' AIRFLOW_CTX_DAG_ID='wikipedia_etl' AIRFLOW_CTX_TASK_ID='trusted' AIRFLOW_CTX_EXECUTION_DATE='2023-10-08T00:00:00+00:00' AIRFLOW_CTX_TRY_NUMBER='1' AIRFLOW_CTX_DAG_RUN_ID='scheduled__2023-10-08T00:00:00+00:00'
[2023-10-16T11:30:09.589+0000] {python.py:194} INFO - Done. Returned value was: None
[2023-10-16T11:30:09.599+0000] {taskinstance.py:1398} INFO - Marking task as SUCCESS. dag_id=wikipedia_etl, task_id=trusted, execution_date=20231008T000000, start_date=20231016T112934, end_date=20231016T113009
[2023-10-16T11:30:09.631+0000] {local_task_job_runner.py:228} INFO - Task exited with return code 0
[2023-10-16T11:30:09.645+0000] {taskinstance.py:2776} INFO - 0 downstream tasks scheduled from follow-on schedule check
