[2023-10-13T17:25:10.912+0000] {taskinstance.py:1157} INFO - Dependencies all met for dep_context=non-requeueable deps ti=<TaskInstance: wikipedia_etl.raw scheduled__2023-10-12T00:00:00+00:00 [queued]>
[2023-10-13T17:25:10.918+0000] {taskinstance.py:1157} INFO - Dependencies all met for dep_context=requeueable deps ti=<TaskInstance: wikipedia_etl.raw scheduled__2023-10-12T00:00:00+00:00 [queued]>
[2023-10-13T17:25:10.918+0000] {taskinstance.py:1359} INFO - Starting attempt 1 of 3
[2023-10-13T17:25:10.929+0000] {taskinstance.py:1380} INFO - Executing <Task(PythonOperator): raw> on 2023-10-12 00:00:00+00:00
[2023-10-13T17:25:10.934+0000] {standard_task_runner.py:57} INFO - Started process 2786 to run task
[2023-10-13T17:25:10.937+0000] {standard_task_runner.py:84} INFO - Running: ['***', 'tasks', 'run', 'wikipedia_etl', 'raw', 'scheduled__2023-10-12T00:00:00+00:00', '--job-id', '25', '--raw', '--subdir', 'DAGS_FOLDER/wikipedia_etl.py', '--cfg-path', '/tmp/tmp0gjoav76']
[2023-10-13T17:25:10.939+0000] {standard_task_runner.py:85} INFO - Job 25: Subtask raw
[2023-10-13T17:25:10.978+0000] {task_command.py:415} INFO - Running <TaskInstance: wikipedia_etl.raw scheduled__2023-10-12T00:00:00+00:00 [running]> on host feba906f3341
[2023-10-13T17:25:11.038+0000] {taskinstance.py:1660} INFO - Exporting env vars: AIRFLOW_CTX_DAG_OWNER='***' AIRFLOW_CTX_DAG_ID='wikipedia_etl' AIRFLOW_CTX_TASK_ID='raw' AIRFLOW_CTX_EXECUTION_DATE='2023-10-12T00:00:00+00:00' AIRFLOW_CTX_TRY_NUMBER='1' AIRFLOW_CTX_DAG_RUN_ID='scheduled__2023-10-12T00:00:00+00:00'
[2023-10-13T17:25:15.466+0000] {python.py:194} INFO - Done. Returned value was: None
[2023-10-13T17:25:15.496+0000] {taskinstance.py:1398} INFO - Marking task as SUCCESS. dag_id=wikipedia_etl, task_id=raw, execution_date=20231012T000000, start_date=20231013T172510, end_date=20231013T172515
[2023-10-13T17:25:15.531+0000] {local_task_job_runner.py:228} INFO - Task exited with return code 0
[2023-10-13T17:25:15.549+0000] {taskinstance.py:2776} INFO - 1 downstream tasks scheduled from follow-on schedule check
[2023-10-16T11:32:09.303+0000] {taskinstance.py:1157} INFO - Dependencies all met for dep_context=non-requeueable deps ti=<TaskInstance: wikipedia_etl.raw scheduled__2023-10-12T00:00:00+00:00 [queued]>
[2023-10-16T11:32:09.309+0000] {taskinstance.py:1157} INFO - Dependencies all met for dep_context=requeueable deps ti=<TaskInstance: wikipedia_etl.raw scheduled__2023-10-12T00:00:00+00:00 [queued]>
[2023-10-16T11:32:09.310+0000] {taskinstance.py:1359} INFO - Starting attempt 1 of 3
[2023-10-16T11:32:09.320+0000] {taskinstance.py:1380} INFO - Executing <Task(PythonOperator): raw> on 2023-10-12 00:00:00+00:00
[2023-10-16T11:32:09.326+0000] {standard_task_runner.py:57} INFO - Started process 2832 to run task
[2023-10-16T11:32:09.329+0000] {standard_task_runner.py:84} INFO - Running: ['***', 'tasks', 'run', 'wikipedia_etl', 'raw', 'scheduled__2023-10-12T00:00:00+00:00', '--job-id', '25', '--raw', '--subdir', 'DAGS_FOLDER/wikipedia_etl.py', '--cfg-path', '/tmp/tmpw9vote4f']
[2023-10-16T11:32:09.330+0000] {standard_task_runner.py:85} INFO - Job 25: Subtask raw
[2023-10-16T11:32:09.364+0000] {task_command.py:415} INFO - Running <TaskInstance: wikipedia_etl.raw scheduled__2023-10-12T00:00:00+00:00 [running]> on host ab44499fca46
[2023-10-16T11:32:09.421+0000] {taskinstance.py:1660} INFO - Exporting env vars: AIRFLOW_CTX_DAG_OWNER='***' AIRFLOW_CTX_DAG_ID='wikipedia_etl' AIRFLOW_CTX_TASK_ID='raw' AIRFLOW_CTX_EXECUTION_DATE='2023-10-12T00:00:00+00:00' AIRFLOW_CTX_TRY_NUMBER='1' AIRFLOW_CTX_DAG_RUN_ID='scheduled__2023-10-12T00:00:00+00:00'
[2023-10-16T11:32:13.478+0000] {python.py:194} INFO - Done. Returned value was: None
[2023-10-16T11:32:13.488+0000] {taskinstance.py:1398} INFO - Marking task as SUCCESS. dag_id=wikipedia_etl, task_id=raw, execution_date=20231012T000000, start_date=20231016T113209, end_date=20231016T113213
[2023-10-16T11:32:13.530+0000] {local_task_job_runner.py:228} INFO - Task exited with return code 0
[2023-10-16T11:32:13.546+0000] {taskinstance.py:2776} INFO - 1 downstream tasks scheduled from follow-on schedule check
