[2023-10-11T19:12:54.842+0000] {taskinstance.py:1157} INFO - Dependencies all met for dep_context=non-requeueable deps ti=<TaskInstance: wikipedia_etl.raw scheduled__2023-10-03T00:00:00+00:00 [queued]>
[2023-10-11T19:12:54.866+0000] {taskinstance.py:1157} INFO - Dependencies all met for dep_context=requeueable deps ti=<TaskInstance: wikipedia_etl.raw scheduled__2023-10-03T00:00:00+00:00 [queued]>
[2023-10-11T19:12:54.866+0000] {taskinstance.py:1359} INFO - Starting attempt 1 of 3
[2023-10-11T19:12:54.914+0000] {taskinstance.py:1380} INFO - Executing <Task(PythonOperator): raw> on 2023-10-03 00:00:00+00:00
[2023-10-11T19:12:54.929+0000] {standard_task_runner.py:57} INFO - Started process 171 to run task
[2023-10-11T19:12:54.949+0000] {standard_task_runner.py:84} INFO - Running: ['***', 'tasks', 'run', 'wikipedia_etl', 'raw', 'scheduled__2023-10-03T00:00:00+00:00', '--job-id', '9', '--raw', '--subdir', 'DAGS_FOLDER/wikipedia_etl.py', '--cfg-path', '/tmp/tmpptgykyr9']
[2023-10-11T19:12:54.960+0000] {standard_task_runner.py:85} INFO - Job 9: Subtask raw
[2023-10-11T19:12:55.192+0000] {task_command.py:415} INFO - Running <TaskInstance: wikipedia_etl.raw scheduled__2023-10-03T00:00:00+00:00 [running]> on host 1b4c7cedd36d
[2023-10-11T19:12:55.653+0000] {taskinstance.py:1660} INFO - Exporting env vars: AIRFLOW_CTX_DAG_OWNER='***' AIRFLOW_CTX_DAG_ID='wikipedia_etl' AIRFLOW_CTX_TASK_ID='raw' AIRFLOW_CTX_EXECUTION_DATE='2023-10-03T00:00:00+00:00' AIRFLOW_CTX_TRY_NUMBER='1' AIRFLOW_CTX_DAG_RUN_ID='scheduled__2023-10-03T00:00:00+00:00'
[2023-10-11T19:27:11.608+0000] {taskinstance.py:1157} INFO - Dependencies all met for dep_context=non-requeueable deps ti=<TaskInstance: wikipedia_etl.raw scheduled__2023-10-03T00:00:00+00:00 [queued]>
[2023-10-11T19:27:11.656+0000] {taskinstance.py:1157} INFO - Dependencies all met for dep_context=requeueable deps ti=<TaskInstance: wikipedia_etl.raw scheduled__2023-10-03T00:00:00+00:00 [queued]>
[2023-10-11T19:27:11.656+0000] {taskinstance.py:1359} INFO - Starting attempt 1 of 3
[2023-10-11T19:27:11.754+0000] {taskinstance.py:1380} INFO - Executing <Task(PythonOperator): raw> on 2023-10-03 00:00:00+00:00
[2023-10-11T19:27:11.809+0000] {standard_task_runner.py:57} INFO - Started process 90 to run task
[2023-10-11T19:27:11.820+0000] {standard_task_runner.py:84} INFO - Running: ['***', 'tasks', 'run', 'wikipedia_etl', 'raw', 'scheduled__2023-10-03T00:00:00+00:00', '--job-id', '7', '--raw', '--subdir', 'DAGS_FOLDER/wikipedia_etl.py', '--cfg-path', '/tmp/tmpcx8d9j2m']
[2023-10-11T19:27:11.832+0000] {standard_task_runner.py:85} INFO - Job 7: Subtask raw
[2023-10-11T19:27:12.075+0000] {task_command.py:415} INFO - Running <TaskInstance: wikipedia_etl.raw scheduled__2023-10-03T00:00:00+00:00 [running]> on host f711e14c143e
[2023-10-11T19:27:12.358+0000] {taskinstance.py:1660} INFO - Exporting env vars: AIRFLOW_CTX_DAG_OWNER='***' AIRFLOW_CTX_DAG_ID='wikipedia_etl' AIRFLOW_CTX_TASK_ID='raw' AIRFLOW_CTX_EXECUTION_DATE='2023-10-03T00:00:00+00:00' AIRFLOW_CTX_TRY_NUMBER='1' AIRFLOW_CTX_DAG_RUN_ID='scheduled__2023-10-03T00:00:00+00:00'
[2023-10-11T19:27:38.813+0000] {python.py:194} INFO - Done. Returned value was: None
[2023-10-11T19:27:38.840+0000] {taskinstance.py:1398} INFO - Marking task as SUCCESS. dag_id=wikipedia_etl, task_id=raw, execution_date=20231003T000000, start_date=20231011T192711, end_date=20231011T192738
[2023-10-11T19:27:38.885+0000] {local_task_job_runner.py:228} INFO - Task exited with return code 0
[2023-10-11T19:27:38.920+0000] {taskinstance.py:2776} INFO - 1 downstream tasks scheduled from follow-on schedule check
[2023-10-11T19:32:18.221+0000] {taskinstance.py:1157} INFO - Dependencies all met for dep_context=non-requeueable deps ti=<TaskInstance: wikipedia_etl.raw scheduled__2023-10-03T00:00:00+00:00 [queued]>
[2023-10-11T19:32:18.230+0000] {taskinstance.py:1157} INFO - Dependencies all met for dep_context=requeueable deps ti=<TaskInstance: wikipedia_etl.raw scheduled__2023-10-03T00:00:00+00:00 [queued]>
[2023-10-11T19:32:18.230+0000] {taskinstance.py:1359} INFO - Starting attempt 1 of 3
[2023-10-11T19:32:18.241+0000] {taskinstance.py:1380} INFO - Executing <Task(PythonOperator): raw> on 2023-10-03 00:00:00+00:00
[2023-10-11T19:32:18.246+0000] {standard_task_runner.py:57} INFO - Started process 1449 to run task
[2023-10-11T19:32:18.249+0000] {standard_task_runner.py:84} INFO - Running: ['***', 'tasks', 'run', 'wikipedia_etl', 'raw', 'scheduled__2023-10-03T00:00:00+00:00', '--job-id', '27', '--raw', '--subdir', 'DAGS_FOLDER/wikipedia_etl.py', '--cfg-path', '/tmp/tmp8juc_he7']
[2023-10-11T19:32:18.251+0000] {standard_task_runner.py:85} INFO - Job 27: Subtask raw
[2023-10-11T19:32:18.292+0000] {task_command.py:415} INFO - Running <TaskInstance: wikipedia_etl.raw scheduled__2023-10-03T00:00:00+00:00 [running]> on host f711e14c143e
[2023-10-11T19:32:18.356+0000] {taskinstance.py:1660} INFO - Exporting env vars: AIRFLOW_CTX_DAG_OWNER='***' AIRFLOW_CTX_DAG_ID='wikipedia_etl' AIRFLOW_CTX_TASK_ID='raw' AIRFLOW_CTX_EXECUTION_DATE='2023-10-03T00:00:00+00:00' AIRFLOW_CTX_TRY_NUMBER='1' AIRFLOW_CTX_DAG_RUN_ID='scheduled__2023-10-03T00:00:00+00:00'
[2023-10-11T19:32:22.242+0000] {python.py:194} INFO - Done. Returned value was: None
[2023-10-11T19:32:22.253+0000] {taskinstance.py:1398} INFO - Marking task as SUCCESS. dag_id=wikipedia_etl, task_id=raw, execution_date=20231003T000000, start_date=20231011T193218, end_date=20231011T193222
[2023-10-11T19:32:22.288+0000] {local_task_job_runner.py:228} INFO - Task exited with return code 0
[2023-10-11T19:32:22.308+0000] {taskinstance.py:2776} INFO - 0 downstream tasks scheduled from follow-on schedule check
[2023-10-11T19:47:19.406+0000] {taskinstance.py:1157} INFO - Dependencies all met for dep_context=non-requeueable deps ti=<TaskInstance: wikipedia_etl.raw scheduled__2023-10-03T00:00:00+00:00 [queued]>
[2023-10-11T19:47:19.413+0000] {taskinstance.py:1157} INFO - Dependencies all met for dep_context=requeueable deps ti=<TaskInstance: wikipedia_etl.raw scheduled__2023-10-03T00:00:00+00:00 [queued]>
[2023-10-11T19:47:19.413+0000] {taskinstance.py:1359} INFO - Starting attempt 1 of 3
[2023-10-11T19:47:19.424+0000] {taskinstance.py:1380} INFO - Executing <Task(PythonOperator): raw> on 2023-10-03 00:00:00+00:00
[2023-10-11T19:47:19.428+0000] {standard_task_runner.py:57} INFO - Started process 4081 to run task
[2023-10-11T19:47:19.431+0000] {standard_task_runner.py:84} INFO - Running: ['***', 'tasks', 'run', 'wikipedia_etl', 'raw', 'scheduled__2023-10-03T00:00:00+00:00', '--job-id', '47', '--raw', '--subdir', 'DAGS_FOLDER/wikipedia_etl.py', '--cfg-path', '/tmp/tmpbe0i2sni']
[2023-10-11T19:47:19.434+0000] {standard_task_runner.py:85} INFO - Job 47: Subtask raw
[2023-10-11T19:47:19.474+0000] {task_command.py:415} INFO - Running <TaskInstance: wikipedia_etl.raw scheduled__2023-10-03T00:00:00+00:00 [running]> on host f711e14c143e
[2023-10-11T19:47:19.539+0000] {taskinstance.py:1660} INFO - Exporting env vars: AIRFLOW_CTX_DAG_OWNER='***' AIRFLOW_CTX_DAG_ID='wikipedia_etl' AIRFLOW_CTX_TASK_ID='raw' AIRFLOW_CTX_EXECUTION_DATE='2023-10-03T00:00:00+00:00' AIRFLOW_CTX_TRY_NUMBER='1' AIRFLOW_CTX_DAG_RUN_ID='scheduled__2023-10-03T00:00:00+00:00'
[2023-10-11T19:47:23.783+0000] {python.py:194} INFO - Done. Returned value was: None
[2023-10-11T19:47:23.792+0000] {taskinstance.py:1398} INFO - Marking task as SUCCESS. dag_id=wikipedia_etl, task_id=raw, execution_date=20231003T000000, start_date=20231011T194719, end_date=20231011T194723
[2023-10-11T19:47:23.827+0000] {local_task_job_runner.py:228} INFO - Task exited with return code 0
[2023-10-11T19:47:23.842+0000] {taskinstance.py:2776} INFO - 1 downstream tasks scheduled from follow-on schedule check
[2023-10-13T17:18:04.248+0000] {taskinstance.py:1157} INFO - Dependencies all met for dep_context=non-requeueable deps ti=<TaskInstance: wikipedia_etl.raw scheduled__2023-10-03T00:00:00+00:00 [queued]>
[2023-10-13T17:18:04.259+0000] {taskinstance.py:1157} INFO - Dependencies all met for dep_context=requeueable deps ti=<TaskInstance: wikipedia_etl.raw scheduled__2023-10-03T00:00:00+00:00 [queued]>
[2023-10-13T17:18:04.260+0000] {taskinstance.py:1359} INFO - Starting attempt 1 of 3
[2023-10-13T17:18:04.278+0000] {taskinstance.py:1380} INFO - Executing <Task(PythonOperator): raw> on 2023-10-03 00:00:00+00:00
[2023-10-13T17:18:04.287+0000] {standard_task_runner.py:57} INFO - Started process 587 to run task
[2023-10-13T17:18:04.293+0000] {standard_task_runner.py:84} INFO - Running: ['***', 'tasks', 'run', 'wikipedia_etl', 'raw', 'scheduled__2023-10-03T00:00:00+00:00', '--job-id', '7', '--raw', '--subdir', 'DAGS_FOLDER/wikipedia_etl.py', '--cfg-path', '/tmp/tmpmgkrwcmb']
[2023-10-13T17:18:04.297+0000] {standard_task_runner.py:85} INFO - Job 7: Subtask raw
[2023-10-13T17:18:04.353+0000] {task_command.py:415} INFO - Running <TaskInstance: wikipedia_etl.raw scheduled__2023-10-03T00:00:00+00:00 [running]> on host feba906f3341
[2023-10-13T17:18:04.440+0000] {taskinstance.py:1660} INFO - Exporting env vars: AIRFLOW_CTX_DAG_OWNER='***' AIRFLOW_CTX_DAG_ID='wikipedia_etl' AIRFLOW_CTX_TASK_ID='raw' AIRFLOW_CTX_EXECUTION_DATE='2023-10-03T00:00:00+00:00' AIRFLOW_CTX_TRY_NUMBER='1' AIRFLOW_CTX_DAG_RUN_ID='scheduled__2023-10-03T00:00:00+00:00'
[2023-10-13T17:18:08.928+0000] {python.py:194} INFO - Done. Returned value was: None
[2023-10-13T17:18:08.994+0000] {taskinstance.py:1398} INFO - Marking task as SUCCESS. dag_id=wikipedia_etl, task_id=raw, execution_date=20231003T000000, start_date=20231013T171804, end_date=20231013T171808
[2023-10-13T17:18:09.045+0000] {local_task_job_runner.py:228} INFO - Task exited with return code 0
[2023-10-13T17:18:09.082+0000] {taskinstance.py:2776} INFO - 1 downstream tasks scheduled from follow-on schedule check
[2023-10-16T11:25:48.061+0000] {taskinstance.py:1157} INFO - Dependencies all met for dep_context=non-requeueable deps ti=<TaskInstance: wikipedia_etl.raw scheduled__2023-10-03T00:00:00+00:00 [queued]>
[2023-10-16T11:25:48.069+0000] {taskinstance.py:1157} INFO - Dependencies all met for dep_context=requeueable deps ti=<TaskInstance: wikipedia_etl.raw scheduled__2023-10-03T00:00:00+00:00 [queued]>
[2023-10-16T11:25:48.070+0000] {taskinstance.py:1359} INFO - Starting attempt 1 of 3
[2023-10-16T11:25:48.082+0000] {taskinstance.py:1380} INFO - Executing <Task(PythonOperator): raw> on 2023-10-03 00:00:00+00:00
[2023-10-16T11:25:48.090+0000] {standard_task_runner.py:57} INFO - Started process 561 to run task
[2023-10-16T11:25:48.094+0000] {standard_task_runner.py:84} INFO - Running: ['***', 'tasks', 'run', 'wikipedia_etl', 'raw', 'scheduled__2023-10-03T00:00:00+00:00', '--job-id', '7', '--raw', '--subdir', 'DAGS_FOLDER/wikipedia_etl.py', '--cfg-path', '/tmp/tmpcrqzn2_n']
[2023-10-16T11:25:48.097+0000] {standard_task_runner.py:85} INFO - Job 7: Subtask raw
[2023-10-16T11:25:48.141+0000] {task_command.py:415} INFO - Running <TaskInstance: wikipedia_etl.raw scheduled__2023-10-03T00:00:00+00:00 [running]> on host ab44499fca46
[2023-10-16T11:25:48.208+0000] {taskinstance.py:1660} INFO - Exporting env vars: AIRFLOW_CTX_DAG_OWNER='***' AIRFLOW_CTX_DAG_ID='wikipedia_etl' AIRFLOW_CTX_TASK_ID='raw' AIRFLOW_CTX_EXECUTION_DATE='2023-10-03T00:00:00+00:00' AIRFLOW_CTX_TRY_NUMBER='1' AIRFLOW_CTX_DAG_RUN_ID='scheduled__2023-10-03T00:00:00+00:00'
[2023-10-16T11:25:52.394+0000] {python.py:194} INFO - Done. Returned value was: None
[2023-10-16T11:25:52.404+0000] {taskinstance.py:1398} INFO - Marking task as SUCCESS. dag_id=wikipedia_etl, task_id=raw, execution_date=20231003T000000, start_date=20231016T112548, end_date=20231016T112552
[2023-10-16T11:25:52.445+0000] {local_task_job_runner.py:228} INFO - Task exited with return code 0
[2023-10-16T11:25:52.469+0000] {taskinstance.py:2776} INFO - 1 downstream tasks scheduled from follow-on schedule check
[2023-10-16T19:08:58.829+0000] {taskinstance.py:1157} INFO - Dependencies all met for dep_context=non-requeueable deps ti=<TaskInstance: wikipedia_etl.raw scheduled__2023-10-03T00:00:00+00:00 [queued]>
[2023-10-16T19:08:58.841+0000] {taskinstance.py:1157} INFO - Dependencies all met for dep_context=requeueable deps ti=<TaskInstance: wikipedia_etl.raw scheduled__2023-10-03T00:00:00+00:00 [queued]>
[2023-10-16T19:08:58.842+0000] {taskinstance.py:1359} INFO - Starting attempt 1 of 3
[2023-10-16T19:08:58.863+0000] {taskinstance.py:1380} INFO - Executing <Task(PythonOperator): raw> on 2023-10-03 00:00:00+00:00
[2023-10-16T19:08:58.872+0000] {standard_task_runner.py:57} INFO - Started process 562 to run task
[2023-10-16T19:08:58.877+0000] {standard_task_runner.py:84} INFO - Running: ['***', 'tasks', 'run', 'wikipedia_etl', 'raw', 'scheduled__2023-10-03T00:00:00+00:00', '--job-id', '7', '--raw', '--subdir', 'DAGS_FOLDER/wikipedia_etl.py', '--cfg-path', '/tmp/tmpgnrzcqas']
[2023-10-16T19:08:58.881+0000] {standard_task_runner.py:85} INFO - Job 7: Subtask raw
[2023-10-16T19:08:58.948+0000] {task_command.py:415} INFO - Running <TaskInstance: wikipedia_etl.raw scheduled__2023-10-03T00:00:00+00:00 [running]> on host 3522330161cc
[2023-10-16T19:08:59.061+0000] {taskinstance.py:1660} INFO - Exporting env vars: AIRFLOW_CTX_DAG_OWNER='***' AIRFLOW_CTX_DAG_ID='wikipedia_etl' AIRFLOW_CTX_TASK_ID='raw' AIRFLOW_CTX_EXECUTION_DATE='2023-10-03T00:00:00+00:00' AIRFLOW_CTX_TRY_NUMBER='1' AIRFLOW_CTX_DAG_RUN_ID='scheduled__2023-10-03T00:00:00+00:00'
[2023-10-16T19:09:03.730+0000] {python.py:194} INFO - Done. Returned value was: None
[2023-10-16T19:09:03.742+0000] {taskinstance.py:1398} INFO - Marking task as SUCCESS. dag_id=wikipedia_etl, task_id=raw, execution_date=20231003T000000, start_date=20231016T190858, end_date=20231016T190903
[2023-10-16T19:09:03.800+0000] {local_task_job_runner.py:228} INFO - Task exited with return code 0
[2023-10-16T19:09:03.828+0000] {taskinstance.py:2776} INFO - 1 downstream tasks scheduled from follow-on schedule check
