[2023-10-11T19:12:50.577+0000] {taskinstance.py:1157} INFO - Dependencies all met for dep_context=non-requeueable deps ti=<TaskInstance: wikipedia_etl.raw scheduled__2023-10-05T00:00:00+00:00 [queued]>
[2023-10-11T19:12:50.629+0000] {taskinstance.py:1157} INFO - Dependencies all met for dep_context=requeueable deps ti=<TaskInstance: wikipedia_etl.raw scheduled__2023-10-05T00:00:00+00:00 [queued]>
[2023-10-11T19:12:50.630+0000] {taskinstance.py:1359} INFO - Starting attempt 1 of 3
[2023-10-11T19:12:50.735+0000] {taskinstance.py:1380} INFO - Executing <Task(PythonOperator): raw> on 2023-10-05 00:00:00+00:00
[2023-10-11T19:12:51.112+0000] {standard_task_runner.py:57} INFO - Started process 169 to run task
[2023-10-11T19:12:51.349+0000] {standard_task_runner.py:84} INFO - Running: ['***', 'tasks', 'run', 'wikipedia_etl', 'raw', 'scheduled__2023-10-05T00:00:00+00:00', '--job-id', '5', '--raw', '--subdir', 'DAGS_FOLDER/wikipedia_etl.py', '--cfg-path', '/tmp/tmp8f5_zkon']
[2023-10-11T19:12:51.368+0000] {standard_task_runner.py:85} INFO - Job 5: Subtask raw
[2023-10-11T19:12:52.229+0000] {task_command.py:415} INFO - Running <TaskInstance: wikipedia_etl.raw scheduled__2023-10-05T00:00:00+00:00 [running]> on host 1b4c7cedd36d
[2023-10-11T19:12:52.595+0000] {taskinstance.py:1660} INFO - Exporting env vars: AIRFLOW_CTX_DAG_OWNER='***' AIRFLOW_CTX_DAG_ID='wikipedia_etl' AIRFLOW_CTX_TASK_ID='raw' AIRFLOW_CTX_EXECUTION_DATE='2023-10-05T00:00:00+00:00' AIRFLOW_CTX_TRY_NUMBER='1' AIRFLOW_CTX_DAG_RUN_ID='scheduled__2023-10-05T00:00:00+00:00'
[2023-10-11T19:27:11.657+0000] {taskinstance.py:1157} INFO - Dependencies all met for dep_context=non-requeueable deps ti=<TaskInstance: wikipedia_etl.raw scheduled__2023-10-05T00:00:00+00:00 [queued]>
[2023-10-11T19:27:11.761+0000] {taskinstance.py:1157} INFO - Dependencies all met for dep_context=requeueable deps ti=<TaskInstance: wikipedia_etl.raw scheduled__2023-10-05T00:00:00+00:00 [queued]>
[2023-10-11T19:27:11.761+0000] {taskinstance.py:1359} INFO - Starting attempt 1 of 3
[2023-10-11T19:27:11.836+0000] {taskinstance.py:1380} INFO - Executing <Task(PythonOperator): raw> on 2023-10-05 00:00:00+00:00
[2023-10-11T19:27:11.851+0000] {standard_task_runner.py:57} INFO - Started process 93 to run task
[2023-10-11T19:27:11.861+0000] {standard_task_runner.py:84} INFO - Running: ['***', 'tasks', 'run', 'wikipedia_etl', 'raw', 'scheduled__2023-10-05T00:00:00+00:00', '--job-id', '4', '--raw', '--subdir', 'DAGS_FOLDER/wikipedia_etl.py', '--cfg-path', '/tmp/tmpgskneoh3']
[2023-10-11T19:27:11.872+0000] {standard_task_runner.py:85} INFO - Job 4: Subtask raw
[2023-10-11T19:27:12.105+0000] {task_command.py:415} INFO - Running <TaskInstance: wikipedia_etl.raw scheduled__2023-10-05T00:00:00+00:00 [running]> on host f711e14c143e
[2023-10-11T19:27:12.339+0000] {taskinstance.py:1660} INFO - Exporting env vars: AIRFLOW_CTX_DAG_OWNER='***' AIRFLOW_CTX_DAG_ID='wikipedia_etl' AIRFLOW_CTX_TASK_ID='raw' AIRFLOW_CTX_EXECUTION_DATE='2023-10-05T00:00:00+00:00' AIRFLOW_CTX_TRY_NUMBER='1' AIRFLOW_CTX_DAG_RUN_ID='scheduled__2023-10-05T00:00:00+00:00'
[2023-10-11T19:27:18.256+0000] {python.py:194} INFO - Done. Returned value was: None
[2023-10-11T19:27:18.289+0000] {taskinstance.py:1398} INFO - Marking task as SUCCESS. dag_id=wikipedia_etl, task_id=raw, execution_date=20231005T000000, start_date=20231011T192711, end_date=20231011T192718
[2023-10-11T19:27:18.358+0000] {local_task_job_runner.py:228} INFO - Task exited with return code 0
[2023-10-11T19:27:18.429+0000] {taskinstance.py:2776} INFO - 1 downstream tasks scheduled from follow-on schedule check
[2023-10-11T19:33:06.574+0000] {taskinstance.py:1157} INFO - Dependencies all met for dep_context=non-requeueable deps ti=<TaskInstance: wikipedia_etl.raw scheduled__2023-10-05T00:00:00+00:00 [queued]>
[2023-10-11T19:33:06.581+0000] {taskinstance.py:1157} INFO - Dependencies all met for dep_context=requeueable deps ti=<TaskInstance: wikipedia_etl.raw scheduled__2023-10-05T00:00:00+00:00 [queued]>
[2023-10-11T19:33:06.581+0000] {taskinstance.py:1359} INFO - Starting attempt 1 of 3
[2023-10-11T19:33:06.593+0000] {taskinstance.py:1380} INFO - Executing <Task(PythonOperator): raw> on 2023-10-05 00:00:00+00:00
[2023-10-11T19:33:06.598+0000] {standard_task_runner.py:57} INFO - Started process 1909 to run task
[2023-10-11T19:33:06.601+0000] {standard_task_runner.py:84} INFO - Running: ['***', 'tasks', 'run', 'wikipedia_etl', 'raw', 'scheduled__2023-10-05T00:00:00+00:00', '--job-id', '31', '--raw', '--subdir', 'DAGS_FOLDER/wikipedia_etl.py', '--cfg-path', '/tmp/tmp2c_ud0cv']
[2023-10-11T19:33:06.603+0000] {standard_task_runner.py:85} INFO - Job 31: Subtask raw
[2023-10-11T19:33:06.647+0000] {task_command.py:415} INFO - Running <TaskInstance: wikipedia_etl.raw scheduled__2023-10-05T00:00:00+00:00 [running]> on host f711e14c143e
[2023-10-11T19:33:06.713+0000] {taskinstance.py:1660} INFO - Exporting env vars: AIRFLOW_CTX_DAG_OWNER='***' AIRFLOW_CTX_DAG_ID='wikipedia_etl' AIRFLOW_CTX_TASK_ID='raw' AIRFLOW_CTX_EXECUTION_DATE='2023-10-05T00:00:00+00:00' AIRFLOW_CTX_TRY_NUMBER='1' AIRFLOW_CTX_DAG_RUN_ID='scheduled__2023-10-05T00:00:00+00:00'
[2023-10-11T19:33:10.899+0000] {python.py:194} INFO - Done. Returned value was: None
[2023-10-11T19:33:10.910+0000] {taskinstance.py:1398} INFO - Marking task as SUCCESS. dag_id=wikipedia_etl, task_id=raw, execution_date=20231005T000000, start_date=20231011T193306, end_date=20231011T193310
[2023-10-11T19:33:10.958+0000] {local_task_job_runner.py:228} INFO - Task exited with return code 0
[2023-10-11T19:33:10.978+0000] {taskinstance.py:2776} INFO - 1 downstream tasks scheduled from follow-on schedule check
[2023-10-11T19:48:34.205+0000] {taskinstance.py:1157} INFO - Dependencies all met for dep_context=non-requeueable deps ti=<TaskInstance: wikipedia_etl.raw scheduled__2023-10-05T00:00:00+00:00 [queued]>
[2023-10-11T19:48:34.211+0000] {taskinstance.py:1157} INFO - Dependencies all met for dep_context=requeueable deps ti=<TaskInstance: wikipedia_etl.raw scheduled__2023-10-05T00:00:00+00:00 [queued]>
[2023-10-11T19:48:34.211+0000] {taskinstance.py:1359} INFO - Starting attempt 1 of 3
[2023-10-11T19:48:34.223+0000] {taskinstance.py:1380} INFO - Executing <Task(PythonOperator): raw> on 2023-10-05 00:00:00+00:00
[2023-10-11T19:48:34.229+0000] {standard_task_runner.py:57} INFO - Started process 4609 to run task
[2023-10-11T19:48:34.232+0000] {standard_task_runner.py:84} INFO - Running: ['***', 'tasks', 'run', 'wikipedia_etl', 'raw', 'scheduled__2023-10-05T00:00:00+00:00', '--job-id', '51', '--raw', '--subdir', 'DAGS_FOLDER/wikipedia_etl.py', '--cfg-path', '/tmp/tmp84wmsy_j']
[2023-10-11T19:48:34.235+0000] {standard_task_runner.py:85} INFO - Job 51: Subtask raw
[2023-10-11T19:48:34.273+0000] {task_command.py:415} INFO - Running <TaskInstance: wikipedia_etl.raw scheduled__2023-10-05T00:00:00+00:00 [running]> on host f711e14c143e
[2023-10-11T19:48:34.333+0000] {taskinstance.py:1660} INFO - Exporting env vars: AIRFLOW_CTX_DAG_OWNER='***' AIRFLOW_CTX_DAG_ID='wikipedia_etl' AIRFLOW_CTX_TASK_ID='raw' AIRFLOW_CTX_EXECUTION_DATE='2023-10-05T00:00:00+00:00' AIRFLOW_CTX_TRY_NUMBER='1' AIRFLOW_CTX_DAG_RUN_ID='scheduled__2023-10-05T00:00:00+00:00'
[2023-10-11T19:48:38.181+0000] {python.py:194} INFO - Done. Returned value was: None
[2023-10-11T19:48:38.193+0000] {taskinstance.py:1398} INFO - Marking task as SUCCESS. dag_id=wikipedia_etl, task_id=raw, execution_date=20231005T000000, start_date=20231011T194834, end_date=20231011T194838
[2023-10-11T19:48:38.231+0000] {local_task_job_runner.py:228} INFO - Task exited with return code 0
[2023-10-11T19:48:38.248+0000] {taskinstance.py:2776} INFO - 1 downstream tasks scheduled from follow-on schedule check
[2023-10-13T17:19:49.851+0000] {taskinstance.py:1157} INFO - Dependencies all met for dep_context=non-requeueable deps ti=<TaskInstance: wikipedia_etl.raw scheduled__2023-10-05T00:00:00+00:00 [queued]>
[2023-10-13T17:19:49.860+0000] {taskinstance.py:1157} INFO - Dependencies all met for dep_context=requeueable deps ti=<TaskInstance: wikipedia_etl.raw scheduled__2023-10-05T00:00:00+00:00 [queued]>
[2023-10-13T17:19:49.860+0000] {taskinstance.py:1359} INFO - Starting attempt 1 of 3
[2023-10-13T17:19:49.873+0000] {taskinstance.py:1380} INFO - Executing <Task(PythonOperator): raw> on 2023-10-05 00:00:00+00:00
[2023-10-13T17:19:49.879+0000] {standard_task_runner.py:57} INFO - Started process 1078 to run task
[2023-10-13T17:19:49.883+0000] {standard_task_runner.py:84} INFO - Running: ['***', 'tasks', 'run', 'wikipedia_etl', 'raw', 'scheduled__2023-10-05T00:00:00+00:00', '--job-id', '11', '--raw', '--subdir', 'DAGS_FOLDER/wikipedia_etl.py', '--cfg-path', '/tmp/tmprqkyfk75']
[2023-10-13T17:19:49.886+0000] {standard_task_runner.py:85} INFO - Job 11: Subtask raw
[2023-10-13T17:19:49.934+0000] {task_command.py:415} INFO - Running <TaskInstance: wikipedia_etl.raw scheduled__2023-10-05T00:00:00+00:00 [running]> on host feba906f3341
[2023-10-13T17:19:50.006+0000] {taskinstance.py:1660} INFO - Exporting env vars: AIRFLOW_CTX_DAG_OWNER='***' AIRFLOW_CTX_DAG_ID='wikipedia_etl' AIRFLOW_CTX_TASK_ID='raw' AIRFLOW_CTX_EXECUTION_DATE='2023-10-05T00:00:00+00:00' AIRFLOW_CTX_TRY_NUMBER='1' AIRFLOW_CTX_DAG_RUN_ID='scheduled__2023-10-05T00:00:00+00:00'
[2023-10-13T17:19:54.437+0000] {python.py:194} INFO - Done. Returned value was: None
[2023-10-13T17:19:54.447+0000] {taskinstance.py:1398} INFO - Marking task as SUCCESS. dag_id=wikipedia_etl, task_id=raw, execution_date=20231005T000000, start_date=20231013T171949, end_date=20231013T171954
[2023-10-13T17:19:54.474+0000] {local_task_job_runner.py:228} INFO - Task exited with return code 0
[2023-10-13T17:19:54.490+0000] {taskinstance.py:2776} INFO - 1 downstream tasks scheduled from follow-on schedule check
[2023-10-16T11:27:19.137+0000] {taskinstance.py:1157} INFO - Dependencies all met for dep_context=non-requeueable deps ti=<TaskInstance: wikipedia_etl.raw scheduled__2023-10-05T00:00:00+00:00 [queued]>
[2023-10-16T11:27:19.146+0000] {taskinstance.py:1157} INFO - Dependencies all met for dep_context=requeueable deps ti=<TaskInstance: wikipedia_etl.raw scheduled__2023-10-05T00:00:00+00:00 [queued]>
[2023-10-16T11:27:19.146+0000] {taskinstance.py:1359} INFO - Starting attempt 1 of 3
[2023-10-16T11:27:19.162+0000] {taskinstance.py:1380} INFO - Executing <Task(PythonOperator): raw> on 2023-10-05 00:00:00+00:00
[2023-10-16T11:27:19.169+0000] {standard_task_runner.py:57} INFO - Started process 1053 to run task
[2023-10-16T11:27:19.172+0000] {standard_task_runner.py:84} INFO - Running: ['***', 'tasks', 'run', 'wikipedia_etl', 'raw', 'scheduled__2023-10-05T00:00:00+00:00', '--job-id', '11', '--raw', '--subdir', 'DAGS_FOLDER/wikipedia_etl.py', '--cfg-path', '/tmp/tmpx1bwtpl5']
[2023-10-16T11:27:19.175+0000] {standard_task_runner.py:85} INFO - Job 11: Subtask raw
[2023-10-16T11:27:19.215+0000] {task_command.py:415} INFO - Running <TaskInstance: wikipedia_etl.raw scheduled__2023-10-05T00:00:00+00:00 [running]> on host ab44499fca46
[2023-10-16T11:27:19.283+0000] {taskinstance.py:1660} INFO - Exporting env vars: AIRFLOW_CTX_DAG_OWNER='***' AIRFLOW_CTX_DAG_ID='wikipedia_etl' AIRFLOW_CTX_TASK_ID='raw' AIRFLOW_CTX_EXECUTION_DATE='2023-10-05T00:00:00+00:00' AIRFLOW_CTX_TRY_NUMBER='1' AIRFLOW_CTX_DAG_RUN_ID='scheduled__2023-10-05T00:00:00+00:00'
[2023-10-16T11:27:23.399+0000] {python.py:194} INFO - Done. Returned value was: None
[2023-10-16T11:27:23.406+0000] {taskinstance.py:1398} INFO - Marking task as SUCCESS. dag_id=wikipedia_etl, task_id=raw, execution_date=20231005T000000, start_date=20231016T112719, end_date=20231016T112723
[2023-10-16T11:27:23.440+0000] {local_task_job_runner.py:228} INFO - Task exited with return code 0
[2023-10-16T11:27:23.458+0000] {taskinstance.py:2776} INFO - 1 downstream tasks scheduled from follow-on schedule check
[2023-10-16T19:10:31.203+0000] {taskinstance.py:1157} INFO - Dependencies all met for dep_context=non-requeueable deps ti=<TaskInstance: wikipedia_etl.raw scheduled__2023-10-05T00:00:00+00:00 [queued]>
[2023-10-16T19:10:31.210+0000] {taskinstance.py:1157} INFO - Dependencies all met for dep_context=requeueable deps ti=<TaskInstance: wikipedia_etl.raw scheduled__2023-10-05T00:00:00+00:00 [queued]>
[2023-10-16T19:10:31.210+0000] {taskinstance.py:1359} INFO - Starting attempt 1 of 3
[2023-10-16T19:10:31.221+0000] {taskinstance.py:1380} INFO - Executing <Task(PythonOperator): raw> on 2023-10-05 00:00:00+00:00
[2023-10-16T19:10:31.227+0000] {standard_task_runner.py:57} INFO - Started process 1032 to run task
[2023-10-16T19:10:31.230+0000] {standard_task_runner.py:84} INFO - Running: ['***', 'tasks', 'run', 'wikipedia_etl', 'raw', 'scheduled__2023-10-05T00:00:00+00:00', '--job-id', '11', '--raw', '--subdir', 'DAGS_FOLDER/wikipedia_etl.py', '--cfg-path', '/tmp/tmpzxzmcqpo']
[2023-10-16T19:10:31.232+0000] {standard_task_runner.py:85} INFO - Job 11: Subtask raw
[2023-10-16T19:10:31.269+0000] {task_command.py:415} INFO - Running <TaskInstance: wikipedia_etl.raw scheduled__2023-10-05T00:00:00+00:00 [running]> on host 3522330161cc
[2023-10-16T19:10:31.328+0000] {taskinstance.py:1660} INFO - Exporting env vars: AIRFLOW_CTX_DAG_OWNER='***' AIRFLOW_CTX_DAG_ID='wikipedia_etl' AIRFLOW_CTX_TASK_ID='raw' AIRFLOW_CTX_EXECUTION_DATE='2023-10-05T00:00:00+00:00' AIRFLOW_CTX_TRY_NUMBER='1' AIRFLOW_CTX_DAG_RUN_ID='scheduled__2023-10-05T00:00:00+00:00'
[2023-10-16T19:10:35.559+0000] {python.py:194} INFO - Done. Returned value was: None
[2023-10-16T19:10:35.566+0000] {taskinstance.py:1398} INFO - Marking task as SUCCESS. dag_id=wikipedia_etl, task_id=raw, execution_date=20231005T000000, start_date=20231016T191031, end_date=20231016T191035
[2023-10-16T19:10:35.618+0000] {local_task_job_runner.py:228} INFO - Task exited with return code 0
[2023-10-16T19:10:35.635+0000] {taskinstance.py:2776} INFO - 1 downstream tasks scheduled from follow-on schedule check
