[2023-10-11T16:50:03.242+0000] {taskinstance.py:1157} INFO - Dependencies all met for dep_context=non-requeueable deps ti=<TaskInstance: wikipedia_etl.trusted scheduled__2023-10-10T00:00:00+00:00 [queued]>
[2023-10-11T16:50:03.249+0000] {taskinstance.py:1157} INFO - Dependencies all met for dep_context=requeueable deps ti=<TaskInstance: wikipedia_etl.trusted scheduled__2023-10-10T00:00:00+00:00 [queued]>
[2023-10-11T16:50:03.250+0000] {taskinstance.py:1359} INFO - Starting attempt 1 of 3
[2023-10-11T16:50:03.261+0000] {taskinstance.py:1380} INFO - Executing <Task(PythonOperator): trusted> on 2023-10-10 00:00:00+00:00
[2023-10-11T16:50:03.265+0000] {standard_task_runner.py:57} INFO - Started process 716 to run task
[2023-10-11T16:50:03.268+0000] {standard_task_runner.py:84} INFO - Running: ['***', 'tasks', 'run', 'wikipedia_etl', 'trusted', 'scheduled__2023-10-10T00:00:00+00:00', '--job-id', '6', '--raw', '--subdir', 'DAGS_FOLDER/wikipedia_etl.py', '--cfg-path', '/tmp/tmpy55jvs9q']
[2023-10-11T16:50:03.270+0000] {standard_task_runner.py:85} INFO - Job 6: Subtask trusted
[2023-10-11T16:50:03.309+0000] {task_command.py:415} INFO - Running <TaskInstance: wikipedia_etl.trusted scheduled__2023-10-10T00:00:00+00:00 [running]> on host 8294e6c9f0c9
[2023-10-11T16:50:03.367+0000] {taskinstance.py:1660} INFO - Exporting env vars: AIRFLOW_CTX_DAG_OWNER='***' AIRFLOW_CTX_DAG_ID='wikipedia_etl' AIRFLOW_CTX_TASK_ID='trusted' AIRFLOW_CTX_EXECUTION_DATE='2023-10-10T00:00:00+00:00' AIRFLOW_CTX_TRY_NUMBER='1' AIRFLOW_CTX_DAG_RUN_ID='scheduled__2023-10-10T00:00:00+00:00'
[2023-10-11T16:50:31.098+0000] {python.py:194} INFO - Done. Returned value was: None
[2023-10-11T16:50:31.110+0000] {taskinstance.py:1398} INFO - Marking task as SUCCESS. dag_id=wikipedia_etl, task_id=trusted, execution_date=20231010T000000, start_date=20231011T165003, end_date=20231011T165031
[2023-10-11T16:50:31.150+0000] {local_task_job_runner.py:228} INFO - Task exited with return code 0
[2023-10-11T16:50:31.165+0000] {taskinstance.py:2776} INFO - 0 downstream tasks scheduled from follow-on schedule check
[2023-10-11T17:12:11.049+0000] {taskinstance.py:1157} INFO - Dependencies all met for dep_context=non-requeueable deps ti=<TaskInstance: wikipedia_etl.trusted scheduled__2023-10-10T00:00:00+00:00 [queued]>
[2023-10-11T17:12:11.057+0000] {taskinstance.py:1157} INFO - Dependencies all met for dep_context=requeueable deps ti=<TaskInstance: wikipedia_etl.trusted scheduled__2023-10-10T00:00:00+00:00 [queued]>
[2023-10-11T17:12:11.057+0000] {taskinstance.py:1359} INFO - Starting attempt 1 of 3
[2023-10-11T17:12:11.070+0000] {taskinstance.py:1380} INFO - Executing <Task(PythonOperator): trusted> on 2023-10-10 00:00:00+00:00
[2023-10-11T17:12:11.073+0000] {standard_task_runner.py:57} INFO - Started process 1307 to run task
[2023-10-11T17:12:11.077+0000] {standard_task_runner.py:84} INFO - Running: ['***', 'tasks', 'run', 'wikipedia_etl', 'trusted', 'scheduled__2023-10-10T00:00:00+00:00', '--job-id', '12', '--raw', '--subdir', 'DAGS_FOLDER/wikipedia_etl.py', '--cfg-path', '/tmp/tmplpsxj4io']
[2023-10-11T17:12:11.080+0000] {standard_task_runner.py:85} INFO - Job 12: Subtask trusted
[2023-10-11T17:12:11.119+0000] {task_command.py:415} INFO - Running <TaskInstance: wikipedia_etl.trusted scheduled__2023-10-10T00:00:00+00:00 [running]> on host 8294e6c9f0c9
[2023-10-11T17:12:11.182+0000] {taskinstance.py:1660} INFO - Exporting env vars: AIRFLOW_CTX_DAG_OWNER='***' AIRFLOW_CTX_DAG_ID='wikipedia_etl' AIRFLOW_CTX_TASK_ID='trusted' AIRFLOW_CTX_EXECUTION_DATE='2023-10-10T00:00:00+00:00' AIRFLOW_CTX_TRY_NUMBER='1' AIRFLOW_CTX_DAG_RUN_ID='scheduled__2023-10-10T00:00:00+00:00'
[2023-10-11T17:12:29.068+0000] {python.py:194} INFO - Done. Returned value was: None
[2023-10-11T17:12:29.080+0000] {taskinstance.py:1398} INFO - Marking task as SUCCESS. dag_id=wikipedia_etl, task_id=trusted, execution_date=20231010T000000, start_date=20231011T171211, end_date=20231011T171229
[2023-10-11T17:12:29.128+0000] {local_task_job_runner.py:228} INFO - Task exited with return code 0
[2023-10-11T17:12:29.141+0000] {taskinstance.py:2776} INFO - 0 downstream tasks scheduled from follow-on schedule check
[2023-10-11T18:10:53.291+0000] {taskinstance.py:1157} INFO - Dependencies all met for dep_context=non-requeueable deps ti=<TaskInstance: wikipedia_etl.trusted scheduled__2023-10-10T00:00:00+00:00 [queued]>
[2023-10-11T18:10:53.298+0000] {taskinstance.py:1157} INFO - Dependencies all met for dep_context=requeueable deps ti=<TaskInstance: wikipedia_etl.trusted scheduled__2023-10-10T00:00:00+00:00 [queued]>
[2023-10-11T18:10:53.299+0000] {taskinstance.py:1359} INFO - Starting attempt 1 of 3
[2023-10-11T18:10:53.309+0000] {taskinstance.py:1380} INFO - Executing <Task(PythonOperator): trusted> on 2023-10-10 00:00:00+00:00
[2023-10-11T18:10:53.315+0000] {standard_task_runner.py:57} INFO - Started process 3289 to run task
[2023-10-11T18:10:53.318+0000] {standard_task_runner.py:84} INFO - Running: ['***', 'tasks', 'run', 'wikipedia_etl', 'trusted', 'scheduled__2023-10-10T00:00:00+00:00', '--job-id', '23', '--raw', '--subdir', 'DAGS_FOLDER/wikipedia_etl.py', '--cfg-path', '/tmp/tmph1y1xj5x']
[2023-10-11T18:10:53.320+0000] {standard_task_runner.py:85} INFO - Job 23: Subtask trusted
[2023-10-11T18:10:53.403+0000] {task_command.py:415} INFO - Running <TaskInstance: wikipedia_etl.trusted scheduled__2023-10-10T00:00:00+00:00 [running]> on host 8294e6c9f0c9
[2023-10-11T18:10:53.462+0000] {taskinstance.py:1660} INFO - Exporting env vars: AIRFLOW_CTX_DAG_OWNER='***' AIRFLOW_CTX_DAG_ID='wikipedia_etl' AIRFLOW_CTX_TASK_ID='trusted' AIRFLOW_CTX_EXECUTION_DATE='2023-10-10T00:00:00+00:00' AIRFLOW_CTX_TRY_NUMBER='1' AIRFLOW_CTX_DAG_RUN_ID='scheduled__2023-10-10T00:00:00+00:00'
[2023-10-11T18:11:22.550+0000] {python.py:194} INFO - Done. Returned value was: None
[2023-10-11T18:11:22.563+0000] {taskinstance.py:1398} INFO - Marking task as SUCCESS. dag_id=wikipedia_etl, task_id=trusted, execution_date=20231010T000000, start_date=20231011T181053, end_date=20231011T181122
[2023-10-11T18:11:22.603+0000] {local_task_job_runner.py:228} INFO - Task exited with return code 0
[2023-10-11T18:11:22.618+0000] {taskinstance.py:2776} INFO - 0 downstream tasks scheduled from follow-on schedule check
[2023-10-11T19:27:43.295+0000] {taskinstance.py:1157} INFO - Dependencies all met for dep_context=non-requeueable deps ti=<TaskInstance: wikipedia_etl.trusted scheduled__2023-10-10T00:00:00+00:00 [queued]>
[2023-10-11T19:27:43.316+0000] {taskinstance.py:1157} INFO - Dependencies all met for dep_context=requeueable deps ti=<TaskInstance: wikipedia_etl.trusted scheduled__2023-10-10T00:00:00+00:00 [queued]>
[2023-10-11T19:27:43.317+0000] {taskinstance.py:1359} INFO - Starting attempt 1 of 3
[2023-10-11T19:27:43.355+0000] {taskinstance.py:1380} INFO - Executing <Task(PythonOperator): trusted> on 2023-10-10 00:00:00+00:00
[2023-10-11T19:27:43.373+0000] {standard_task_runner.py:57} INFO - Started process 596 to run task
[2023-10-11T19:27:43.377+0000] {standard_task_runner.py:84} INFO - Running: ['***', 'tasks', 'run', 'wikipedia_etl', 'trusted', 'scheduled__2023-10-10T00:00:00+00:00', '--job-id', '21', '--raw', '--subdir', 'DAGS_FOLDER/wikipedia_etl.py', '--cfg-path', '/tmp/tmp8agfrlcy']
[2023-10-11T19:27:43.380+0000] {standard_task_runner.py:85} INFO - Job 21: Subtask trusted
[2023-10-11T19:27:43.456+0000] {task_command.py:415} INFO - Running <TaskInstance: wikipedia_etl.trusted scheduled__2023-10-10T00:00:00+00:00 [running]> on host f711e14c143e
[2023-10-11T19:27:43.572+0000] {taskinstance.py:1660} INFO - Exporting env vars: AIRFLOW_CTX_DAG_OWNER='***' AIRFLOW_CTX_DAG_ID='wikipedia_etl' AIRFLOW_CTX_TASK_ID='trusted' AIRFLOW_CTX_EXECUTION_DATE='2023-10-10T00:00:00+00:00' AIRFLOW_CTX_TRY_NUMBER='1' AIRFLOW_CTX_DAG_RUN_ID='scheduled__2023-10-10T00:00:00+00:00'
[2023-10-11T19:28:38.868+0000] {local_task_job_runner.py:294} WARNING - State of this instance has been externally set to None. Terminating instance.
[2023-10-11T19:28:38.870+0000] {process_utils.py:131} INFO - Sending 15 to group 596. PIDs of all processes in the group: [614, 596]
[2023-10-11T19:28:38.871+0000] {process_utils.py:86} INFO - Sending the signal 15 to group 596
[2023-10-11T19:28:38.871+0000] {taskinstance.py:1630} ERROR - Received SIGTERM. Terminating subprocesses.
[2023-10-11T19:28:38.883+0000] {taskinstance.py:1935} ERROR - Task failed with exception
Traceback (most recent call last):
  File "/home/airflow/.local/lib/python3.8/site-packages/airflow/operators/python.py", line 192, in execute
    return_value = self.execute_callable()
  File "/home/airflow/.local/lib/python3.8/site-packages/airflow/operators/python.py", line 209, in execute_callable
    return self.python_callable(*self.op_args, **self.op_kwargs)
  File "/opt/airflow/dags/wikipedia_etl.py", line 133, in trusted
    sc = SparkContext(conf=conf)
  File "/home/airflow/.local/lib/python3.8/site-packages/pyspark/context.py", line 201, in __init__
    SparkContext._ensure_initialized(self, gateway=gateway, conf=conf)
  File "/home/airflow/.local/lib/python3.8/site-packages/pyspark/context.py", line 436, in _ensure_initialized
    SparkContext._gateway = gateway or launch_gateway(conf)
  File "/home/airflow/.local/lib/python3.8/site-packages/pyspark/java_gateway.py", line 104, in launch_gateway
    time.sleep(0.1)
  File "/home/airflow/.local/lib/python3.8/site-packages/airflow/models/taskinstance.py", line 1632, in signal_handler
    raise AirflowException("Task received SIGTERM signal")
airflow.exceptions.AirflowException: Task received SIGTERM signal
[2023-10-11T19:28:38.888+0000] {taskinstance.py:1398} INFO - Marking task as UP_FOR_RETRY. dag_id=wikipedia_etl, task_id=trusted, execution_date=20231010T000000, start_date=20231011T192743, end_date=20231011T192838
[2023-10-11T19:28:38.903+0000] {standard_task_runner.py:104} ERROR - Failed to execute job 21 for task trusted ((psycopg2.errors.ForeignKeyViolation) insert or update on table "task_fail" violates foreign key constraint "task_fail_ti_fkey"
DETAIL:  Key (dag_id, task_id, run_id, map_index)=(wikipedia_etl, trusted, scheduled__2023-10-10T00:00:00+00:00, -1) is not present in table "task_instance".

[SQL: INSERT INTO task_fail (task_id, dag_id, run_id, map_index, start_date, end_date, duration) VALUES (%(task_id)s, %(dag_id)s, %(run_id)s, %(map_index)s, %(start_date)s, %(end_date)s, %(duration)s) RETURNING task_fail.id]
[parameters: {'task_id': 'trusted', 'dag_id': 'wikipedia_etl', 'run_id': 'scheduled__2023-10-10T00:00:00+00:00', 'map_index': -1, 'start_date': datetime.datetime(2023, 10, 11, 19, 27, 43, 300353, tzinfo=Timezone('UTC')), 'end_date': datetime.datetime(2023, 10, 11, 19, 28, 38, 888065, tzinfo=Timezone('UTC')), 'duration': 55}]
(Background on this error at: https://sqlalche.me/e/14/gkpj); 596)
[2023-10-11T19:28:39.004+0000] {process_utils.py:79} INFO - Process psutil.Process(pid=614, status='terminated', started='19:27:42') (614) terminated with exit code None
[2023-10-11T19:28:39.004+0000] {process_utils.py:79} INFO - Process psutil.Process(pid=596, status='terminated', exitcode=1, started='19:27:42') (596) terminated with exit code 1
[2023-10-11T19:36:04.213+0000] {taskinstance.py:1157} INFO - Dependencies all met for dep_context=non-requeueable deps ti=<TaskInstance: wikipedia_etl.trusted scheduled__2023-10-10T00:00:00+00:00 [queued]>
[2023-10-11T19:36:04.221+0000] {taskinstance.py:1157} INFO - Dependencies all met for dep_context=requeueable deps ti=<TaskInstance: wikipedia_etl.trusted scheduled__2023-10-10T00:00:00+00:00 [queued]>
[2023-10-11T19:36:04.221+0000] {taskinstance.py:1359} INFO - Starting attempt 1 of 3
[2023-10-11T19:36:04.232+0000] {taskinstance.py:1380} INFO - Executing <Task(PythonOperator): trusted> on 2023-10-10 00:00:00+00:00
[2023-10-11T19:36:04.237+0000] {standard_task_runner.py:57} INFO - Started process 3176 to run task
[2023-10-11T19:36:04.241+0000] {standard_task_runner.py:84} INFO - Running: ['***', 'tasks', 'run', 'wikipedia_etl', 'trusted', 'scheduled__2023-10-10T00:00:00+00:00', '--job-id', '42', '--raw', '--subdir', 'DAGS_FOLDER/wikipedia_etl.py', '--cfg-path', '/tmp/tmpj5nx0yqd']
[2023-10-11T19:36:04.243+0000] {standard_task_runner.py:85} INFO - Job 42: Subtask trusted
[2023-10-11T19:36:04.285+0000] {task_command.py:415} INFO - Running <TaskInstance: wikipedia_etl.trusted scheduled__2023-10-10T00:00:00+00:00 [running]> on host f711e14c143e
[2023-10-11T19:36:04.353+0000] {taskinstance.py:1660} INFO - Exporting env vars: AIRFLOW_CTX_DAG_OWNER='***' AIRFLOW_CTX_DAG_ID='wikipedia_etl' AIRFLOW_CTX_TASK_ID='trusted' AIRFLOW_CTX_EXECUTION_DATE='2023-10-10T00:00:00+00:00' AIRFLOW_CTX_TRY_NUMBER='1' AIRFLOW_CTX_DAG_RUN_ID='scheduled__2023-10-10T00:00:00+00:00'
[2023-10-11T19:36:31.042+0000] {python.py:194} INFO - Done. Returned value was: None
[2023-10-11T19:36:31.058+0000] {taskinstance.py:1398} INFO - Marking task as SUCCESS. dag_id=wikipedia_etl, task_id=trusted, execution_date=20231010T000000, start_date=20231011T193604, end_date=20231011T193631
[2023-10-11T19:36:31.088+0000] {local_task_job_runner.py:228} INFO - Task exited with return code 0
[2023-10-11T19:36:31.100+0000] {taskinstance.py:2776} INFO - 0 downstream tasks scheduled from follow-on schedule check
[2023-10-11T19:51:50.114+0000] {taskinstance.py:1157} INFO - Dependencies all met for dep_context=non-requeueable deps ti=<TaskInstance: wikipedia_etl.trusted scheduled__2023-10-10T00:00:00+00:00 [queued]>
[2023-10-11T19:51:50.122+0000] {taskinstance.py:1157} INFO - Dependencies all met for dep_context=requeueable deps ti=<TaskInstance: wikipedia_etl.trusted scheduled__2023-10-10T00:00:00+00:00 [queued]>
[2023-10-11T19:51:50.123+0000] {taskinstance.py:1359} INFO - Starting attempt 1 of 3
[2023-10-11T19:51:50.133+0000] {taskinstance.py:1380} INFO - Executing <Task(PythonOperator): trusted> on 2023-10-10 00:00:00+00:00
[2023-10-11T19:51:50.138+0000] {standard_task_runner.py:57} INFO - Started process 5923 to run task
[2023-10-11T19:51:50.140+0000] {standard_task_runner.py:84} INFO - Running: ['***', 'tasks', 'run', 'wikipedia_etl', 'trusted', 'scheduled__2023-10-10T00:00:00+00:00', '--job-id', '62', '--raw', '--subdir', 'DAGS_FOLDER/wikipedia_etl.py', '--cfg-path', '/tmp/tmpq3v1lg8j']
[2023-10-11T19:51:50.142+0000] {standard_task_runner.py:85} INFO - Job 62: Subtask trusted
[2023-10-11T19:51:50.180+0000] {task_command.py:415} INFO - Running <TaskInstance: wikipedia_etl.trusted scheduled__2023-10-10T00:00:00+00:00 [running]> on host f711e14c143e
[2023-10-11T19:51:50.243+0000] {taskinstance.py:1660} INFO - Exporting env vars: AIRFLOW_CTX_DAG_OWNER='***' AIRFLOW_CTX_DAG_ID='wikipedia_etl' AIRFLOW_CTX_TASK_ID='trusted' AIRFLOW_CTX_EXECUTION_DATE='2023-10-10T00:00:00+00:00' AIRFLOW_CTX_TRY_NUMBER='1' AIRFLOW_CTX_DAG_RUN_ID='scheduled__2023-10-10T00:00:00+00:00'
[2023-10-11T19:52:18.736+0000] {python.py:194} INFO - Done. Returned value was: None
[2023-10-11T19:52:18.749+0000] {taskinstance.py:1398} INFO - Marking task as SUCCESS. dag_id=wikipedia_etl, task_id=trusted, execution_date=20231010T000000, start_date=20231011T195150, end_date=20231011T195218
[2023-10-11T19:52:18.778+0000] {local_task_job_runner.py:228} INFO - Task exited with return code 0
[2023-10-11T19:52:18.791+0000] {taskinstance.py:2776} INFO - 0 downstream tasks scheduled from follow-on schedule check
[2023-10-13T17:23:47.266+0000] {taskinstance.py:1157} INFO - Dependencies all met for dep_context=non-requeueable deps ti=<TaskInstance: wikipedia_etl.trusted scheduled__2023-10-10T00:00:00+00:00 [queued]>
[2023-10-13T17:23:47.273+0000] {taskinstance.py:1157} INFO - Dependencies all met for dep_context=requeueable deps ti=<TaskInstance: wikipedia_etl.trusted scheduled__2023-10-10T00:00:00+00:00 [queued]>
[2023-10-13T17:23:47.273+0000] {taskinstance.py:1359} INFO - Starting attempt 1 of 3
[2023-10-13T17:23:47.284+0000] {taskinstance.py:1380} INFO - Executing <Task(PythonOperator): trusted> on 2023-10-10 00:00:00+00:00
[2023-10-13T17:23:47.289+0000] {standard_task_runner.py:57} INFO - Started process 2319 to run task
[2023-10-13T17:23:47.292+0000] {standard_task_runner.py:84} INFO - Running: ['***', 'tasks', 'run', 'wikipedia_etl', 'trusted', 'scheduled__2023-10-10T00:00:00+00:00', '--job-id', '22', '--raw', '--subdir', 'DAGS_FOLDER/wikipedia_etl.py', '--cfg-path', '/tmp/tmpes91cbx0']
[2023-10-13T17:23:47.294+0000] {standard_task_runner.py:85} INFO - Job 22: Subtask trusted
[2023-10-13T17:23:47.332+0000] {task_command.py:415} INFO - Running <TaskInstance: wikipedia_etl.trusted scheduled__2023-10-10T00:00:00+00:00 [running]> on host feba906f3341
[2023-10-13T17:23:47.391+0000] {taskinstance.py:1660} INFO - Exporting env vars: AIRFLOW_CTX_DAG_OWNER='***' AIRFLOW_CTX_DAG_ID='wikipedia_etl' AIRFLOW_CTX_TASK_ID='trusted' AIRFLOW_CTX_EXECUTION_DATE='2023-10-10T00:00:00+00:00' AIRFLOW_CTX_TRY_NUMBER='1' AIRFLOW_CTX_DAG_RUN_ID='scheduled__2023-10-10T00:00:00+00:00'
[2023-10-13T17:24:22.890+0000] {python.py:194} INFO - Done. Returned value was: None
[2023-10-13T17:24:22.901+0000] {taskinstance.py:1398} INFO - Marking task as SUCCESS. dag_id=wikipedia_etl, task_id=trusted, execution_date=20231010T000000, start_date=20231013T172347, end_date=20231013T172422
[2023-10-13T17:24:22.941+0000] {local_task_job_runner.py:228} INFO - Task exited with return code 0
[2023-10-13T17:24:22.952+0000] {taskinstance.py:2776} INFO - 0 downstream tasks scheduled from follow-on schedule check
[2023-10-16T11:30:55.833+0000] {taskinstance.py:1157} INFO - Dependencies all met for dep_context=non-requeueable deps ti=<TaskInstance: wikipedia_etl.trusted scheduled__2023-10-10T00:00:00+00:00 [queued]>
[2023-10-16T11:30:55.841+0000] {taskinstance.py:1157} INFO - Dependencies all met for dep_context=requeueable deps ti=<TaskInstance: wikipedia_etl.trusted scheduled__2023-10-10T00:00:00+00:00 [queued]>
[2023-10-16T11:30:55.841+0000] {taskinstance.py:1359} INFO - Starting attempt 1 of 3
[2023-10-16T11:30:55.852+0000] {taskinstance.py:1380} INFO - Executing <Task(PythonOperator): trusted> on 2023-10-10 00:00:00+00:00
[2023-10-16T11:30:55.859+0000] {standard_task_runner.py:57} INFO - Started process 2319 to run task
[2023-10-16T11:30:55.861+0000] {standard_task_runner.py:84} INFO - Running: ['***', 'tasks', 'run', 'wikipedia_etl', 'trusted', 'scheduled__2023-10-10T00:00:00+00:00', '--job-id', '22', '--raw', '--subdir', 'DAGS_FOLDER/wikipedia_etl.py', '--cfg-path', '/tmp/tmpy3combcu']
[2023-10-16T11:30:55.863+0000] {standard_task_runner.py:85} INFO - Job 22: Subtask trusted
[2023-10-16T11:30:55.900+0000] {task_command.py:415} INFO - Running <TaskInstance: wikipedia_etl.trusted scheduled__2023-10-10T00:00:00+00:00 [running]> on host ab44499fca46
[2023-10-16T11:30:55.965+0000] {taskinstance.py:1660} INFO - Exporting env vars: AIRFLOW_CTX_DAG_OWNER='***' AIRFLOW_CTX_DAG_ID='wikipedia_etl' AIRFLOW_CTX_TASK_ID='trusted' AIRFLOW_CTX_EXECUTION_DATE='2023-10-10T00:00:00+00:00' AIRFLOW_CTX_TRY_NUMBER='1' AIRFLOW_CTX_DAG_RUN_ID='scheduled__2023-10-10T00:00:00+00:00'
[2023-10-16T11:31:27.014+0000] {python.py:194} INFO - Done. Returned value was: None
[2023-10-16T11:31:27.029+0000] {taskinstance.py:1398} INFO - Marking task as SUCCESS. dag_id=wikipedia_etl, task_id=trusted, execution_date=20231010T000000, start_date=20231016T113055, end_date=20231016T113127
[2023-10-16T11:31:27.070+0000] {local_task_job_runner.py:228} INFO - Task exited with return code 0
[2023-10-16T11:31:27.083+0000] {taskinstance.py:2776} INFO - 0 downstream tasks scheduled from follow-on schedule check
[2023-10-16T19:14:15.625+0000] {taskinstance.py:1157} INFO - Dependencies all met for dep_context=non-requeueable deps ti=<TaskInstance: wikipedia_etl.trusted scheduled__2023-10-10T00:00:00+00:00 [queued]>
[2023-10-16T19:14:15.633+0000] {taskinstance.py:1157} INFO - Dependencies all met for dep_context=requeueable deps ti=<TaskInstance: wikipedia_etl.trusted scheduled__2023-10-10T00:00:00+00:00 [queued]>
[2023-10-16T19:14:15.633+0000] {taskinstance.py:1359} INFO - Starting attempt 1 of 3
[2023-10-16T19:14:15.646+0000] {taskinstance.py:1380} INFO - Executing <Task(PythonOperator): trusted> on 2023-10-10 00:00:00+00:00
[2023-10-16T19:14:15.652+0000] {standard_task_runner.py:57} INFO - Started process 2241 to run task
[2023-10-16T19:14:15.655+0000] {standard_task_runner.py:84} INFO - Running: ['***', 'tasks', 'run', 'wikipedia_etl', 'trusted', 'scheduled__2023-10-10T00:00:00+00:00', '--job-id', '22', '--raw', '--subdir', 'DAGS_FOLDER/wikipedia_etl.py', '--cfg-path', '/tmp/tmp38_a009z']
[2023-10-16T19:14:15.657+0000] {standard_task_runner.py:85} INFO - Job 22: Subtask trusted
[2023-10-16T19:14:15.694+0000] {task_command.py:415} INFO - Running <TaskInstance: wikipedia_etl.trusted scheduled__2023-10-10T00:00:00+00:00 [running]> on host 3522330161cc
[2023-10-16T19:14:15.764+0000] {taskinstance.py:1660} INFO - Exporting env vars: AIRFLOW_CTX_DAG_OWNER='***' AIRFLOW_CTX_DAG_ID='wikipedia_etl' AIRFLOW_CTX_TASK_ID='trusted' AIRFLOW_CTX_EXECUTION_DATE='2023-10-10T00:00:00+00:00' AIRFLOW_CTX_TRY_NUMBER='1' AIRFLOW_CTX_DAG_RUN_ID='scheduled__2023-10-10T00:00:00+00:00'
