[2023-10-11T19:12:50.436+0000] {taskinstance.py:1157} INFO - Dependencies all met for dep_context=non-requeueable deps ti=<TaskInstance: wikipedia_etl.raw scheduled__2023-10-08T00:00:00+00:00 [queued]>
[2023-10-11T19:12:50.656+0000] {taskinstance.py:1157} INFO - Dependencies all met for dep_context=requeueable deps ti=<TaskInstance: wikipedia_etl.raw scheduled__2023-10-08T00:00:00+00:00 [queued]>
[2023-10-11T19:12:50.657+0000] {taskinstance.py:1359} INFO - Starting attempt 1 of 3
[2023-10-11T19:12:50.809+0000] {taskinstance.py:1380} INFO - Executing <Task(PythonOperator): raw> on 2023-10-08 00:00:00+00:00
[2023-10-11T19:12:51.012+0000] {standard_task_runner.py:57} INFO - Started process 168 to run task
[2023-10-11T19:12:51.093+0000] {standard_task_runner.py:84} INFO - Running: ['***', 'tasks', 'run', 'wikipedia_etl', 'raw', 'scheduled__2023-10-08T00:00:00+00:00', '--job-id', '6', '--raw', '--subdir', 'DAGS_FOLDER/wikipedia_etl.py', '--cfg-path', '/tmp/tmp1enin_j6']
[2023-10-11T19:12:51.393+0000] {standard_task_runner.py:85} INFO - Job 6: Subtask raw
[2023-10-11T19:12:51.943+0000] {task_command.py:415} INFO - Running <TaskInstance: wikipedia_etl.raw scheduled__2023-10-08T00:00:00+00:00 [running]> on host 1b4c7cedd36d
[2023-10-11T19:12:52.832+0000] {taskinstance.py:1660} INFO - Exporting env vars: AIRFLOW_CTX_DAG_OWNER='***' AIRFLOW_CTX_DAG_ID='wikipedia_etl' AIRFLOW_CTX_TASK_ID='raw' AIRFLOW_CTX_EXECUTION_DATE='2023-10-08T00:00:00+00:00' AIRFLOW_CTX_TRY_NUMBER='1' AIRFLOW_CTX_DAG_RUN_ID='scheduled__2023-10-08T00:00:00+00:00'
[2023-10-11T19:27:12.203+0000] {taskinstance.py:1157} INFO - Dependencies all met for dep_context=non-requeueable deps ti=<TaskInstance: wikipedia_etl.raw scheduled__2023-10-08T00:00:00+00:00 [queued]>
[2023-10-11T19:27:12.243+0000] {taskinstance.py:1157} INFO - Dependencies all met for dep_context=requeueable deps ti=<TaskInstance: wikipedia_etl.raw scheduled__2023-10-08T00:00:00+00:00 [queued]>
[2023-10-11T19:27:12.244+0000] {taskinstance.py:1359} INFO - Starting attempt 1 of 3
[2023-10-11T19:27:12.294+0000] {taskinstance.py:1380} INFO - Executing <Task(PythonOperator): raw> on 2023-10-08 00:00:00+00:00
[2023-10-11T19:27:12.310+0000] {standard_task_runner.py:57} INFO - Started process 96 to run task
[2023-10-11T19:27:12.324+0000] {standard_task_runner.py:84} INFO - Running: ['***', 'tasks', 'run', 'wikipedia_etl', 'raw', 'scheduled__2023-10-08T00:00:00+00:00', '--job-id', '11', '--raw', '--subdir', 'DAGS_FOLDER/wikipedia_etl.py', '--cfg-path', '/tmp/tmpt0jef4ht']
[2023-10-11T19:27:12.328+0000] {standard_task_runner.py:85} INFO - Job 11: Subtask raw
[2023-10-11T19:27:12.464+0000] {task_command.py:415} INFO - Running <TaskInstance: wikipedia_etl.raw scheduled__2023-10-08T00:00:00+00:00 [running]> on host f711e14c143e
[2023-10-11T19:27:12.646+0000] {taskinstance.py:1660} INFO - Exporting env vars: AIRFLOW_CTX_DAG_OWNER='***' AIRFLOW_CTX_DAG_ID='wikipedia_etl' AIRFLOW_CTX_TASK_ID='raw' AIRFLOW_CTX_EXECUTION_DATE='2023-10-08T00:00:00+00:00' AIRFLOW_CTX_TRY_NUMBER='1' AIRFLOW_CTX_DAG_RUN_ID='scheduled__2023-10-08T00:00:00+00:00'
[2023-10-11T19:27:18.234+0000] {python.py:194} INFO - Done. Returned value was: None
[2023-10-11T19:27:18.245+0000] {taskinstance.py:1398} INFO - Marking task as SUCCESS. dag_id=wikipedia_etl, task_id=raw, execution_date=20231008T000000, start_date=20231011T192712, end_date=20231011T192718
[2023-10-11T19:27:18.320+0000] {local_task_job_runner.py:228} INFO - Task exited with return code 0
[2023-10-11T19:27:18.368+0000] {taskinstance.py:2776} INFO - 1 downstream tasks scheduled from follow-on schedule check
[2023-10-11T19:34:47.616+0000] {taskinstance.py:1157} INFO - Dependencies all met for dep_context=non-requeueable deps ti=<TaskInstance: wikipedia_etl.raw scheduled__2023-10-08T00:00:00+00:00 [queued]>
[2023-10-11T19:34:47.624+0000] {taskinstance.py:1157} INFO - Dependencies all met for dep_context=requeueable deps ti=<TaskInstance: wikipedia_etl.raw scheduled__2023-10-08T00:00:00+00:00 [queued]>
[2023-10-11T19:34:47.625+0000] {taskinstance.py:1359} INFO - Starting attempt 1 of 3
[2023-10-11T19:34:47.634+0000] {taskinstance.py:1380} INFO - Executing <Task(PythonOperator): raw> on 2023-10-08 00:00:00+00:00
[2023-10-11T19:34:47.641+0000] {standard_task_runner.py:57} INFO - Started process 2657 to run task
[2023-10-11T19:34:47.643+0000] {standard_task_runner.py:84} INFO - Running: ['***', 'tasks', 'run', 'wikipedia_etl', 'raw', 'scheduled__2023-10-08T00:00:00+00:00', '--job-id', '37', '--raw', '--subdir', 'DAGS_FOLDER/wikipedia_etl.py', '--cfg-path', '/tmp/tmp6jprgbo0']
[2023-10-11T19:34:47.645+0000] {standard_task_runner.py:85} INFO - Job 37: Subtask raw
[2023-10-11T19:34:47.685+0000] {task_command.py:415} INFO - Running <TaskInstance: wikipedia_etl.raw scheduled__2023-10-08T00:00:00+00:00 [running]> on host f711e14c143e
[2023-10-11T19:34:47.745+0000] {taskinstance.py:1660} INFO - Exporting env vars: AIRFLOW_CTX_DAG_OWNER='***' AIRFLOW_CTX_DAG_ID='wikipedia_etl' AIRFLOW_CTX_TASK_ID='raw' AIRFLOW_CTX_EXECUTION_DATE='2023-10-08T00:00:00+00:00' AIRFLOW_CTX_TRY_NUMBER='1' AIRFLOW_CTX_DAG_RUN_ID='scheduled__2023-10-08T00:00:00+00:00'
[2023-10-11T19:34:51.575+0000] {python.py:194} INFO - Done. Returned value was: None
[2023-10-11T19:34:51.586+0000] {taskinstance.py:1398} INFO - Marking task as SUCCESS. dag_id=wikipedia_etl, task_id=raw, execution_date=20231008T000000, start_date=20231011T193447, end_date=20231011T193451
[2023-10-11T19:34:51.639+0000] {local_task_job_runner.py:228} INFO - Task exited with return code 0
[2023-10-11T19:34:51.662+0000] {taskinstance.py:2776} INFO - 1 downstream tasks scheduled from follow-on schedule check
[2023-10-11T19:50:28.572+0000] {taskinstance.py:1157} INFO - Dependencies all met for dep_context=non-requeueable deps ti=<TaskInstance: wikipedia_etl.raw scheduled__2023-10-08T00:00:00+00:00 [queued]>
[2023-10-11T19:50:28.579+0000] {taskinstance.py:1157} INFO - Dependencies all met for dep_context=requeueable deps ti=<TaskInstance: wikipedia_etl.raw scheduled__2023-10-08T00:00:00+00:00 [queued]>
[2023-10-11T19:50:28.579+0000] {taskinstance.py:1359} INFO - Starting attempt 1 of 3
[2023-10-11T19:50:28.589+0000] {taskinstance.py:1380} INFO - Executing <Task(PythonOperator): raw> on 2023-10-08 00:00:00+00:00
[2023-10-11T19:50:28.594+0000] {standard_task_runner.py:57} INFO - Started process 5387 to run task
[2023-10-11T19:50:28.597+0000] {standard_task_runner.py:84} INFO - Running: ['***', 'tasks', 'run', 'wikipedia_etl', 'raw', 'scheduled__2023-10-08T00:00:00+00:00', '--job-id', '57', '--raw', '--subdir', 'DAGS_FOLDER/wikipedia_etl.py', '--cfg-path', '/tmp/tmpdi85jn1g']
[2023-10-11T19:50:28.599+0000] {standard_task_runner.py:85} INFO - Job 57: Subtask raw
[2023-10-11T19:50:28.638+0000] {task_command.py:415} INFO - Running <TaskInstance: wikipedia_etl.raw scheduled__2023-10-08T00:00:00+00:00 [running]> on host f711e14c143e
[2023-10-11T19:50:28.699+0000] {taskinstance.py:1660} INFO - Exporting env vars: AIRFLOW_CTX_DAG_OWNER='***' AIRFLOW_CTX_DAG_ID='wikipedia_etl' AIRFLOW_CTX_TASK_ID='raw' AIRFLOW_CTX_EXECUTION_DATE='2023-10-08T00:00:00+00:00' AIRFLOW_CTX_TRY_NUMBER='1' AIRFLOW_CTX_DAG_RUN_ID='scheduled__2023-10-08T00:00:00+00:00'
[2023-10-11T19:50:32.782+0000] {python.py:194} INFO - Done. Returned value was: None
[2023-10-11T19:50:32.792+0000] {taskinstance.py:1398} INFO - Marking task as SUCCESS. dag_id=wikipedia_etl, task_id=raw, execution_date=20231008T000000, start_date=20231011T195028, end_date=20231011T195032
[2023-10-11T19:50:32.835+0000] {local_task_job_runner.py:228} INFO - Task exited with return code 0
[2023-10-11T19:50:32.852+0000] {taskinstance.py:2776} INFO - 1 downstream tasks scheduled from follow-on schedule check
[2023-10-13T17:22:06.666+0000] {taskinstance.py:1157} INFO - Dependencies all met for dep_context=non-requeueable deps ti=<TaskInstance: wikipedia_etl.raw scheduled__2023-10-08T00:00:00+00:00 [queued]>
[2023-10-13T17:22:06.672+0000] {taskinstance.py:1157} INFO - Dependencies all met for dep_context=requeueable deps ti=<TaskInstance: wikipedia_etl.raw scheduled__2023-10-08T00:00:00+00:00 [queued]>
[2023-10-13T17:22:06.673+0000] {taskinstance.py:1359} INFO - Starting attempt 1 of 3
[2023-10-13T17:22:06.683+0000] {taskinstance.py:1380} INFO - Executing <Task(PythonOperator): raw> on 2023-10-08 00:00:00+00:00
[2023-10-13T17:22:06.689+0000] {standard_task_runner.py:57} INFO - Started process 1814 to run task
[2023-10-13T17:22:06.692+0000] {standard_task_runner.py:84} INFO - Running: ['***', 'tasks', 'run', 'wikipedia_etl', 'raw', 'scheduled__2023-10-08T00:00:00+00:00', '--job-id', '17', '--raw', '--subdir', 'DAGS_FOLDER/wikipedia_etl.py', '--cfg-path', '/tmp/tmp0dpagpkj']
[2023-10-13T17:22:06.695+0000] {standard_task_runner.py:85} INFO - Job 17: Subtask raw
[2023-10-13T17:22:06.736+0000] {task_command.py:415} INFO - Running <TaskInstance: wikipedia_etl.raw scheduled__2023-10-08T00:00:00+00:00 [running]> on host feba906f3341
[2023-10-13T17:22:06.807+0000] {taskinstance.py:1660} INFO - Exporting env vars: AIRFLOW_CTX_DAG_OWNER='***' AIRFLOW_CTX_DAG_ID='wikipedia_etl' AIRFLOW_CTX_TASK_ID='raw' AIRFLOW_CTX_EXECUTION_DATE='2023-10-08T00:00:00+00:00' AIRFLOW_CTX_TRY_NUMBER='1' AIRFLOW_CTX_DAG_RUN_ID='scheduled__2023-10-08T00:00:00+00:00'
[2023-10-13T17:22:11.105+0000] {python.py:194} INFO - Done. Returned value was: None
[2023-10-13T17:22:11.115+0000] {taskinstance.py:1398} INFO - Marking task as SUCCESS. dag_id=wikipedia_etl, task_id=raw, execution_date=20231008T000000, start_date=20231013T172206, end_date=20231013T172211
[2023-10-13T17:22:11.166+0000] {local_task_job_runner.py:228} INFO - Task exited with return code 0
[2023-10-13T17:22:11.182+0000] {taskinstance.py:2776} INFO - 1 downstream tasks scheduled from follow-on schedule check
[2023-10-16T11:29:28.655+0000] {taskinstance.py:1157} INFO - Dependencies all met for dep_context=non-requeueable deps ti=<TaskInstance: wikipedia_etl.raw scheduled__2023-10-08T00:00:00+00:00 [queued]>
[2023-10-16T11:29:28.662+0000] {taskinstance.py:1157} INFO - Dependencies all met for dep_context=requeueable deps ti=<TaskInstance: wikipedia_etl.raw scheduled__2023-10-08T00:00:00+00:00 [queued]>
[2023-10-16T11:29:28.663+0000] {taskinstance.py:1359} INFO - Starting attempt 1 of 3
[2023-10-16T11:29:28.676+0000] {taskinstance.py:1380} INFO - Executing <Task(PythonOperator): raw> on 2023-10-08 00:00:00+00:00
[2023-10-16T11:29:28.683+0000] {standard_task_runner.py:57} INFO - Started process 1780 to run task
[2023-10-16T11:29:28.686+0000] {standard_task_runner.py:84} INFO - Running: ['***', 'tasks', 'run', 'wikipedia_etl', 'raw', 'scheduled__2023-10-08T00:00:00+00:00', '--job-id', '17', '--raw', '--subdir', 'DAGS_FOLDER/wikipedia_etl.py', '--cfg-path', '/tmp/tmpphppvz43']
[2023-10-16T11:29:28.689+0000] {standard_task_runner.py:85} INFO - Job 17: Subtask raw
[2023-10-16T11:29:28.727+0000] {task_command.py:415} INFO - Running <TaskInstance: wikipedia_etl.raw scheduled__2023-10-08T00:00:00+00:00 [running]> on host ab44499fca46
[2023-10-16T11:29:28.800+0000] {taskinstance.py:1660} INFO - Exporting env vars: AIRFLOW_CTX_DAG_OWNER='***' AIRFLOW_CTX_DAG_ID='wikipedia_etl' AIRFLOW_CTX_TASK_ID='raw' AIRFLOW_CTX_EXECUTION_DATE='2023-10-08T00:00:00+00:00' AIRFLOW_CTX_TRY_NUMBER='1' AIRFLOW_CTX_DAG_RUN_ID='scheduled__2023-10-08T00:00:00+00:00'
[2023-10-16T11:29:32.877+0000] {python.py:194} INFO - Done. Returned value was: None
[2023-10-16T11:29:32.886+0000] {taskinstance.py:1398} INFO - Marking task as SUCCESS. dag_id=wikipedia_etl, task_id=raw, execution_date=20231008T000000, start_date=20231016T112928, end_date=20231016T112932
[2023-10-16T11:29:32.911+0000] {local_task_job_runner.py:228} INFO - Task exited with return code 0
[2023-10-16T11:29:32.925+0000] {taskinstance.py:2776} INFO - 1 downstream tasks scheduled from follow-on schedule check
